#
# There is insufficient memory for the Java Runtime Environment to continue.
# Native memory allocation (malloc) failed to allocate 1892336 bytes for Chunk::new
# Possible reasons:
#   The system is out of physical RAM or swap space
#   The process is running with CompressedOops enabled, and the Java Heap may be blocking the growth of the native heap
# Possible solutions:
#   Reduce memory load on the system
#   Increase physical memory or swap space
#   Check if swap backing store is full
#   Decrease Java heap size (-Xmx/-Xms)
#   Decrease number of Java threads
#   Decrease Java thread stack sizes (-Xss)
#   Set larger code cache with -XX:ReservedCodeCacheSize=
#   JVM is running with Unscaled Compressed Oops mode in which the Java heap is
#     placed in the first 4GB address space. The Java Heap base address is the
#     maximum limit for the native heap growth. Please use -XX:HeapBaseMinAddress
#     to set the Java Heap base and to place the Java Heap above 4GB virtual address.
# This output file may be truncated or incomplete.
#
#  Out of Memory Error (./src/hotspot/share/memory/arena.cpp:197), pid=6204, tid=5832
#
# JRE version: OpenJDK Runtime Environment (11.0.8+10) (build 11.0.8+10-b944.6842174)
# Java VM: OpenJDK 64-Bit Server VM (11.0.8+10-b944.6842174, mixed mode, tiered, compressed oops, g1 gc, windows-amd64)
# No core dump will be written. Minidumps are not enabled by default on client versions of Windows
#

---------------  S U M M A R Y ------------

Command Line: --add-opens=java.base/java.util=ALL-UNNAMED --add-opens=java.base/java.lang=ALL-UNNAMED --add-opens=java.base/java.lang.invoke=ALL-UNNAMED --add-opens=java.prefs/java.util.prefs=ALL-UNNAMED -Xmx2048m -Dfile.encoding=UTF-8 -Duser.country=RU -Duser.language=ru -Duser.variant org.gradle.launcher.daemon.bootstrap.GradleDaemon 6.7.1

Host: Intel(R) Core(TM) i5-3230M CPU @ 2.60GHz, 4 cores, 7G,  Windows 8.1 , 64 bit Build 9600 (6.3.9600.20062)
Time: Mon Oct 18 21:55:09 2021 RTZ 2 (ceia) elapsed time: 196 seconds (0d 0h 3m 16s)

---------------  T H R E A D  ---------------

Current thread (0x000000dbedd46800):  JavaThread "C2 CompilerThread0" daemon [_thread_in_native, id=5832, stack(0x000000dbee6d0000,0x000000dbee7d0000)]


Current CompileTask:
C2: 196620 16395       4       org.objectweb.asm.Frame::execute (2318 bytes)

Stack: [0x000000dbee6d0000,0x000000dbee7d0000]
Native frames: (J=compiled Java code, j=interpreted, Vv=VM code, C=native code)
V  [jvm.dll+0x5de50a]
V  [jvm.dll+0x7122f5]
V  [jvm.dll+0x71384d]
V  [jvm.dll+0x713f03]
V  [jvm.dll+0x23e728]
V  [jvm.dll+0xb899c]
V  [jvm.dll+0xb8e9c]
V  [jvm.dll+0x35020b]
V  [jvm.dll+0x31dea3]
V  [jvm.dll+0x31d39a]
V  [jvm.dll+0x1f7702]
V  [jvm.dll+0x1f68d4]
V  [jvm.dll+0x17f32c]
V  [jvm.dll+0x205047]
V  [jvm.dll+0x203891]
V  [jvm.dll+0x6dad3f]
V  [jvm.dll+0x6d3895]
V  [jvm.dll+0x5dd4a6]
C  [ucrtbase.DLL+0x1f4a0]
C  [KERNEL32.DLL+0x1412]
C  [ntdll.dll+0x154f4]


---------------  P R O C E S S  ---------------

Threads class SMR info:
_java_thread_list=0x000000db803e1590, length=144, elements={
0x000000dbd3591800, 0x000000dbedd27800, 0x000000dbedd28800, 0x000000dbedd41800,
0x000000dbedd42800, 0x000000dbedd46800, 0x000000dbedd94000, 0x000000dbedd9d800,
0x000000dbedef7800, 0x000000dbedf10800, 0x000000dbf0568000, 0x000000dbeffa6800,
0x000000dbef9d4800, 0x000000dbf0b25000, 0x000000dbf0b26000, 0x000000dbf0b27000,
0x000000dbf427c000, 0x000000dbf4281000, 0x000000dbf5345800, 0x000000dbf533a800,
0x000000dbf533b000, 0x000000dbf5342800, 0x000000dbf5343800, 0x000000dbf5341000,
0x000000dbf5344000, 0x000000dbf5341800, 0x000000dbf5346800, 0x000000dbf5347800,
0x000000dbf5345000, 0x000000dbf5348000, 0x000000dbf5349000, 0x000000dbf427d000,
0x000000dbf4280000, 0x000000dbf427d800, 0x000000dbf427e800, 0x000000dbf4282000,
0x000000dbf4284800, 0x000000dbf4283800, 0x000000dbf4282800, 0x000000dbf4286800,
0x000000dbf4287800, 0x000000dbf4286000, 0x000000dbf46fa000, 0x000000dbf46fb000,
0x000000dbf46fe000, 0x000000dbf46fd000, 0x000000dbf4700800, 0x000000dbf4701800,
0x000000dbf46ff000, 0x000000dbf4702000, 0x000000dbf46ff800, 0x000000dbf4705800,
0x000000dbf4704000, 0x000000dbf4703000, 0x000000dbf4706000, 0x000000dbf4707000,
0x000000dbf4704800, 0x000000dbf4708000, 0x000000dbf4708800, 0x000000dbf735f000,
0x000000dbf735e000, 0x000000dbf7360800, 0x000000dbf7361800, 0x000000dbf7360000,
0x000000dbf7362800, 0x000000dbf7364000, 0x000000dbf7364800, 0x000000dbf7365800,
0x000000dbf7363000, 0x000000dbf7368000, 0x000000dbf7367000, 0x000000dbf7366800,
0x000000dbf7369800, 0x000000dbf7369000, 0x000000dbf736d000, 0x000000dbf736a800,
0x000000dbf736b800, 0x000000dbf736c000, 0x000000dbf51e5800, 0x000000dbf51e3800,
0x000000dbf51e4000, 0x000000dbf51e5000, 0x000000dbf51e9000, 0x000000dbf51e6800,
0x000000dbf51e7800, 0x000000dbf51e8000, 0x000000dbf51ea000, 0x000000dbf51ec800,
0x000000dbf51ed000, 0x000000dbf51ea800, 0x000000dbf51eb800, 0x000000dbf51ef800,
0x000000dbf51ee800, 0x000000dbf51f0800, 0x000000dbf51ee000, 0x000000dbf51f2000,
0x000000dbf51f1000, 0x000000dbf7a1a800, 0x000000dbf7a1b000, 0x000000dbf7a1d000,
0x000000dbf7a1d800, 0x000000dbf7a1e800, 0x000000dbf7a1c000, 0x000000dbf7a20000,
0x000000dbf7a1f800, 0x000000dbf7a23800, 0x000000dbf7a21000, 0x000000dbf7a21800,
0x000000dbf7a22800, 0x000000dbf7a26000, 0x000000dbf7a26800, 0x000000dbf7a24000,
0x000000dbf7a25000, 0x000000dbf7a27800, 0x000000dbf7a28000, 0x000000dbf7a29000,
0x000000dbf3a97800, 0x000000dbf3a97000, 0x000000dbf3a98800, 0x000000dbf3a96000,
0x000000dbf3a9b000, 0x000000dbf3a99800, 0x000000dbf3a9c800, 0x000000dbf3a9c000,
0x000000dbf3a9a000, 0x000000dbf3a9d800, 0x000000dbf3aa0800, 0x000000dbf3aa0000,
0x000000dbf3a9f000, 0x000000dbf3a9e000, 0x000000dbf3aa3000, 0x000000dbf3aa2800,
0x000000dbf3aa5000, 0x000000dbf533c000, 0x000000dbf533f000, 0x000000dbf533c800,
0x000000dbf5340000, 0x000000dbf533e800, 0x000000dbf533d800, 0x000000dbf4285000,
0x000000dbf4288800, 0x000000dbf428a000, 0x000000dbf4289000, 0x000000dbf46fb800
}

Java Threads: ( => current thread )
  0x000000dbd3591800 JavaThread "main" [_thread_blocked, id=3080, stack(0x000000dbd2c00000,0x000000dbd2d00000)]
  0x000000dbedd27800 JavaThread "Reference Handler" daemon [_thread_blocked, id=5196, stack(0x000000dbee1f0000,0x000000dbee2f0000)]
  0x000000dbedd28800 JavaThread "Finalizer" daemon [_thread_blocked, id=3220, stack(0x000000dbee2f0000,0x000000dbee3f0000)]
  0x000000dbedd41800 JavaThread "Signal Dispatcher" daemon [_thread_blocked, id=3944, stack(0x000000dbee4d0000,0x000000dbee5d0000)]
  0x000000dbedd42800 JavaThread "Attach Listener" daemon [_thread_blocked, id=6952, stack(0x000000dbee5d0000,0x000000dbee6d0000)]
=>0x000000dbedd46800 JavaThread "C2 CompilerThread0" daemon [_thread_in_native, id=5832, stack(0x000000dbee6d0000,0x000000dbee7d0000)]
  0x000000dbedd94000 JavaThread "C1 CompilerThread0" daemon [_thread_blocked, id=4120, stack(0x000000dbee7d0000,0x000000dbee8d0000)]
  0x000000dbedd9d800 JavaThread "Sweeper thread" daemon [_thread_blocked, id=7924, stack(0x000000dbee8d0000,0x000000dbee9d0000)]
  0x000000dbedef7800 JavaThread "Common-Cleaner" daemon [_thread_blocked, id=8020, stack(0x000000dbee9d0000,0x000000dbeead0000)]
  0x000000dbedf10800 JavaThread "Service Thread" daemon [_thread_blocked, id=8096, stack(0x000000dbeead0000,0x000000dbeebd0000)]
  0x000000dbf0568000 JavaThread "Daemon health stats" [_thread_blocked, id=7316, stack(0x000000dbf1b70000,0x000000dbf1c70000)]
  0x000000dbeffa6800 JavaThread "Incoming local TCP Connector on port 56030" [_thread_in_native, id=6096, stack(0x000000dbf2070000,0x000000dbf2170000)]
  0x000000dbef9d4800 JavaThread "Daemon periodic checks" [_thread_blocked, id=7492, stack(0x000000dbf2460000,0x000000dbf2560000)]
  0x000000dbf0b25000 JavaThread "Cache worker for file hash cache (C:\Users\Admin\.gradle\caches\6.7.1\fileHashes)" [_thread_blocked, id=2992, stack(0x000000dbf2f60000,0x000000dbf3060000)]
  0x000000dbf0b26000 JavaThread "File lock request listener" [_thread_in_native, id=5612, stack(0x000000dbf3160000,0x000000dbf3260000)]
  0x000000dbf0b27000 JavaThread "Cache worker for journal cache (C:\Users\Admin\.gradle\caches\journal-1)" [_thread_blocked, id=7564, stack(0x000000dbef4d0000,0x000000dbef5d0000)]
  0x000000dbf427c000 JavaThread "Cache worker for execution history cache (C:\Users\Admin\.gradle\caches\6.7.1\executionHistory)" [_thread_blocked, id=6676, stack(0x000000dbf5f70000,0x000000dbf6070000)]
  0x000000dbf4281000 JavaThread "Cache worker for file content cache (C:\Users\Admin\.gradle\caches\6.7.1\fileContent)" [_thread_blocked, id=5440, stack(0x000000dbf6670000,0x000000dbf6770000)]
  0x000000dbf5345800 JavaThread "Memory manager" [_thread_blocked, id=6648, stack(0x000000dbfeea0000,0x000000dbfefa0000)]
  0x000000dbf533a800 JavaThread "Daemon Thread 2" [_thread_blocked, id=7376, stack(0x000000db811d0000,0x000000db812d0000)]
  0x000000dbf533b000 JavaThread "Daemon worker Thread 2" [_thread_blocked, id=1416, stack(0x000000db81950000,0x000000db81a50000)]
  0x000000dbf5342800 JavaThread "jar transforms Thread 98" [_thread_blocked, id=7108, stack(0x000000db822b0000,0x000000db823b0000)]
  0x000000dbf5343800 JavaThread "jar transforms Thread 99" [_thread_blocked, id=5932, stack(0x000000db823b0000,0x000000db824b0000)]
  0x000000dbf5341000 JavaThread "jar transforms Thread 100" [_thread_blocked, id=5992, stack(0x000000db824b0000,0x000000db825b0000)]
  0x000000dbf5344000 JavaThread "jar transforms Thread 101" [_thread_blocked, id=3628, stack(0x000000db825b0000,0x000000db826b0000)]
  0x000000dbf5341800 JavaThread "jar transforms Thread 102" [_thread_blocked, id=4700, stack(0x000000db826b0000,0x000000db827b0000)]
  0x000000dbf5346800 JavaThread "jar transforms Thread 103" [_thread_blocked, id=4972, stack(0x000000db827b0000,0x000000db828b0000)]
  0x000000dbf5347800 JavaThread "jar transforms Thread 104" [_thread_blocked, id=6120, stack(0x000000db828b0000,0x000000db829b0000)]
  0x000000dbf5345000 JavaThread "jar transforms Thread 105" [_thread_blocked, id=2452, stack(0x000000db829b0000,0x000000db82ab0000)]
  0x000000dbf5348000 JavaThread "jar transforms Thread 106" [_thread_blocked, id=7052, stack(0x000000db82ab0000,0x000000db82bb0000)]
  0x000000dbf5349000 JavaThread "jar transforms Thread 107" [_thread_blocked, id=7648, stack(0x000000db82bb0000,0x000000db82cb0000)]
  0x000000dbf427d000 JavaThread "jar transforms Thread 108" [_thread_blocked, id=5312, stack(0x000000db82cb0000,0x000000db82db0000)]
  0x000000dbf4280000 JavaThread "jar transforms Thread 109" [_thread_blocked, id=7652, stack(0x000000db82db0000,0x000000db82eb0000)]
  0x000000dbf427d800 JavaThread "jar transforms Thread 110" [_thread_blocked, id=6692, stack(0x000000db82eb0000,0x000000db82fb0000)]
  0x000000dbf427e800 JavaThread "jar transforms Thread 111" [_thread_blocked, id=7176, stack(0x000000db82fb0000,0x000000db830b0000)]
  0x000000dbf4282000 JavaThread "jar transforms Thread 112" [_thread_blocked, id=3184, stack(0x000000db830b0000,0x000000db831b0000)]
  0x000000dbf4284800 JavaThread "jar transforms Thread 113" [_thread_blocked, id=7448, stack(0x000000db831b0000,0x000000db832b0000)]
  0x000000dbf4283800 JavaThread "jar transforms Thread 114" [_thread_blocked, id=4764, stack(0x000000db832b0000,0x000000db833b0000)]
  0x000000dbf4282800 JavaThread "jar transforms Thread 115" [_thread_blocked, id=1448, stack(0x000000db833b0000,0x000000db834b0000)]
  0x000000dbf4286800 JavaThread "jar transforms Thread 116" [_thread_blocked, id=6156, stack(0x000000db834b0000,0x000000db835b0000)]
  0x000000dbf4287800 JavaThread "jar transforms Thread 117" [_thread_blocked, id=7444, stack(0x000000db835b0000,0x000000db836b0000)]
  0x000000dbf4286000 JavaThread "jar transforms Thread 118" [_thread_blocked, id=2356, stack(0x000000db836b0000,0x000000db837b0000)]
  0x000000dbf46fa000 JavaThread "jar transforms Thread 119" [_thread_blocked, id=2092, stack(0x000000db85680000,0x000000db85780000)]
  0x000000dbf46fb000 JavaThread "jar transforms Thread 120" [_thread_blocked, id=6968, stack(0x000000db85780000,0x000000db85880000)]
  0x000000dbf46fe000 JavaThread "jar transforms Thread 121" [_thread_blocked, id=6784, stack(0x000000db85880000,0x000000db85980000)]
  0x000000dbf46fd000 JavaThread "jar transforms Thread 122" [_thread_blocked, id=5560, stack(0x000000db85980000,0x000000db85a80000)]
  0x000000dbf4700800 JavaThread "jar transforms Thread 123" [_thread_blocked, id=7732, stack(0x000000db85a80000,0x000000db85b80000)]
  0x000000dbf4701800 JavaThread "jar transforms Thread 124" [_thread_blocked, id=5036, stack(0x000000db85b80000,0x000000db85c80000)]
  0x000000dbf46ff000 JavaThread "jar transforms Thread 125" [_thread_blocked, id=6276, stack(0x000000db85c80000,0x000000db85d80000)]
  0x000000dbf4702000 JavaThread "jar transforms Thread 126" [_thread_blocked, id=1700, stack(0x000000db85d80000,0x000000db85e80000)]
  0x000000dbf46ff800 JavaThread "jar transforms Thread 127" [_thread_blocked, id=5796, stack(0x000000db85e80000,0x000000db85f80000)]
  0x000000dbf4705800 JavaThread "jar transforms Thread 128" [_thread_blocked, id=7860, stack(0x000000db85f80000,0x000000db86080000)]
  0x000000dbf4704000 JavaThread "jar transforms Thread 129" [_thread_blocked, id=1156, stack(0x000000db86080000,0x000000db86180000)]
  0x000000dbf4703000 JavaThread "jar transforms Thread 130" [_thread_blocked, id=7180, stack(0x000000db86180000,0x000000db86280000)]
  0x000000dbf4706000 JavaThread "jar transforms Thread 131" [_thread_blocked, id=6996, stack(0x000000db86280000,0x000000db86380000)]
  0x000000dbf4707000 JavaThread "jar transforms Thread 132" [_thread_blocked, id=7736, stack(0x000000db86380000,0x000000db86480000)]
  0x000000dbf4704800 JavaThread "jar transforms Thread 133" [_thread_blocked, id=1928, stack(0x000000db86480000,0x000000db86580000)]
  0x000000dbf4708000 JavaThread "jar transforms Thread 134" [_thread_blocked, id=5184, stack(0x000000db86580000,0x000000db86680000)]
  0x000000dbf4708800 JavaThread "jar transforms Thread 135" [_thread_blocked, id=7012, stack(0x000000db86680000,0x000000db86780000)]
  0x000000dbf735f000 JavaThread "jar transforms Thread 136" [_thread_blocked, id=7468, stack(0x000000db86780000,0x000000db86880000)]
  0x000000dbf735e000 JavaThread "jar transforms Thread 137" [_thread_blocked, id=5144, stack(0x000000db86880000,0x000000db86980000)]
  0x000000dbf7360800 JavaThread "jar transforms Thread 138" [_thread_blocked, id=7036, stack(0x000000db86980000,0x000000db86a80000)]
  0x000000dbf7361800 JavaThread "jar transforms Thread 139" [_thread_blocked, id=5504, stack(0x000000db86a80000,0x000000db86b80000)]
  0x000000dbf7360000 JavaThread "jar transforms Thread 140" [_thread_blocked, id=8144, stack(0x000000db86b80000,0x000000db86c80000)]
  0x000000dbf7362800 JavaThread "jar transforms Thread 141" [_thread_blocked, id=3136, stack(0x000000db86c80000,0x000000db86d80000)]
  0x000000dbf7364000 JavaThread "jar transforms Thread 142" [_thread_blocked, id=3668, stack(0x000000db86d80000,0x000000db86e80000)]
  0x000000dbf7364800 JavaThread "jar transforms Thread 143" [_thread_blocked, id=1428, stack(0x000000db86e80000,0x000000db86f80000)]
  0x000000dbf7365800 JavaThread "jar transforms Thread 144" [_thread_blocked, id=8100, stack(0x000000db86f80000,0x000000db87080000)]
  0x000000dbf7363000 JavaThread "jar transforms Thread 145" [_thread_blocked, id=7644, stack(0x000000db87080000,0x000000db87180000)]
  0x000000dbf7368000 JavaThread "jar transforms Thread 146" [_thread_blocked, id=7484, stack(0x000000db87180000,0x000000db87280000)]
  0x000000dbf7367000 JavaThread "jar transforms Thread 147" [_thread_blocked, id=3948, stack(0x000000db87280000,0x000000db87380000)]
  0x000000dbf7366800 JavaThread "jar transforms Thread 148" [_thread_blocked, id=6880, stack(0x000000db87380000,0x000000db87480000)]
  0x000000dbf7369800 JavaThread "jar transforms Thread 149" [_thread_blocked, id=744, stack(0x000000db87480000,0x000000db87580000)]
  0x000000dbf7369000 JavaThread "jar transforms Thread 150" [_thread_blocked, id=2300, stack(0x000000db87580000,0x000000db87680000)]
  0x000000dbf736d000 JavaThread "jar transforms Thread 151" [_thread_blocked, id=5644, stack(0x000000db87680000,0x000000db87780000)]
  0x000000dbf736a800 JavaThread "jar transforms Thread 152" [_thread_blocked, id=5824, stack(0x000000db87780000,0x000000db87880000)]
  0x000000dbf736b800 JavaThread "jar transforms Thread 153" [_thread_blocked, id=2440, stack(0x000000db87880000,0x000000db87980000)]
  0x000000dbf736c000 JavaThread "jar transforms Thread 154" [_thread_blocked, id=8076, stack(0x000000db87980000,0x000000db87a80000)]
  0x000000dbf51e5800 JavaThread "jar transforms Thread 155" [_thread_blocked, id=7772, stack(0x000000db87a80000,0x000000db87b80000)]
  0x000000dbf51e3800 JavaThread "jar transforms Thread 156" [_thread_blocked, id=1804, stack(0x000000db87b80000,0x000000db87c80000)]
  0x000000dbf51e4000 JavaThread "jar transforms Thread 157" [_thread_blocked, id=6244, stack(0x000000db87c80000,0x000000db87d80000)]
  0x000000dbf51e5000 JavaThread "jar transforms Thread 158" [_thread_blocked, id=4140, stack(0x000000db87d80000,0x000000db87e80000)]
  0x000000dbf51e9000 JavaThread "jar transforms Thread 159" [_thread_blocked, id=6960, stack(0x000000db87e80000,0x000000db87f80000)]
  0x000000dbf51e6800 JavaThread "jar transforms Thread 160" [_thread_blocked, id=1848, stack(0x000000db87f80000,0x000000db88080000)]
  0x000000dbf51e7800 JavaThread "jar transforms Thread 161" [_thread_blocked, id=2368, stack(0x000000db88080000,0x000000db88180000)]
  0x000000dbf51e8000 JavaThread "jar transforms Thread 162" [_thread_blocked, id=4672, stack(0x000000db88180000,0x000000db88280000)]
  0x000000dbf51ea000 JavaThread "jar transforms Thread 163" [_thread_blocked, id=7896, stack(0x000000db88280000,0x000000db88380000)]
  0x000000dbf51ec800 JavaThread "jar transforms Thread 164" [_thread_blocked, id=4848, stack(0x000000db88380000,0x000000db88480000)]
  0x000000dbf51ed000 JavaThread "jar transforms Thread 165" [_thread_blocked, id=8036, stack(0x000000db88480000,0x000000db88580000)]
  0x000000dbf51ea800 JavaThread "jar transforms Thread 166" [_thread_blocked, id=6760, stack(0x000000db88580000,0x000000db88680000)]
  0x000000dbf51eb800 JavaThread "jar transforms Thread 167" [_thread_blocked, id=5436, stack(0x000000db88680000,0x000000db88780000)]
  0x000000dbf51ef800 JavaThread "jar transforms Thread 168" [_thread_blocked, id=4128, stack(0x000000db88780000,0x000000db88880000)]
  0x000000dbf51ee800 JavaThread "jar transforms Thread 169" [_thread_blocked, id=7628, stack(0x000000db88880000,0x000000db88980000)]
  0x000000dbf51f0800 JavaThread "jar transforms Thread 170" [_thread_blocked, id=4680, stack(0x000000db88980000,0x000000db88a80000)]
  0x000000dbf51ee000 JavaThread "jar transforms Thread 171" [_thread_blocked, id=7560, stack(0x000000db88a80000,0x000000db88b80000)]
  0x000000dbf51f2000 JavaThread "jar transforms Thread 172" [_thread_blocked, id=7640, stack(0x000000db88b80000,0x000000db88c80000)]
  0x000000dbf51f1000 JavaThread "jar transforms Thread 173" [_thread_blocked, id=5828, stack(0x000000db88c80000,0x000000db88d80000)]
  0x000000dbf7a1a800 JavaThread "jar transforms Thread 174" [_thread_blocked, id=6804, stack(0x000000db88d80000,0x000000db88e80000)]
  0x000000dbf7a1b000 JavaThread "jar transforms Thread 175" [_thread_blocked, id=7088, stack(0x000000db88e80000,0x000000db88f80000)]
  0x000000dbf7a1d000 JavaThread "jar transforms Thread 176" [_thread_blocked, id=6976, stack(0x000000db88f80000,0x000000db89080000)]
  0x000000dbf7a1d800 JavaThread "jar transforms Thread 177" [_thread_blocked, id=6248, stack(0x000000db89080000,0x000000db89180000)]
  0x000000dbf7a1e800 JavaThread "jar transforms Thread 178" [_thread_blocked, id=7084, stack(0x000000db89180000,0x000000db89280000)]
  0x000000dbf7a1c000 JavaThread "jar transforms Thread 179" [_thread_blocked, id=7620, stack(0x000000db89280000,0x000000db89380000)]
  0x000000dbf7a20000 JavaThread "jar transforms Thread 180" [_thread_blocked, id=1616, stack(0x000000db89380000,0x000000db89480000)]
  0x000000dbf7a1f800 JavaThread "jar transforms Thread 181" [_thread_blocked, id=4644, stack(0x000000db89480000,0x000000db89580000)]
  0x000000dbf7a23800 JavaThread "jar transforms Thread 182" [_thread_blocked, id=2676, stack(0x000000db89580000,0x000000db89680000)]
  0x000000dbf7a21000 JavaThread "jar transforms Thread 183" [_thread_blocked, id=4220, stack(0x000000db89680000,0x000000db89780000)]
  0x000000dbf7a21800 JavaThread "jar transforms Thread 184" [_thread_blocked, id=6508, stack(0x000000db89780000,0x000000db89880000)]
  0x000000dbf7a22800 JavaThread "jar transforms Thread 185" [_thread_blocked, id=1868, stack(0x000000db89880000,0x000000db89980000)]
  0x000000dbf7a26000 JavaThread "jar transforms Thread 186" [_thread_blocked, id=1768, stack(0x000000db89980000,0x000000db89a80000)]
  0x000000dbf7a26800 JavaThread "jar transforms Thread 187" [_thread_blocked, id=7816, stack(0x000000db89a80000,0x000000db89b80000)]
  0x000000dbf7a24000 JavaThread "jar transforms Thread 188" [_thread_blocked, id=5320, stack(0x000000db89b80000,0x000000db89c80000)]
  0x000000dbf7a25000 JavaThread "jar transforms Thread 189" [_thread_blocked, id=1780, stack(0x000000db89c80000,0x000000db89d80000)]
  0x000000dbf7a27800 JavaThread "jar transforms Thread 190" [_thread_blocked, id=1808, stack(0x000000db89d80000,0x000000db89e80000)]
  0x000000dbf7a28000 JavaThread "jar transforms Thread 191" [_thread_blocked, id=3740, stack(0x000000db89e80000,0x000000db89f80000)]
  0x000000dbf7a29000 JavaThread "jar transforms Thread 192" [_thread_blocked, id=96, stack(0x000000db89f80000,0x000000db8a080000)]
  0x000000dbf3a97800 JavaThread "jar transforms Thread 193" [_thread_blocked, id=7260, stack(0x000000db8a080000,0x000000db8a180000)]
  0x000000dbf3a97000 JavaThread "jar transforms Thread 194" [_thread_blocked, id=6964, stack(0x000000db8a180000,0x000000db8a280000)]
  0x000000dbf3a98800 JavaThread "Handler for socket connection from /127.0.0.1:56030 to /127.0.0.1:56091" [_thread_in_native, id=8504, stack(0x000000db812d0000,0x000000db813d0000)]
  0x000000dbf3a96000 JavaThread "Cancel handler" [_thread_blocked, id=8508, stack(0x000000db81850000,0x000000db81950000)]
  0x000000dbf3a9b000 JavaThread "Asynchronous log dispatcher for DefaultDaemonConnection: socket connection from /127.0.0.1:56030 to /127.0.0.1:56091" [_thread_in_native, id=8520, stack(0x000000db81a50000,0x000000db81b50000)]
  0x000000dbf3a99800 JavaThread "Stdin handler" [_thread_blocked, id=8524, stack(0x000000db81b50000,0x000000db81c50000)]
  0x000000dbf3a9c800 JavaThread "Thread-245" [_thread_blocked, id=8528, stack(0x000000db820b0000,0x000000db821b0000)]
  0x000000dbf3a9c000 JavaThread "Cache worker for file hash cache (C:\Users\Admin\AndroidStudioProjects\Fixit\.gradle\6.7.1\fileHashes)" [_thread_blocked, id=8532, stack(0x000000db821b0000,0x000000db822b0000)]
  0x000000dbf3a9a000 JavaThread "Cache worker for checksums cache (C:\Users\Admin\AndroidStudioProjects\Fixit\.gradle\checksums)" [_thread_blocked, id=8536, stack(0x000000db837b0000,0x000000db838b0000)]
  0x000000dbf3a9d800 JavaThread "Cache worker for cache directory md-supplier (C:\Users\Admin\.gradle\caches\6.7.1\md-supplier)" [_thread_blocked, id=8540, stack(0x000000db838b0000,0x000000db839b0000)]
  0x000000dbf3aa0800 JavaThread "Cache worker for cache directory md-rule (C:\Users\Admin\.gradle\caches\6.7.1\md-rule)" [_thread_blocked, id=8544, stack(0x000000db839b0000,0x000000db83ab0000)]
  0x000000dbf3aa0000 JavaThread "Cache worker for Build Output Cleanup Cache (C:\Users\Admin\AndroidStudioProjects\Fixit\.gradle\buildOutputCleanup)" [_thread_blocked, id=8548, stack(0x000000db83ab0000,0x000000db83bb0000)]
  0x000000dbf3a9f000 JavaThread "Build operations" [_thread_blocked, id=8552, stack(0x000000db83fb0000,0x000000db840b0000)]
  0x000000dbf3a9e000 JavaThread "Build operations Thread 2" [_thread_blocked, id=8556, stack(0x000000db85280000,0x000000db85380000)]
  0x000000dbf3aa3000 JavaThread "Build operations Thread 3" [_thread_blocked, id=8560, stack(0x000000db85380000,0x000000db85480000)]
  0x000000dbf3aa2800 JavaThread "Build operations Thread 4" [_thread_in_native, id=8564, stack(0x000000db85480000,0x000000db85580000)]
  0x000000dbf3aa5000 JavaThread "build event listener" [_thread_blocked, id=8572, stack(0x000000db8a880000,0x000000db8a980000)]
  0x000000dbf533c000 JavaThread "build event listener" [_thread_blocked, id=8576, stack(0x000000db8ae70000,0x000000db8af70000)]
  0x000000dbf533f000 JavaThread "Execution worker for ':'" [_thread_blocked, id=8580, stack(0x000000db8b410000,0x000000db8b510000)]
  0x000000dbf533c800 JavaThread "Execution worker for ':' Thread 2" [_thread_in_vm, id=8584, stack(0x000000db8b510000,0x000000db8b610000)]
  0x000000dbf5340000 JavaThread "Execution worker for ':' Thread 3" [_thread_blocked, id=8588, stack(0x000000db8b610000,0x000000db8b710000)]
  0x000000dbf533e800 JavaThread "Cache worker for execution history cache (C:\Users\Admin\AndroidStudioProjects\Fixit\.gradle\6.7.1\executionHistory)" [_thread_blocked, id=8592, stack(0x000000db8b710000,0x000000db8b810000)]
  0x000000dbf533d800 JavaThread "WorkerExecutor Queue" [_thread_blocked, id=8612, stack(0x000000db8b810000,0x000000db8b910000)]
  0x000000dbf4285000 JavaThread "WorkerExecutor Queue Thread 2" [_thread_blocked, id=8720, stack(0x000000db8bb10000,0x000000db8bc10000)]
  0x000000dbf4288800 JavaThread "WorkerExecutor Queue Thread 3" [_thread_in_vm, id=8724, stack(0x000000db8bc10000,0x000000db8bd10000)]
  0x000000dbf428a000 JavaThread "WorkerExecutor Queue Thread 4" [_thread_blocked, id=8728, stack(0x000000db8bd10000,0x000000db8be10000)]
  0x000000dbf4289000 JavaThread "Java2D Disposer" daemon [_thread_blocked, id=8732, stack(0x000000db8c110000,0x000000db8c210000)]
  0x000000dbf46fb800 JavaThread "C2 CompilerThread1" daemon [_thread_in_native, id=8832, stack(0x000000db85580000,0x000000db85680000)]

Other Threads:
  0x000000dbed2ee000 VMThread "VM Thread" [stack: 0x000000dbee0f0000,0x000000dbee1f0000] [id=7388]
  0x000000dbedf13000 WatcherThread [stack: 0x000000dbeebd0000,0x000000dbeecd0000] [id=2516]
  0x000000dbd35a8800 GCTaskThread "GC Thread#0" [stack: 0x000000dbd2f10000,0x000000dbd3010000] [id=376]
  0x000000dbef124000 GCTaskThread "GC Thread#1" [stack: 0x000000dbf05a0000,0x000000dbf06a0000] [id=6580]
  0x000000dbef192000 GCTaskThread "GC Thread#2" [stack: 0x000000dbf06a0000,0x000000dbf07a0000] [id=6992]
  0x000000dbf0bfa800 GCTaskThread "GC Thread#3" [stack: 0x000000dbf3060000,0x000000dbf3160000] [id=2620]
  0x000000dbd35db000 ConcurrentGCThread "G1 Main Marker" [stack: 0x000000dbeaaa0000,0x000000dbeaba0000] [id=1752]
  0x000000dbd35dd000 ConcurrentGCThread "G1 Conc#0" [stack: 0x000000dbeaba0000,0x000000dbeaca0000] [id=7680]
  0x000000dbed165800 ConcurrentGCThread "G1 Refine#0" [stack: 0x000000dbed2f0000,0x000000dbed3f0000] [id=824]
  0x000000dbed168800 ConcurrentGCThread "G1 Young RemSet Sampling" [stack: 0x000000dbed3f0000,0x000000dbed4f0000] [id=5356]

Threads with active compile tasks:
C2 CompilerThread0 196710 16395       4       org.objectweb.asm.Frame::execute (2318 bytes)
C2 CompilerThread1 196711 16396       4       org.gradle.internal.instantiation.generator.AbstractClassGenerator$PropertyMetadata::hasAnnotation (40 bytes)

VM state:not at safepoint (normal execution)

VM Mutex/Monitor currently owned by a thread: None

Heap address: 0x0000000080000000, size: 2048 MB, Compressed Oops mode: 32-bit
Narrow klass base: 0x0000000000000000, Narrow klass shift: 3
Compressed class space size: 1073741824 Address: 0x0000000100000000

Heap:
 garbage-first heap   total 225280K, used 154270K [0x0000000080000000, 0x0000000100000000)
  region size 1024K, 44 young (45056K), 3 survivors (3072K)
 Metaspace       used 119414K, capacity 122600K, committed 122656K, reserved 1157120K
  class space    used 14606K, capacity 15672K, committed 15700K, reserved 1048576K
Heap Regions: E=young(eden), S=young(survivor), O=old, HS=humongous(starts), HC=humongous(continues), CS=collection set, F=free, A=archive, TAMS=top-at-mark-start (previous, next)
|   0|0x0000000080000000, 0x0000000080100000, 0x0000000080100000|100%| O|  |TAMS 0x0000000080100000, 0x0000000080000000| Untracked 
|   1|0x0000000080100000, 0x0000000080200000, 0x0000000080200000|100%| O|  |TAMS 0x0000000080200000, 0x0000000080100000| Untracked 
|   2|0x0000000080200000, 0x0000000080300000, 0x0000000080300000|100%| O|  |TAMS 0x0000000080300000, 0x0000000080200000| Untracked 
|   3|0x0000000080300000, 0x0000000080400000, 0x0000000080400000|100%|HS|  |TAMS 0x0000000080400000, 0x0000000080300000| Complete 
|   4|0x0000000080400000, 0x0000000080500000, 0x0000000080500000|100%|HC|  |TAMS 0x0000000080500000, 0x0000000080400000| Complete 
|   5|0x0000000080500000, 0x0000000080600000, 0x0000000080600000|100%|HC|  |TAMS 0x0000000080600000, 0x0000000080500000| Complete 
|   6|0x0000000080600000, 0x0000000080700000, 0x0000000080700000|100%| O|  |TAMS 0x0000000080700000, 0x0000000080600000| Untracked 
|   7|0x0000000080700000, 0x0000000080800000, 0x0000000080800000|100%| O|  |TAMS 0x0000000080800000, 0x0000000080700000| Untracked 
|   8|0x0000000080800000, 0x0000000080900000, 0x0000000080900000|100%| O|  |TAMS 0x0000000080900000, 0x0000000080800000| Untracked 
|   9|0x0000000080900000, 0x0000000080a00000, 0x0000000080a00000|100%| O|  |TAMS 0x0000000080a00000, 0x0000000080900000| Complete 
|  10|0x0000000080a00000, 0x0000000080b00000, 0x0000000080b00000|100%| O|  |TAMS 0x0000000080b00000, 0x0000000080a00000| Untracked 
|  11|0x0000000080b00000, 0x0000000080c00000, 0x0000000080c00000|100%| O|  |TAMS 0x0000000080c00000, 0x0000000080b00000| Untracked 
|  12|0x0000000080c00000, 0x0000000080d00000, 0x0000000080d00000|100%| O|  |TAMS 0x0000000080d00000, 0x0000000080c00000| Untracked 
|  13|0x0000000080d00000, 0x0000000080e00000, 0x0000000080e00000|100%|HS|  |TAMS 0x0000000080e00000, 0x0000000080d00000| Complete 
|  14|0x0000000080e00000, 0x0000000080f00000, 0x0000000080f00000|100%|HS|  |TAMS 0x0000000080f00000, 0x0000000080e00000| Complete 
|  15|0x0000000080f00000, 0x0000000081000000, 0x0000000081000000|100%|HC|  |TAMS 0x0000000081000000, 0x0000000080f00000| Complete 
|  16|0x0000000081000000, 0x0000000081100000, 0x0000000081100000|100%| O|  |TAMS 0x0000000081100000, 0x0000000081000000| Untracked 
|  17|0x0000000081100000, 0x0000000081200000, 0x0000000081200000|100%| O|  |TAMS 0x0000000081200000, 0x0000000081100000| Untracked 
|  18|0x0000000081200000, 0x0000000081300000, 0x0000000081300000|100%| O|  |TAMS 0x0000000081300000, 0x0000000081200000| Untracked 
|  19|0x0000000081300000, 0x0000000081400000, 0x0000000081400000|100%| O|  |TAMS 0x0000000081400000, 0x0000000081300000| Untracked 
|  20|0x0000000081400000, 0x0000000081500000, 0x0000000081500000|100%| O|  |TAMS 0x0000000081500000, 0x0000000081400000| Untracked 
|  21|0x0000000081500000, 0x0000000081600000, 0x0000000081600000|100%| O|  |TAMS 0x0000000081600000, 0x0000000081500000| Untracked 
|  22|0x0000000081600000, 0x0000000081700000, 0x0000000081700000|100%| O|  |TAMS 0x0000000081700000, 0x0000000081600000| Untracked 
|  23|0x0000000081700000, 0x0000000081800000, 0x0000000081800000|100%| O|  |TAMS 0x0000000081800000, 0x0000000081700000| Untracked 
|  24|0x0000000081800000, 0x0000000081900000, 0x0000000081900000|100%| O|  |TAMS 0x0000000081900000, 0x0000000081800000| Untracked 
|  25|0x0000000081900000, 0x0000000081a00000, 0x0000000081a00000|100%| O|  |TAMS 0x0000000081a00000, 0x0000000081900000| Complete 
|  26|0x0000000081a00000, 0x0000000081a00000, 0x0000000081b00000|  0%| F|  |TAMS 0x0000000081a00000, 0x0000000081a00000| Untracked 
|  27|0x0000000081b00000, 0x0000000081c00000, 0x0000000081c00000|100%| O|  |TAMS 0x0000000081c00000, 0x0000000081b00000| Untracked 
|  28|0x0000000081c00000, 0x0000000081d00000, 0x0000000081d00000|100%| O|  |TAMS 0x0000000081d00000, 0x0000000081c00000| Untracked 
|  29|0x0000000081d00000, 0x0000000081e00000, 0x0000000081e00000|100%| O|  |TAMS 0x0000000081e00000, 0x0000000081d00000| Untracked 
|  30|0x0000000081e00000, 0x0000000081f00000, 0x0000000081f00000|100%| O|  |TAMS 0x0000000081f00000, 0x0000000081e00000| Untracked 
|  31|0x0000000081f00000, 0x0000000082000000, 0x0000000082000000|100%| O|  |TAMS 0x0000000082000000, 0x0000000081f00000| Untracked 
|  32|0x0000000082000000, 0x0000000082100000, 0x0000000082100000|100%| O|  |TAMS 0x0000000082100000, 0x0000000082000000| Complete 
|  33|0x0000000082100000, 0x0000000082200000, 0x0000000082200000|100%| O|  |TAMS 0x0000000082200000, 0x0000000082100000| Complete 
|  34|0x0000000082200000, 0x0000000082300000, 0x0000000082300000|100%| O|  |TAMS 0x0000000082300000, 0x0000000082200000| Untracked 
|  35|0x0000000082300000, 0x0000000082400000, 0x0000000082400000|100%| O|  |TAMS 0x0000000082400000, 0x0000000082300000| Complete 
|  36|0x0000000082400000, 0x0000000082500000, 0x0000000082500000|100%| O|  |TAMS 0x0000000082500000, 0x0000000082400000| Untracked 
|  37|0x0000000082500000, 0x0000000082600000, 0x0000000082600000|100%| O|  |TAMS 0x0000000082600000, 0x0000000082500000| Untracked 
|  38|0x0000000082600000, 0x0000000082700000, 0x0000000082700000|100%| O|  |TAMS 0x0000000082700000, 0x0000000082600000| Untracked 
|  39|0x0000000082700000, 0x0000000082800000, 0x0000000082800000|100%| O|  |TAMS 0x0000000082800000, 0x0000000082700000| Untracked 
|  40|0x0000000082800000, 0x0000000082900000, 0x0000000082900000|100%| O|  |TAMS 0x0000000082900000, 0x0000000082800000| Complete 
|  41|0x0000000082900000, 0x0000000082a00000, 0x0000000082a00000|100%| O|  |TAMS 0x0000000082a00000, 0x0000000082900000| Complete 
|  42|0x0000000082a00000, 0x0000000082b00000, 0x0000000082b00000|100%| O|  |TAMS 0x0000000082b00000, 0x0000000082a00000| Untracked 
|  43|0x0000000082b00000, 0x0000000082c00000, 0x0000000082c00000|100%| O|  |TAMS 0x0000000082c00000, 0x0000000082b00000| Complete 
|  44|0x0000000082c00000, 0x0000000082d00000, 0x0000000082d00000|100%| O|  |TAMS 0x0000000082d00000, 0x0000000082c00000| Complete 
|  45|0x0000000082d00000, 0x0000000082e00000, 0x0000000082e00000|100%| O|  |TAMS 0x0000000082e00000, 0x0000000082d00000| Complete 
|  46|0x0000000082e00000, 0x0000000082f00000, 0x0000000082f00000|100%| O|  |TAMS 0x0000000082f00000, 0x0000000082e00000| Complete 
|  47|0x0000000082f00000, 0x0000000083000000, 0x0000000083000000|100%| O|  |TAMS 0x0000000083000000, 0x0000000082f00000| Untracked 
|  48|0x0000000083000000, 0x0000000083100000, 0x0000000083100000|100%| O|  |TAMS 0x0000000083100000, 0x0000000083000000| Complete 
|  49|0x0000000083100000, 0x0000000083200000, 0x0000000083200000|100%| O|  |TAMS 0x0000000083200000, 0x0000000083100000| Complete 
|  50|0x0000000083200000, 0x0000000083300000, 0x0000000083300000|100%| O|  |TAMS 0x0000000083300000, 0x0000000083200000| Complete 
|  51|0x0000000083300000, 0x0000000083400000, 0x0000000083400000|100%| O|  |TAMS 0x0000000083400000, 0x0000000083300000| Complete 
|  52|0x0000000083400000, 0x0000000083500000, 0x0000000083500000|100%| O|  |TAMS 0x0000000083500000, 0x0000000083400000| Complete 
|  53|0x0000000083500000, 0x0000000083600000, 0x0000000083600000|100%|HS|  |TAMS 0x0000000083600000, 0x0000000083500000| Complete 
|  54|0x0000000083600000, 0x0000000083700000, 0x0000000083700000|100%|HC|  |TAMS 0x0000000083700000, 0x0000000083600000| Complete 
|  55|0x0000000083700000, 0x0000000083800000, 0x0000000083800000|100%|HS|  |TAMS 0x0000000083800000, 0x0000000083700000| Complete 
|  56|0x0000000083800000, 0x0000000083900000, 0x0000000083900000|100%|HC|  |TAMS 0x0000000083900000, 0x0000000083800000| Complete 
|  57|0x0000000083900000, 0x0000000083a00000, 0x0000000083a00000|100%|HC|  |TAMS 0x0000000083a00000, 0x0000000083900000| Complete 
|  58|0x0000000083a00000, 0x0000000083b00000, 0x0000000083b00000|100%|HS|  |TAMS 0x0000000083b00000, 0x0000000083a00000| Complete 
|  59|0x0000000083b00000, 0x0000000083c00000, 0x0000000083c00000|100%|HC|  |TAMS 0x0000000083c00000, 0x0000000083b00000| Complete 
|  60|0x0000000083c00000, 0x0000000083d00000, 0x0000000083d00000|100%|HC|  |TAMS 0x0000000083d00000, 0x0000000083c00000| Complete 
|  61|0x0000000083d00000, 0x0000000083e00000, 0x0000000083e00000|100%|HC|  |TAMS 0x0000000083e00000, 0x0000000083d00000| Complete 
|  62|0x0000000083e00000, 0x0000000083f00000, 0x0000000083f00000|100%|HS|  |TAMS 0x0000000083f00000, 0x0000000083e00000| Complete 
|  63|0x0000000083f00000, 0x0000000084000000, 0x0000000084000000|100%|HC|  |TAMS 0x0000000084000000, 0x0000000083f00000| Complete 
|  64|0x0000000084000000, 0x0000000084100000, 0x0000000084100000|100%|HC|  |TAMS 0x0000000084100000, 0x0000000084000000| Complete 
|  65|0x0000000084100000, 0x0000000084200000, 0x0000000084200000|100%|HC|  |TAMS 0x0000000084200000, 0x0000000084100000| Complete 
|  66|0x0000000084200000, 0x0000000084300000, 0x0000000084300000|100%|HS|  |TAMS 0x0000000084300000, 0x0000000084200000| Complete 
|  67|0x0000000084300000, 0x0000000084400000, 0x0000000084400000|100%|HC|  |TAMS 0x0000000084400000, 0x0000000084300000| Complete 
|  68|0x0000000084400000, 0x0000000084500000, 0x0000000084500000|100%|HC|  |TAMS 0x0000000084500000, 0x0000000084400000| Complete 
|  69|0x0000000084500000, 0x0000000084600000, 0x0000000084600000|100%| O|  |TAMS 0x0000000084600000, 0x0000000084500000| Untracked 
|  70|0x0000000084600000, 0x0000000084700000, 0x0000000084700000|100%| O|  |TAMS 0x0000000084700000, 0x0000000084600000| Untracked 
|  71|0x0000000084700000, 0x0000000084800000, 0x0000000084800000|100%| O|  |TAMS 0x0000000084800000, 0x0000000084700000| Untracked 
|  72|0x0000000084800000, 0x0000000084900000, 0x0000000084900000|100%| O|  |TAMS 0x0000000084900000, 0x0000000084800000| Untracked 
|  73|0x0000000084900000, 0x0000000084a00000, 0x0000000084a00000|100%| O|  |TAMS 0x0000000084a00000, 0x0000000084900000| Complete 
|  74|0x0000000084a00000, 0x0000000084b00000, 0x0000000084b00000|100%| O|  |TAMS 0x0000000084b00000, 0x0000000084a00000| Untracked 
|  75|0x0000000084b00000, 0x0000000084c00000, 0x0000000084c00000|100%| O|  |TAMS 0x0000000084c00000, 0x0000000084b00000| Untracked 
|  76|0x0000000084c00000, 0x0000000084d00000, 0x0000000084d00000|100%| O|  |TAMS 0x0000000084d00000, 0x0000000084c00000| Complete 
|  77|0x0000000084d00000, 0x0000000084e00000, 0x0000000084e00000|100%| O|  |TAMS 0x0000000084e00000, 0x0000000084d00000| Untracked 
|  78|0x0000000084e00000, 0x0000000084f00000, 0x0000000084f00000|100%| O|  |TAMS 0x0000000084f00000, 0x0000000084e00000| Complete 
|  79|0x0000000084f00000, 0x0000000085000000, 0x0000000085000000|100%| O|  |TAMS 0x0000000085000000, 0x0000000084f00000| Complete 
|  80|0x0000000085000000, 0x0000000085100000, 0x0000000085100000|100%| O|  |TAMS 0x0000000085100000, 0x0000000085000000| Complete 
|  81|0x0000000085100000, 0x0000000085200000, 0x0000000085200000|100%| O|  |TAMS 0x0000000085200000, 0x0000000085100000| Complete 
|  82|0x0000000085200000, 0x0000000085300000, 0x0000000085300000|100%| O|  |TAMS 0x0000000085300000, 0x0000000085200000| Untracked 
|  83|0x0000000085300000, 0x0000000085400000, 0x0000000085400000|100%| O|  |TAMS 0x0000000085400000, 0x0000000085300000| Complete 
|  84|0x0000000085400000, 0x0000000085500000, 0x0000000085500000|100%| O|  |TAMS 0x0000000085500000, 0x0000000085400000| Untracked 
|  85|0x0000000085500000, 0x0000000085600000, 0x0000000085600000|100%| O|  |TAMS 0x0000000085600000, 0x0000000085500000| Complete 
|  86|0x0000000085600000, 0x0000000085700000, 0x0000000085700000|100%| O|  |TAMS 0x0000000085700000, 0x0000000085600000| Complete 
|  87|0x0000000085700000, 0x0000000085800000, 0x0000000085800000|100%| O|  |TAMS 0x0000000085800000, 0x0000000085700000| Complete 
|  88|0x0000000085800000, 0x0000000085800000, 0x0000000085900000|  0%| F|  |TAMS 0x0000000085800000, 0x0000000085800000| Untracked 
|  89|0x0000000085900000, 0x0000000085a00000, 0x0000000085a00000|100%| O|  |TAMS 0x0000000085a00000, 0x0000000085900000| Untracked 
|  90|0x0000000085a00000, 0x0000000085b00000, 0x0000000085b00000|100%| O|  |TAMS 0x0000000085b00000, 0x0000000085a00000| Untracked 
|  91|0x0000000085b00000, 0x0000000085c00000, 0x0000000085c00000|100%| O|  |TAMS 0x0000000085c00000, 0x0000000085b00000| Complete 
|  92|0x0000000085c00000, 0x0000000085c00000, 0x0000000085d00000|  0%| F|  |TAMS 0x0000000085c00000, 0x0000000085c00000| Untracked 
|  93|0x0000000085d00000, 0x0000000085e00000, 0x0000000085e00000|100%| O|  |TAMS 0x0000000085e00000, 0x0000000085d00000| Complete 
|  94|0x0000000085e00000, 0x0000000085f00000, 0x0000000085f00000|100%| O|  |TAMS 0x0000000085f00000, 0x0000000085e00000| Untracked 
|  95|0x0000000085f00000, 0x0000000086000000, 0x0000000086000000|100%| O|  |TAMS 0x0000000086000000, 0x0000000085f00000| Complete 
|  96|0x0000000086000000, 0x0000000086100000, 0x0000000086100000|100%| O|  |TAMS 0x0000000086100000, 0x0000000086000000| Complete 
|  97|0x0000000086100000, 0x0000000086100000, 0x0000000086200000|  0%| F|  |TAMS 0x0000000086100000, 0x0000000086100000| Untracked 
|  98|0x0000000086200000, 0x0000000086200000, 0x0000000086300000|  0%| F|  |TAMS 0x0000000086200000, 0x0000000086200000| Untracked 
|  99|0x0000000086300000, 0x0000000086400000, 0x0000000086400000|100%| O|  |TAMS 0x0000000086400000, 0x0000000086300000| Complete 
| 100|0x0000000086400000, 0x0000000086500000, 0x0000000086500000|100%| O|  |TAMS 0x0000000086500000, 0x0000000086400000| Complete 
| 101|0x0000000086500000, 0x0000000086500000, 0x0000000086600000|  0%| F|  |TAMS 0x0000000086500000, 0x0000000086500000| Untracked 
| 102|0x0000000086600000, 0x0000000086700000, 0x0000000086700000|100%| O|  |TAMS 0x0000000086700000, 0x0000000086600000| Untracked 
| 103|0x0000000086700000, 0x0000000086800000, 0x0000000086800000|100%| O|  |TAMS 0x0000000086800000, 0x0000000086700000| Complete 
| 104|0x0000000086800000, 0x0000000086900000, 0x0000000086900000|100%| O|  |TAMS 0x0000000086900000, 0x0000000086800000| Complete 
| 105|0x0000000086900000, 0x0000000086a00000, 0x0000000086a00000|100%| O|  |TAMS 0x0000000086a00000, 0x0000000086900000| Complete 
| 106|0x0000000086a00000, 0x0000000086a00000, 0x0000000086b00000|  0%| F|  |TAMS 0x0000000086a00000, 0x0000000086a00000| Untracked 
| 107|0x0000000086b00000, 0x0000000086b00000, 0x0000000086c00000|  0%| F|  |TAMS 0x0000000086b00000, 0x0000000086b00000| Untracked 
| 108|0x0000000086c00000, 0x0000000086d00000, 0x0000000086d00000|100%| O|  |TAMS 0x0000000086d00000, 0x0000000086c00000| Untracked 
| 109|0x0000000086d00000, 0x0000000086e00000, 0x0000000086e00000|100%| O|  |TAMS 0x0000000086e00000, 0x0000000086d00000| Complete 
| 110|0x0000000086e00000, 0x0000000086f00000, 0x0000000086f00000|100%| O|  |TAMS 0x0000000086f00000, 0x0000000086e00000| Complete 
| 111|0x0000000086f00000, 0x0000000086f00000, 0x0000000087000000|  0%| F|  |TAMS 0x0000000086f00000, 0x0000000086f00000| Untracked 
| 112|0x0000000087000000, 0x0000000087000000, 0x0000000087100000|  0%| F|  |TAMS 0x0000000087000000, 0x0000000087000000| Untracked 
| 113|0x0000000087100000, 0x0000000087200000, 0x0000000087200000|100%| O|  |TAMS 0x0000000087200000, 0x0000000087100000| Untracked 
| 114|0x0000000087200000, 0x0000000087200000, 0x0000000087300000|  0%| F|  |TAMS 0x0000000087200000, 0x0000000087200000| Untracked 
| 115|0x0000000087300000, 0x0000000087400000, 0x0000000087400000|100%| O|  |TAMS 0x0000000087400000, 0x0000000087300000| Untracked 
| 116|0x0000000087400000, 0x0000000087400000, 0x0000000087500000|  0%| F|  |TAMS 0x0000000087400000, 0x0000000087400000| Untracked 
| 117|0x0000000087500000, 0x0000000087500000, 0x0000000087600000|  0%| F|  |TAMS 0x0000000087500000, 0x0000000087500000| Untracked 
| 118|0x0000000087600000, 0x0000000087700000, 0x0000000087700000|100%| O|  |TAMS 0x0000000087700000, 0x0000000087600000| Untracked 
| 119|0x0000000087700000, 0x00000000877b1e00, 0x0000000087800000| 69%| O|  |TAMS 0x00000000877b1e00, 0x0000000087700000| Untracked 
| 120|0x0000000087800000, 0x0000000087800000, 0x0000000087900000|  0%| F|  |TAMS 0x0000000087800000, 0x0000000087800000| Untracked 
| 121|0x0000000087900000, 0x0000000087900000, 0x0000000087a00000|  0%| F|  |TAMS 0x0000000087900000, 0x0000000087900000| Untracked 
| 122|0x0000000087a00000, 0x0000000087a00000, 0x0000000087b00000|  0%| F|  |TAMS 0x0000000087a00000, 0x0000000087a00000| Untracked 
| 123|0x0000000087b00000, 0x0000000087b00000, 0x0000000087c00000|  0%| F|  |TAMS 0x0000000087b00000, 0x0000000087b00000| Untracked 
| 124|0x0000000087c00000, 0x0000000087c00000, 0x0000000087d00000|  0%| F|  |TAMS 0x0000000087c00000, 0x0000000087c00000| Untracked 
| 125|0x0000000087d00000, 0x0000000087d00000, 0x0000000087e00000|  0%| F|  |TAMS 0x0000000087d00000, 0x0000000087d00000| Untracked 
| 126|0x0000000087e00000, 0x0000000087f00000, 0x0000000087f00000|100%| O|  |TAMS 0x0000000087f00000, 0x0000000087e00000| Complete 
| 127|0x0000000087f00000, 0x0000000087f00000, 0x0000000088000000|  0%| F|  |TAMS 0x0000000087f00000, 0x0000000087f00000| Untracked 
| 128|0x0000000088000000, 0x0000000088000000, 0x0000000088100000|  0%| F|  |TAMS 0x0000000088000000, 0x0000000088000000| Untracked 
| 129|0x0000000088100000, 0x0000000088100000, 0x0000000088200000|  0%| F|  |TAMS 0x0000000088100000, 0x0000000088100000| Untracked 
| 130|0x0000000088200000, 0x0000000088300000, 0x0000000088300000|100%| O|  |TAMS 0x0000000088300000, 0x0000000088200000| Complete 
| 131|0x0000000088300000, 0x0000000088300000, 0x0000000088400000|  0%| F|  |TAMS 0x0000000088300000, 0x0000000088300000| Untracked 
| 132|0x0000000088400000, 0x0000000088400000, 0x0000000088500000|  0%| F|  |TAMS 0x0000000088400000, 0x0000000088400000| Untracked 
| 133|0x0000000088500000, 0x0000000088500000, 0x0000000088600000|  0%| F|  |TAMS 0x0000000088500000, 0x0000000088500000| Untracked 
| 134|0x0000000088600000, 0x0000000088600000, 0x0000000088700000|  0%| F|  |TAMS 0x0000000088600000, 0x0000000088600000| Untracked 
| 135|0x0000000088700000, 0x0000000088700000, 0x0000000088800000|  0%| F|  |TAMS 0x0000000088700000, 0x0000000088700000| Untracked 
| 136|0x0000000088800000, 0x0000000088800000, 0x0000000088900000|  0%| F|  |TAMS 0x0000000088800000, 0x0000000088800000| Untracked 
| 137|0x0000000088900000, 0x0000000088900000, 0x0000000088a00000|  0%| F|  |TAMS 0x0000000088900000, 0x0000000088900000| Untracked 
| 138|0x0000000088a00000, 0x0000000088a00000, 0x0000000088b00000|  0%| F|  |TAMS 0x0000000088a00000, 0x0000000088a00000| Untracked 
| 139|0x0000000088b00000, 0x0000000088b00000, 0x0000000088c00000|  0%| F|  |TAMS 0x0000000088b00000, 0x0000000088b00000| Untracked 
| 140|0x0000000088c00000, 0x0000000088c00000, 0x0000000088d00000|  0%| F|  |TAMS 0x0000000088c00000, 0x0000000088c00000| Untracked 
| 141|0x0000000088d00000, 0x0000000088d00000, 0x0000000088e00000|  0%| F|  |TAMS 0x0000000088d00000, 0x0000000088d00000| Untracked 
| 142|0x0000000088e00000, 0x0000000088e00000, 0x0000000088f00000|  0%| F|  |TAMS 0x0000000088e00000, 0x0000000088e00000| Untracked 
| 143|0x0000000088f00000, 0x0000000088f00000, 0x0000000089000000|  0%| F|  |TAMS 0x0000000088f00000, 0x0000000088f00000| Untracked 
| 144|0x0000000089000000, 0x0000000089000000, 0x0000000089100000|  0%| F|  |TAMS 0x0000000089000000, 0x0000000089000000| Untracked 
| 145|0x0000000089100000, 0x0000000089100000, 0x0000000089200000|  0%| F|  |TAMS 0x0000000089100000, 0x0000000089100000| Untracked 
| 146|0x0000000089200000, 0x0000000089200000, 0x0000000089300000|  0%| F|  |TAMS 0x0000000089200000, 0x0000000089200000| Untracked 
| 147|0x0000000089300000, 0x0000000089300000, 0x0000000089400000|  0%| F|  |TAMS 0x0000000089300000, 0x0000000089300000| Untracked 
| 148|0x0000000089400000, 0x0000000089400000, 0x0000000089500000|  0%| F|  |TAMS 0x0000000089400000, 0x0000000089400000| Untracked 
| 149|0x0000000089500000, 0x0000000089500000, 0x0000000089600000|  0%| F|  |TAMS 0x0000000089500000, 0x0000000089500000| Untracked 
| 150|0x0000000089600000, 0x0000000089600000, 0x0000000089700000|  0%| F|  |TAMS 0x0000000089600000, 0x0000000089600000| Untracked 
| 151|0x0000000089700000, 0x0000000089700000, 0x0000000089800000|  0%| F|  |TAMS 0x0000000089700000, 0x0000000089700000| Untracked 
| 152|0x0000000089800000, 0x0000000089800000, 0x0000000089900000|  0%| F|  |TAMS 0x0000000089800000, 0x0000000089800000| Untracked 
| 153|0x0000000089900000, 0x0000000089900000, 0x0000000089a00000|  0%| F|  |TAMS 0x0000000089900000, 0x0000000089900000| Untracked 
| 154|0x0000000089a00000, 0x0000000089a00000, 0x0000000089b00000|  0%| F|  |TAMS 0x0000000089a00000, 0x0000000089a00000| Untracked 
| 155|0x0000000089b00000, 0x0000000089bf5ca8, 0x0000000089c00000| 96%| S|CS|TAMS 0x0000000089b00000, 0x0000000089b00000| Complete 
| 156|0x0000000089c00000, 0x0000000089d00000, 0x0000000089d00000|100%| S|CS|TAMS 0x0000000089c00000, 0x0000000089c00000| Complete 
| 157|0x0000000089d00000, 0x0000000089e00000, 0x0000000089e00000|100%| S|CS|TAMS 0x0000000089d00000, 0x0000000089d00000| Complete 
| 158|0x0000000089e00000, 0x0000000089e00000, 0x0000000089f00000|  0%| F|  |TAMS 0x0000000089e00000, 0x0000000089e00000| Untracked 
| 159|0x0000000089f00000, 0x0000000089f00000, 0x000000008a000000|  0%| F|  |TAMS 0x0000000089f00000, 0x0000000089f00000| Untracked 
| 160|0x000000008a000000, 0x000000008a000000, 0x000000008a100000|  0%| F|  |TAMS 0x000000008a000000, 0x000000008a000000| Untracked 
| 161|0x000000008a100000, 0x000000008a100000, 0x000000008a200000|  0%| F|  |TAMS 0x000000008a100000, 0x000000008a100000| Untracked 
| 162|0x000000008a200000, 0x000000008a200000, 0x000000008a300000|  0%| F|  |TAMS 0x000000008a200000, 0x000000008a200000| Untracked 
| 163|0x000000008a300000, 0x000000008a300000, 0x000000008a400000|  0%| F|  |TAMS 0x000000008a300000, 0x000000008a300000| Untracked 
| 164|0x000000008a400000, 0x000000008a400000, 0x000000008a500000|  0%| F|  |TAMS 0x000000008a400000, 0x000000008a400000| Untracked 
| 165|0x000000008a500000, 0x000000008a500000, 0x000000008a600000|  0%| F|  |TAMS 0x000000008a500000, 0x000000008a500000| Untracked 
| 166|0x000000008a600000, 0x000000008a600000, 0x000000008a700000|  0%| F|  |TAMS 0x000000008a600000, 0x000000008a600000| Untracked 
| 167|0x000000008a700000, 0x000000008a700000, 0x000000008a800000|  0%| F|  |TAMS 0x000000008a700000, 0x000000008a700000| Untracked 
| 168|0x000000008a800000, 0x000000008a800000, 0x000000008a900000|  0%| F|  |TAMS 0x000000008a800000, 0x000000008a800000| Untracked 
| 169|0x000000008a900000, 0x000000008a900000, 0x000000008aa00000|  0%| F|  |TAMS 0x000000008a900000, 0x000000008a900000| Untracked 
| 170|0x000000008aa00000, 0x000000008aa00000, 0x000000008ab00000|  0%| F|  |TAMS 0x000000008aa00000, 0x000000008aa00000| Untracked 
| 171|0x000000008ab00000, 0x000000008ab00000, 0x000000008ac00000|  0%| F|  |TAMS 0x000000008ab00000, 0x000000008ab00000| Untracked 
| 172|0x000000008ac00000, 0x000000008ac00000, 0x000000008ad00000|  0%| F|  |TAMS 0x000000008ac00000, 0x000000008ac00000| Untracked 
| 173|0x000000008ad00000, 0x000000008ad00000, 0x000000008ae00000|  0%| F|  |TAMS 0x000000008ad00000, 0x000000008ad00000| Untracked 
| 174|0x000000008ae00000, 0x000000008ae00000, 0x000000008af00000|  0%| F|  |TAMS 0x000000008ae00000, 0x000000008ae00000| Untracked 
| 175|0x000000008af00000, 0x000000008af00000, 0x000000008b000000|  0%| F|  |TAMS 0x000000008af00000, 0x000000008af00000| Untracked 
| 176|0x000000008b000000, 0x000000008b000000, 0x000000008b100000|  0%| F|  |TAMS 0x000000008b000000, 0x000000008b000000| Untracked 
| 177|0x000000008b100000, 0x000000008b100000, 0x000000008b200000|  0%| F|  |TAMS 0x000000008b100000, 0x000000008b100000| Untracked 
| 178|0x000000008b200000, 0x000000008b200000, 0x000000008b300000|  0%| F|  |TAMS 0x000000008b200000, 0x000000008b200000| Untracked 
| 179|0x000000008b300000, 0x000000008b3dbbb0, 0x000000008b400000| 85%| E|  |TAMS 0x000000008b300000, 0x000000008b300000| Complete 
| 180|0x000000008b400000, 0x000000008b500000, 0x000000008b500000|100%| E|CS|TAMS 0x000000008b400000, 0x000000008b400000| Complete 
| 181|0x000000008b500000, 0x000000008b600000, 0x000000008b600000|100%| E|CS|TAMS 0x000000008b500000, 0x000000008b500000| Complete 
| 182|0x000000008b600000, 0x000000008b700000, 0x000000008b700000|100%| E|CS|TAMS 0x000000008b600000, 0x000000008b600000| Complete 
| 183|0x000000008b700000, 0x000000008b800000, 0x000000008b800000|100%| E|CS|TAMS 0x000000008b700000, 0x000000008b700000| Complete 
| 184|0x000000008b800000, 0x000000008b900000, 0x000000008b900000|100%| E|  |TAMS 0x000000008b800000, 0x000000008b800000| Complete 
| 185|0x000000008b900000, 0x000000008ba00000, 0x000000008ba00000|100%| E|CS|TAMS 0x000000008b900000, 0x000000008b900000| Complete 
| 186|0x000000008ba00000, 0x000000008bb00000, 0x000000008bb00000|100%| E|CS|TAMS 0x000000008ba00000, 0x000000008ba00000| Complete 
| 187|0x000000008bb00000, 0x000000008bc00000, 0x000000008bc00000|100%| E|CS|TAMS 0x000000008bb00000, 0x000000008bb00000| Complete 
| 188|0x000000008bc00000, 0x000000008bd00000, 0x000000008bd00000|100%| E|CS|TAMS 0x000000008bc00000, 0x000000008bc00000| Complete 
| 189|0x000000008bd00000, 0x000000008be00000, 0x000000008be00000|100%| E|CS|TAMS 0x000000008bd00000, 0x000000008bd00000| Complete 
| 190|0x000000008be00000, 0x000000008bf00000, 0x000000008bf00000|100%| E|CS|TAMS 0x000000008be00000, 0x000000008be00000| Complete 
| 191|0x000000008bf00000, 0x000000008c000000, 0x000000008c000000|100%| E|CS|TAMS 0x000000008bf00000, 0x000000008bf00000| Complete 
| 192|0x000000008c000000, 0x000000008c100000, 0x000000008c100000|100%| E|CS|TAMS 0x000000008c000000, 0x000000008c000000| Complete 
| 193|0x000000008c100000, 0x000000008c200000, 0x000000008c200000|100%| E|CS|TAMS 0x000000008c100000, 0x000000008c100000| Complete 
| 194|0x000000008c200000, 0x000000008c300000, 0x000000008c300000|100%| E|CS|TAMS 0x000000008c200000, 0x000000008c200000| Complete 
| 195|0x000000008c300000, 0x000000008c400000, 0x000000008c400000|100%| E|CS|TAMS 0x000000008c300000, 0x000000008c300000| Complete 
| 196|0x000000008c400000, 0x000000008c500000, 0x000000008c500000|100%| E|CS|TAMS 0x000000008c400000, 0x000000008c400000| Complete 
| 197|0x000000008c500000, 0x000000008c600000, 0x000000008c600000|100%| E|CS|TAMS 0x000000008c500000, 0x000000008c500000| Complete 
| 198|0x000000008c600000, 0x000000008c700000, 0x000000008c700000|100%| E|CS|TAMS 0x000000008c600000, 0x000000008c600000| Complete 
| 199|0x000000008c700000, 0x000000008c800000, 0x000000008c800000|100%| E|CS|TAMS 0x000000008c700000, 0x000000008c700000| Complete 
| 200|0x000000008c800000, 0x000000008c900000, 0x000000008c900000|100%| E|CS|TAMS 0x000000008c800000, 0x000000008c800000| Complete 
| 201|0x000000008c900000, 0x000000008ca00000, 0x000000008ca00000|100%| E|CS|TAMS 0x000000008c900000, 0x000000008c900000| Complete 
| 202|0x000000008ca00000, 0x000000008cb00000, 0x000000008cb00000|100%| E|CS|TAMS 0x000000008ca00000, 0x000000008ca00000| Complete 
| 203|0x000000008cb00000, 0x000000008cc00000, 0x000000008cc00000|100%| E|CS|TAMS 0x000000008cb00000, 0x000000008cb00000| Complete 
| 204|0x000000008cc00000, 0x000000008cd00000, 0x000000008cd00000|100%| E|CS|TAMS 0x000000008cc00000, 0x000000008cc00000| Complete 
| 205|0x000000008cd00000, 0x000000008ce00000, 0x000000008ce00000|100%| E|CS|TAMS 0x000000008cd00000, 0x000000008cd00000| Complete 
| 206|0x000000008ce00000, 0x000000008cf00000, 0x000000008cf00000|100%| E|CS|TAMS 0x000000008ce00000, 0x000000008ce00000| Complete 
| 207|0x000000008cf00000, 0x000000008d000000, 0x000000008d000000|100%| E|CS|TAMS 0x000000008cf00000, 0x000000008cf00000| Complete 
| 208|0x000000008d000000, 0x000000008d100000, 0x000000008d100000|100%| E|CS|TAMS 0x000000008d000000, 0x000000008d000000| Complete 
| 209|0x000000008d100000, 0x000000008d200000, 0x000000008d200000|100%| E|CS|TAMS 0x000000008d100000, 0x000000008d100000| Complete 
| 210|0x000000008d200000, 0x000000008d300000, 0x000000008d300000|100%| E|CS|TAMS 0x000000008d200000, 0x000000008d200000| Complete 
| 211|0x000000008d300000, 0x000000008d400000, 0x000000008d400000|100%| E|CS|TAMS 0x000000008d300000, 0x000000008d300000| Complete 
| 212|0x000000008d400000, 0x000000008d500000, 0x000000008d500000|100%| E|CS|TAMS 0x000000008d400000, 0x000000008d400000| Complete 
| 213|0x000000008d500000, 0x000000008d600000, 0x000000008d600000|100%| E|CS|TAMS 0x000000008d500000, 0x000000008d500000| Complete 
| 214|0x000000008d600000, 0x000000008d700000, 0x000000008d700000|100%| E|CS|TAMS 0x000000008d600000, 0x000000008d600000| Complete 
| 215|0x000000008d700000, 0x000000008d800000, 0x000000008d800000|100%| E|CS|TAMS 0x000000008d700000, 0x000000008d700000| Complete 
| 216|0x000000008d800000, 0x000000008d900000, 0x000000008d900000|100%| E|CS|TAMS 0x000000008d800000, 0x000000008d800000| Complete 
| 217|0x000000008d900000, 0x000000008da00000, 0x000000008da00000|100%| E|CS|TAMS 0x000000008d900000, 0x000000008d900000| Complete 
| 218|0x000000008da00000, 0x000000008db00000, 0x000000008db00000|100%| E|CS|TAMS 0x000000008da00000, 0x000000008da00000| Complete 
| 219|0x000000008db00000, 0x000000008dc00000, 0x000000008dc00000|100%| E|CS|TAMS 0x000000008db00000, 0x000000008db00000| Complete 

Card table byte_map: [0x000000dbe62a0000,0x000000dbe66a0000] _byte_map_base: 0x000000dbe5ea0000

Marking Bits (Prev, Next): (CMBitMap*) 0x000000dbd35d2460, (CMBitMap*) 0x000000dbd35d2428
 Prev Bits: [0x000000dbe8aa0000, 0x000000dbeaaa0000)
 Next Bits: [0x000000dbe6aa0000, 0x000000dbe8aa0000)

Polling page: 0x000000dbd2d00000

Metaspace:

Usage:
  Non-class:    104.42 MB capacity,   102.35 MB ( 98%) used,     1.76 MB (  2%) free+waste,   314.19 KB ( <1%) overhead. 
      Class:     15.30 MB capacity,    14.26 MB ( 93%) used,   924.76 KB (  6%) free+waste,   141.06 KB ( <1%) overhead. 
       Both:    119.73 MB capacity,   116.62 MB ( 97%) used,     2.67 MB (  2%) free+waste,   455.25 KB ( <1%) overhead. 

Virtual space:
  Non-class space:      106.00 MB reserved,     104.45 MB ( 99%) committed 
      Class space:        1.00 GB reserved,      15.33 MB (  1%) committed 
             Both:        1.10 GB reserved,     119.78 MB ( 11%) committed 

Chunk freelists:
   Non-Class:  28.00 KB
       Class:  8.00 KB
        Both:  36.00 KB

MaxMetaspaceSize: 17179869184.00 GB
CompressedClassSpaceSize: 1.00 GB

CodeHeap 'non-profiled nmethods': size=120064Kb used=9807Kb max_used=9807Kb free=110256Kb
 bounds [0x000000dbde960000, 0x000000dbdf300000, 0x000000dbe5ea0000]
CodeHeap 'profiled nmethods': size=120000Kb used=33793Kb max_used=33793Kb free=86206Kb
 bounds [0x000000dbd7430000, 0x000000dbd9550000, 0x000000dbde960000]
CodeHeap 'non-nmethods': size=5696Kb used=2401Kb max_used=2459Kb free=3295Kb
 bounds [0x000000dbd6ea0000, 0x000000dbd7120000, 0x000000dbd7430000]
 total_blobs=16010 nmethods=14959 adapters=961
 compilation: enabled
              stopped_count=0, restarted_count=0
 full_count=0

Compilation events (20 events):
Event: 196.594 Thread 0x000000dbedd94000 16499       2       com.google.common.base.Verify::verify (18 bytes)
Event: 196.594 Thread 0x000000dbedd94000 nmethod 16499 0x000000dbd9533410 code [0x000000dbd95335e0, 0x000000dbd9533798]
Event: 196.595 Thread 0x000000dbedd94000 16500       2       com.android.tools.build.apkzlib.zip.ZipField::verify (77 bytes)
Event: 196.596 Thread 0x000000dbedd94000 nmethod 16500 0x000000dbd9533890 code [0x000000dbd9533b20, 0x000000dbd9534398]
Event: 196.597 Thread 0x000000dbedd94000 16501       2       com.android.tools.build.apkzlib.zip.utils.LittleEndianUtils::readUnsigned4Le (143 bytes)
Event: 196.598 Thread 0x000000dbedd94000 nmethod 16501 0x000000dbd9534810 code [0x000000dbd9534aa0, 0x000000dbd9535168]
Event: 196.601 Thread 0x000000dbedd94000 16502       1       com.android.tools.build.apkzlib.zip.CentralDirectoryHeader::getOffset (5 bytes)
Event: 196.601 Thread 0x000000dbedd94000 nmethod 16502 0x000000dbdf2f2a10 code [0x000000dbdf2f2bc0, 0x000000dbdf2f2c78]
Event: 196.603 Thread 0x000000dbedd94000 16503       1       com.android.tools.build.apkzlib.zip.CentralDirectoryHeader::getGpBit (5 bytes)
Event: 196.603 Thread 0x000000dbedd94000 nmethod 16503 0x000000dbdf2f2d10 code [0x000000dbdf2f2ec0, 0x000000dbdf2f2f78]
Event: 196.609 Thread 0x000000dbedd94000 16504       1       com.android.tools.build.apkzlib.zip.CentralDirectoryHeader::getCompressionInfo (5 bytes)
Event: 196.610 Thread 0x000000dbedd94000 nmethod 16504 0x000000dbdf2f3010 code [0x000000dbdf2f31c0, 0x000000dbdf2f3278]
Event: 196.610 Thread 0x000000dbedd94000 16505       1       com.google.common.util.concurrent.ImmediateFuture$ImmediateSuccessfulFuture::get (5 bytes)
Event: 196.610 Thread 0x000000dbedd94000 nmethod 16505 0x000000dbdf2f3310 code [0x000000dbdf2f34c0, 0x000000dbdf2f3578]
Event: 196.610 Thread 0x000000dbedd94000 16506       1       com.android.tools.build.apkzlib.zip.CentralDirectoryHeader::getEncodedFileName (5 bytes)
Event: 196.610 Thread 0x000000dbedd94000 nmethod 16506 0x000000dbdf2f3610 code [0x000000dbdf2f37c0, 0x000000dbdf2f3878]
Event: 196.612 Thread 0x000000dbedd94000 16507   !   2       java.io.RandomAccessFile::getChannel (87 bytes)
Event: 196.612 Thread 0x000000dbedd94000 nmethod 16507 0x000000dbd9535510 code [0x000000dbd9535700, 0x000000dbd9535c28]
Event: 196.614 Thread 0x000000dbedd94000 16508   !   2       java.nio.charset.CharsetDecoder::decode (287 bytes)
Event: 196.615 Thread 0x000000dbedd94000 nmethod 16508 0x000000dbd9535f10 code [0x000000dbd9536160, 0x000000dbd9536878]

GC Heap History (20 events):
Event: 186.995 GC heap before
{Heap before GC invocations=26 (full 0):
 garbage-first heap   total 225280K, used 160089K [0x0000000080000000, 0x0000000100000000)
  region size 1024K, 59 young (60416K), 9 survivors (9216K)
 Metaspace       used 103832K, capacity 106884K, committed 107168K, reserved 1142784K
  class space    used 13010K, capacity 13991K, committed 14036K, reserved 1048576K
}
Event: 187.031 GC heap after
{Heap after GC invocations=27 (full 0):
 garbage-first heap   total 225280K, used 118595K [0x0000000080000000, 0x0000000100000000)
  region size 1024K, 10 young (10240K), 10 survivors (10240K)
 Metaspace       used 103832K, capacity 106884K, committed 107168K, reserved 1142784K
  class space    used 13010K, capacity 13991K, committed 14036K, reserved 1048576K
}
Event: 188.067 GC heap before
{Heap before GC invocations=28 (full 0):
 garbage-first heap   total 225280K, used 182083K [0x0000000080000000, 0x0000000100000000)
  region size 1024K, 69 young (70656K), 10 survivors (10240K)
 Metaspace       used 103970K, capacity 107012K, committed 107168K, reserved 1142784K
  class space    used 13010K, capacity 13991K, committed 14036K, reserved 1048576K
}
Event: 188.097 GC heap after
{Heap after GC invocations=29 (full 0):
 garbage-first heap   total 225280K, used 129024K [0x0000000080000000, 0x0000000100000000)
  region size 1024K, 9 young (9216K), 9 survivors (9216K)
 Metaspace       used 103970K, capacity 107012K, committed 107168K, reserved 1142784K
  class space    used 13010K, capacity 13991K, committed 14036K, reserved 1048576K
}
Event: 188.127 GC heap before
{Heap before GC invocations=29 (full 0):
 garbage-first heap   total 225280K, used 130048K [0x0000000080000000, 0x0000000100000000)
  region size 1024K, 11 young (11264K), 9 survivors (9216K)
 Metaspace       used 103971K, capacity 107012K, committed 107168K, reserved 1142784K
  class space    used 13010K, capacity 13991K, committed 14036K, reserved 1048576K
}
Event: 188.146 GC heap after
{Heap after GC invocations=30 (full 0):
 garbage-first heap   total 225280K, used 127255K [0x0000000080000000, 0x0000000100000000)
  region size 1024K, 2 young (2048K), 2 survivors (2048K)
 Metaspace       used 103971K, capacity 107012K, committed 107168K, reserved 1142784K
  class space    used 13010K, capacity 13991K, committed 14036K, reserved 1048576K
}
Event: 188.459 GC heap before
{Heap before GC invocations=30 (full 0):
 garbage-first heap   total 225280K, used 142615K [0x0000000080000000, 0x0000000100000000)
  region size 1024K, 19 young (19456K), 2 survivors (2048K)
 Metaspace       used 104861K, capacity 108019K, committed 108320K, reserved 1142784K
  class space    used 13097K, capacity 14112K, committed 14164K, reserved 1048576K
}
Event: 188.465 GC heap after
{Heap after GC invocations=31 (full 0):
 garbage-first heap   total 225280K, used 126573K [0x0000000080000000, 0x0000000100000000)
  region size 1024K, 1 young (1024K), 1 survivors (1024K)
 Metaspace       used 104861K, capacity 108019K, committed 108320K, reserved 1142784K
  class space    used 13097K, capacity 14112K, committed 14164K, reserved 1048576K
}
Event: 191.421 GC heap before
{Heap before GC invocations=32 (full 0):
 garbage-first heap   total 225280K, used 207469K [0x0000000080000000, 0x0000000100000000)
  region size 1024K, 57 young (58368K), 1 survivors (1024K)
 Metaspace       used 109720K, capacity 112923K, committed 113184K, reserved 1148928K
  class space    used 13619K, capacity 14652K, committed 14676K, reserved 1048576K
}
Event: 191.435 GC heap after
{Heap after GC invocations=33 (full 0):
 garbage-first heap   total 225280K, used 132905K [0x0000000080000000, 0x0000000100000000)
  region size 1024K, 6 young (6144K), 6 survivors (6144K)
 Metaspace       used 109720K, capacity 112923K, committed 113184K, reserved 1148928K
  class space    used 13619K, capacity 14652K, committed 14676K, reserved 1048576K
}
Event: 191.491 GC heap before
{Heap before GC invocations=33 (full 0):
 garbage-first heap   total 225280K, used 138025K [0x0000000080000000, 0x0000000100000000)
  region size 1024K, 11 young (11264K), 6 survivors (6144K)
 Metaspace       used 109767K, capacity 112941K, committed 113184K, reserved 1148928K
  class space    used 13623K, capacity 14655K, committed 14676K, reserved 1048576K
}
Event: 191.506 GC heap after
{Heap after GC invocations=34 (full 0):
 garbage-first heap   total 225280K, used 132206K [0x0000000080000000, 0x0000000100000000)
  region size 1024K, 2 young (2048K), 2 survivors (2048K)
 Metaspace       used 109767K, capacity 112941K, committed 113184K, reserved 1148928K
  class space    used 13623K, capacity 14655K, committed 14676K, reserved 1048576K
}
Event: 192.413 GC heap before
{Heap before GC invocations=34 (full 0):
 garbage-first heap   total 225280K, used 184430K [0x0000000080000000, 0x0000000100000000)
  region size 1024K, 54 young (55296K), 2 survivors (2048K)
 Metaspace       used 113070K, capacity 116275K, committed 116640K, reserved 1150976K
  class space    used 13872K, capacity 14913K, committed 15060K, reserved 1048576K
}
Event: 192.441 GC heap after
{Heap after GC invocations=35 (full 0):
 garbage-first heap   total 225280K, used 138240K [0x0000000080000000, 0x0000000100000000)
  region size 1024K, 7 young (7168K), 7 survivors (7168K)
 Metaspace       used 113070K, capacity 116275K, committed 116640K, reserved 1150976K
  class space    used 13872K, capacity 14913K, committed 15060K, reserved 1048576K
}
Event: 193.302 GC heap before
{Heap before GC invocations=36 (full 0):
 garbage-first heap   total 225280K, used 178176K [0x0000000080000000, 0x0000000100000000)
  region size 1024K, 55 young (56320K), 7 survivors (7168K)
 Metaspace       used 113960K, capacity 117125K, committed 117408K, reserved 1150976K
  class space    used 13939K, capacity 14981K, committed 15060K, reserved 1048576K
}
Event: 193.309 GC heap after
{Heap after GC invocations=37 (full 0):
 garbage-first heap   total 225280K, used 125908K [0x0000000080000000, 0x0000000100000000)
  region size 1024K, 1 young (1024K), 1 survivors (1024K)
 Metaspace       used 113960K, capacity 117125K, committed 117408K, reserved 1150976K
  class space    used 13939K, capacity 14981K, committed 15060K, reserved 1048576K
}
Event: 193.535 GC heap before
{Heap before GC invocations=37 (full 0):
 garbage-first heap   total 225280K, used 135124K [0x0000000080000000, 0x0000000100000000)
  region size 1024K, 11 young (11264K), 1 survivors (1024K)
 Metaspace       used 114102K, capacity 117291K, committed 117408K, reserved 1150976K
  class space    used 13954K, capacity 15014K, committed 15060K, reserved 1048576K
}
Event: 193.547 GC heap after
{Heap after GC invocations=38 (full 0):
 garbage-first heap   total 225280K, used 111911K [0x0000000080000000, 0x0000000100000000)
  region size 1024K, 1 young (1024K), 1 survivors (1024K)
 Metaspace       used 114102K, capacity 117291K, committed 117408K, reserved 1150976K
  class space    used 13954K, capacity 15014K, committed 15060K, reserved 1048576K
}
Event: 195.453 GC heap before
{Heap before GC invocations=38 (full 0):
 garbage-first heap   total 225280K, used 174375K [0x0000000080000000, 0x0000000100000000)
  region size 1024K, 62 young (63488K), 1 survivors (1024K)
 Metaspace       used 118127K, capacity 121340K, committed 121504K, reserved 1155072K
  class space    used 14443K, capacity 15510K, committed 15572K, reserved 1048576K
}
Event: 195.467 GC heap after
{Heap after GC invocations=39 (full 0):
 garbage-first heap   total 225280K, used 114334K [0x0000000080000000, 0x0000000100000000)
  region size 1024K, 3 young (3072K), 3 survivors (3072K)
 Metaspace       used 118127K, capacity 121340K, committed 121504K, reserved 1155072K
  class space    used 14443K, capacity 15510K, committed 15572K, reserved 1048576K
}

Deoptimization events (20 events):
Event: 196.346 Thread 0x000000dbf3aa3000 DEOPT PACKING pc=0x000000dbd94e3c1c sp=0x000000db8547c3d0
Event: 196.346 Thread 0x000000dbf3aa3000 DEOPT UNPACKING pc=0x000000dbd6ec724e sp=0x000000db8547b970 mode 0
Event: 196.414 Thread 0x000000dbf4285000 Uncommon trap: trap_request=0xffffff4d fr.pc=0x000000dbdee26d98 relative=0x0000000000001b58
Event: 196.414 Thread 0x000000dbf4285000 Uncommon trap: reason=unstable_if action=reinterpret pc=0x000000dbdee26d98 method=java.io.BufferedReader.readLine(Z)Ljava/lang/String; @ 192 c2
Event: 196.415 Thread 0x000000dbf4285000 DEOPT PACKING pc=0x000000dbdee26d98 sp=0x000000db8bc0d870
Event: 196.415 Thread 0x000000dbf4285000 DEOPT UNPACKING pc=0x000000dbd6ec742f sp=0x000000db8bc0d848 mode 2
Event: 196.423 Thread 0x000000dbf4285000 DEOPT PACKING pc=0x000000dbd951e95b sp=0x000000db8bc0d800
Event: 196.423 Thread 0x000000dbf4285000 DEOPT UNPACKING pc=0x000000dbd6ec724e sp=0x000000db8bc0cd40 mode 0
Event: 196.436 Thread 0x000000dbf4288800 Uncommon trap: trap_request=0xffffff4d fr.pc=0x000000dbdec4225c relative=0x00000000000000bc
Event: 196.436 Thread 0x000000dbf4288800 Uncommon trap: reason=unstable_if action=reinterpret pc=0x000000dbdec4225c method=jdk.internal.misc.Unsafe.convEndian(ZS)S @ 4 c2
Event: 196.436 Thread 0x000000dbf4288800 DEOPT PACKING pc=0x000000dbdec4225c sp=0x000000db8bd0d860
Event: 196.436 Thread 0x000000dbf4288800 DEOPT UNPACKING pc=0x000000dbd6ec742f sp=0x000000db8bd0d720 mode 2
Event: 196.487 Thread 0x000000dbf4288800 Uncommon trap: trap_request=0xffffffde fr.pc=0x000000dbdf19ae74 relative=0x0000000000000134
Event: 196.487 Thread 0x000000dbf4288800 Uncommon trap: reason=class_check action=maybe_recompile pc=0x000000dbdf19ae74 method=java.nio.charset.CharsetDecoder.decode(Ljava/nio/ByteBuffer;Ljava/nio/CharBuffer;Z)Ljava/nio/charset/CoderResult; @ 57 c2
Event: 196.487 Thread 0x000000dbf4288800 DEOPT PACKING pc=0x000000dbdf19ae74 sp=0x000000db8bd0d860
Event: 196.487 Thread 0x000000dbf4288800 DEOPT UNPACKING pc=0x000000dbd6ec742f sp=0x000000db8bd0d808 mode 2
Event: 196.498 Thread 0x000000dbf4288800 Uncommon trap: trap_request=0xffffffde fr.pc=0x000000dbdf19ae74 relative=0x0000000000000134
Event: 196.498 Thread 0x000000dbf4288800 Uncommon trap: reason=class_check action=maybe_recompile pc=0x000000dbdf19ae74 method=java.nio.charset.CharsetDecoder.decode(Ljava/nio/ByteBuffer;Ljava/nio/CharBuffer;Z)Ljava/nio/charset/CoderResult; @ 57 c2
Event: 196.498 Thread 0x000000dbf4288800 DEOPT PACKING pc=0x000000dbdf19ae74 sp=0x000000db8bd0d710
Event: 196.498 Thread 0x000000dbf4288800 DEOPT UNPACKING pc=0x000000dbd6ec742f sp=0x000000db8bd0d6b8 mode 2

Classes redefined (0 events):
No events

Internal exceptions (20 events):
Event: 190.100 Thread 0x000000dbf533b000 Implicit null exception at 0x000000dbdecdf689 to 0x000000dbdecdfd54
Event: 191.289 Thread 0x000000dbf533b000 Implicit null exception at 0x000000dbdedc8a82 to 0x000000dbdedce97c
Event: 191.364 Thread 0x000000dbf533b000 Exception <a 'java/lang/NoSuchMethodError'{0x000000008a4fee48}: <clinit>> (0x000000008a4fee48) thrown at [./src/hotspot/share/prims/jni.cpp, line 1362]
Event: 193.263 Thread 0x000000dbf533f000 Exception <a 'sun/nio/fs/WindowsException'{0x000000008ad876b8}> (0x000000008ad876b8) thrown at [./src/hotspot/share/prims/jni.cpp, line 615]
Event: 193.263 Thread 0x000000dbf533f000 Exception <a 'sun/nio/fs/WindowsException'{0x000000008ad882c0}> (0x000000008ad882c0) thrown at [./src/hotspot/share/prims/jni.cpp, line 615]
Event: 193.281 Thread 0x000000dbf533d800 Exception <a 'sun/nio/fs/WindowsException'{0x000000008ac11c98}> (0x000000008ac11c98) thrown at [./src/hotspot/share/prims/jni.cpp, line 615]
Event: 193.433 Thread 0x000000dbf533c800 Exception <a 'java/lang/NoSuchMethodError'{0x000000008d6fbcf0}: <clinit>> (0x000000008d6fbcf0) thrown at [./src/hotspot/share/prims/jni.cpp, line 1362]
Event: 193.691 Thread 0x000000dbf533c800 Exception <a 'sun/nio/fs/WindowsException'{0x000000008d7e6c50}> (0x000000008d7e6c50) thrown at [./src/hotspot/share/prims/jni.cpp, line 615]
Event: 193.691 Thread 0x000000dbf533c800 Exception <a 'sun/nio/fs/WindowsException'{0x000000008d7e7878}> (0x000000008d7e7878) thrown at [./src/hotspot/share/prims/jni.cpp, line 615]
Event: 193.691 Thread 0x000000dbf533c800 Exception <a 'sun/nio/fs/WindowsException'{0x000000008d7e7b68}> (0x000000008d7e7b68) thrown at [./src/hotspot/share/prims/jni.cpp, line 615]
Event: 193.691 Thread 0x000000dbf533c800 Exception <a 'sun/nio/fs/WindowsException'{0x000000008d7e8750}> (0x000000008d7e8750) thrown at [./src/hotspot/share/prims/jni.cpp, line 615]
Event: 193.692 Thread 0x000000dbf533c800 Exception <a 'sun/nio/fs/WindowsException'{0x000000008d7e8a20}> (0x000000008d7e8a20) thrown at [./src/hotspot/share/prims/jni.cpp, line 615]
Event: 193.692 Thread 0x000000dbf533c800 Exception <a 'sun/nio/fs/WindowsException'{0x000000008d7e95f8}> (0x000000008d7e95f8) thrown at [./src/hotspot/share/prims/jni.cpp, line 615]
Event: 196.164 Thread 0x000000dbf533b000 Exception <a 'sun/nio/fs/WindowsException'{0x000000008ce58878}> (0x000000008ce58878) thrown at [./src/hotspot/share/prims/jni.cpp, line 615]
Event: 196.164 Thread 0x000000dbf533b000 Exception <a 'sun/nio/fs/WindowsException'{0x000000008ce59ce0}> (0x000000008ce59ce0) thrown at [./src/hotspot/share/prims/jni.cpp, line 615]
Event: 196.202 Thread 0x000000dbf533b000 Exception <a 'sun/nio/fs/WindowsException'{0x000000008ce63148}> (0x000000008ce63148) thrown at [./src/hotspot/share/prims/jni.cpp, line 615]
Event: 196.203 Thread 0x000000dbf533b000 Exception <a 'sun/nio/fs/WindowsException'{0x000000008ce64510}> (0x000000008ce64510) thrown at [./src/hotspot/share/prims/jni.cpp, line 615]
Event: 196.218 Thread 0x000000dbf533b000 Implicit null exception at 0x000000dbde9bc7a9 to 0x000000dbde9bc890
Event: 196.230 Thread 0x000000dbf4288800 Exception <a 'sun/nio/fs/WindowsException'{0x000000008cab2a10}> (0x000000008cab2a10) thrown at [./src/hotspot/share/prims/jni.cpp, line 615]
Event: 196.230 Thread 0x000000dbf4288800 Exception <a 'sun/nio/fs/WindowsException'{0x000000008cab2cd0}> (0x000000008cab2cd0) thrown at [./src/hotspot/share/prims/jni.cpp, line 615]

Events (20 events):
Event: 196.498 loading class java/io/SequenceInputStream
Event: 196.499 loading class java/io/SequenceInputStream done
Event: 196.499 loading class com/android/tools/build/apkzlib/zip/ProcessedAndRawByteSources
Event: 196.499 loading class com/android/tools/build/apkzlib/zip/ProcessedAndRawByteSources done
Event: 196.499 loading class com/android/tools/build/apkzlib/zip/StoredEntryType
Event: 196.499 loading class com/android/tools/build/apkzlib/zip/StoredEntryType done
Event: 196.500 loading class com/android/tools/build/apkzlib/zip/DataDescriptorType
Event: 196.500 loading class com/android/tools/build/apkzlib/zip/DataDescriptorType done
Event: 196.502 loading class com/android/tools/build/apkzlib/zip/ZFileExtension
Event: 196.502 loading class com/android/tools/build/apkzlib/zip/ZFileExtension done
Event: 196.503 loading class com/android/tools/build/apkzlib/utils/IOExceptionRunnable
Event: 196.503 loading class com/android/tools/build/apkzlib/utils/IOExceptionRunnable done
Event: 196.503 loading class com/android/tools/build/apkzlib/zip/ZFileExtension
Event: 196.503 loading class com/android/tools/build/apkzlib/zip/ZFileExtension done
Event: 196.503 loading class com/android/tools/build/apkzlib/utils/IOExceptionFunction
Event: 196.503 loading class com/android/tools/build/apkzlib/utils/IOExceptionFunction done
Event: 196.503 loading class com/android/tools/build/apkzlib/utils/IOExceptionFunction
Event: 196.503 loading class com/android/tools/build/apkzlib/utils/IOExceptionFunction done
Event: 196.565 Executing VM operation: RevokeBias
Event: 196.566 Executing VM operation: RevokeBias done


Dynamic libraries:
0x00007ff72c5f0000 - 0x00007ff72c5fa000 	C:\Program Files\Android\Android Studio1\jre\bin\java.exe
0x00007fffd9bc0000 - 0x00007fffd9d6d000 	C:\Windows\SYSTEM32\ntdll.dll
0x00007fffd9760000 - 0x00007fffd989f000 	C:\Windows\system32\KERNEL32.DLL
0x00007fffbb490000 - 0x00007fffbb4a5000 	C:\Program Files\Avast Software\Avast\aswhook.dll
0x00007fffd7120000 - 0x00007fffd7235000 	C:\Windows\system32\KERNELBASE.dll
0x00007fffca160000 - 0x00007fffca179000 	C:\Program Files\Android\Android Studio1\jre\bin\jli.dll
0x00007fffc99e0000 - 0x00007fffc99f7000 	C:\Program Files\Android\Android Studio1\jre\bin\VCRUNTIME140.dll
0x00007fffb8500000 - 0x00007fffb8504000 	C:\Windows\SYSTEM32\api-ms-win-crt-stdio-l1-1-0.dll
0x00007fffb73f0000 - 0x00007fffb73f4000 	C:\Windows\SYSTEM32\api-ms-win-crt-runtime-l1-1-0.dll
0x00007fffa93f0000 - 0x00007fffa93f3000 	C:\Windows\SYSTEM32\api-ms-win-crt-environment-l1-1-0.dll
0x00007fffa9100000 - 0x00007fffa9105000 	C:\Windows\SYSTEM32\api-ms-win-crt-math-l1-1-0.dll
0x00007fffa77a0000 - 0x00007fffa77a3000 	C:\Windows\SYSTEM32\api-ms-win-crt-locale-l1-1-0.dll
0x00007fffa8410000 - 0x00007fffa8413000 	C:\Windows\SYSTEM32\api-ms-win-crt-heap-l1-1-0.dll
0x00007fffd4b50000 - 0x00007fffd4dcb000 	C:\Windows\WinSxS\amd64_microsoft.windows.common-controls_6595b64144ccf1df_6.0.9600.19394_none_62486577ecb635cf\COMCTL32.dll
0x00007fffd74d0000 - 0x00007fffd7647000 	C:\Windows\system32\USER32.dll
0x00007fffa90f0000 - 0x00007fffa90f3000 	C:\Windows\SYSTEM32\api-ms-win-crt-filesystem-l1-1-0.dll
0x00007fffb74a0000 - 0x00007fffb74a4000 	C:\Windows\SYSTEM32\api-ms-win-crt-string-l1-1-0.dll
0x00007fffb7120000 - 0x00007fffb7124000 	C:\Windows\SYSTEM32\api-ms-win-crt-convert-l1-1-0.dll
0x00007fffd9240000 - 0x00007fffd92ea000 	C:\Windows\system32\msvcrt.dll
0x00007fffd9030000 - 0x00007fffd917e000 	C:\Windows\system32\GDI32.dll
0x00007fffa5890000 - 0x00007fffa5984000 	C:\Windows\SYSTEM32\ucrtbase.DLL
0x00007fffd8ff0000 - 0x00007fffd9026000 	C:\Windows\system32\IMM32.DLL
0x00007fffd7310000 - 0x00007fffd7461000 	C:\Windows\system32\MSCTF.dll
0x00007fffd6cc0000 - 0x00007fffd6cf0000 	C:\Windows\system32\nvinitx.dll
0x00007fffd6c90000 - 0x00007fffd6c9a000 	C:\Windows\SYSTEM32\VERSION.dll
0x00007fffd9650000 - 0x00007fffd96fa000 	C:\Windows\system32\ADVAPI32.dll
0x00007fffd9700000 - 0x00007fffd9758000 	C:\Windows\SYSTEM32\sechost.dll
0x00007fffd7840000 - 0x00007fffd797a000 	C:\Windows\system32\RPCRT4.dll
0x00007fffd7040000 - 0x00007fffd706e000 	C:\Windows\system32\SspiCli.dll
0x000000005a0c0000 - 0x000000005a0c6000 	C:\Program Files\NVIDIA Corporation\CoProcManager\_etoured.dll
0x00007fffd2190000 - 0x00007fffd21c8000 	C:\Program Files\NVIDIA Corporation\CoProcManager\nvd3d9wrapx.dll
0x00007fffd7650000 - 0x00007fffd782a000 	C:\Windows\system32\SETUPAPI.dll
0x00007fffd6db0000 - 0x00007fffd6dff000 	C:\Windows\system32\CFGMGR32.dll
0x00007fffd2160000 - 0x00007fffd2184000 	C:\Program Files\NVIDIA Corporation\CoProcManager\nvdxgiwrapx.dll
0x00007fffac260000 - 0x00007fffac2fd000 	C:\Program Files\Android\Android Studio1\jre\bin\msvcp140.dll
0x00007fffb9050000 - 0x00007fffb9055000 	C:\Windows\SYSTEM32\api-ms-win-crt-multibyte-l1-1-0.dll
0x00007fffa8420000 - 0x00007fffa8423000 	C:\Windows\SYSTEM32\api-ms-win-crt-time-l1-1-0.dll
0x00007fffa9220000 - 0x00007fffa9223000 	C:\Windows\SYSTEM32\api-ms-win-crt-utility-l1-1-0.dll
0x00007fffa8430000 - 0x00007fffa8eec000 	C:\Program Files\Android\Android Studio1\jre\bin\server\jvm.dll
0x00007fffcfa60000 - 0x00007fffcfa69000 	C:\Windows\SYSTEM32\WSOCK32.dll
0x00007fffd0f00000 - 0x00007fffd0f22000 	C:\Windows\SYSTEM32\WINMM.dll
0x00007fffd9ac0000 - 0x00007fffd9ac7000 	C:\Windows\system32\PSAPI.DLL
0x00007fffd8ed0000 - 0x00007fffd8f2a000 	C:\Windows\system32\WS2_32.dll
0x00007fffd0840000 - 0x00007fffd086a000 	C:\Windows\SYSTEM32\WINMMBASE.dll
0x00007fffd7980000 - 0x00007fffd7989000 	C:\Windows\system32\NSI.dll
0x00007fffd5ad0000 - 0x00007fffd5af8000 	C:\Windows\SYSTEM32\DEVOBJ.dll
0x00007fffa83f0000 - 0x00007fffa8401000 	C:\Program Files\Android\Android Studio1\jre\bin\verify.dll
0x00007fffd39f0000 - 0x00007fffd3b79000 	C:\Windows\SYSTEM32\DBGHELP.DLL
0x00007fffa83c0000 - 0x00007fffa83e9000 	C:\Program Files\Android\Android Studio1\jre\bin\java.dll
0x00007fffa83b0000 - 0x00007fffa83bb000 	C:\Program Files\Android\Android Studio1\jre\bin\jimage.dll
0x00007fffa8390000 - 0x00007fffa83a8000 	C:\Program Files\Android\Android Studio1\jre\bin\zip.dll
0x00007fffd79a0000 - 0x00007fffd8ece000 	C:\Windows\system32\SHELL32.dll
0x00007fffd98a0000 - 0x00007fffd9ab1000 	C:\Windows\SYSTEM32\combase.dll
0x00007fffd72b0000 - 0x00007fffd7304000 	C:\Windows\system32\SHLWAPI.dll
0x00007fffd57c0000 - 0x00007fffd5872000 	C:\Windows\SYSTEM32\SHCORE.dll
0x00007fffd6ca0000 - 0x00007fffd6cb5000 	C:\Windows\SYSTEM32\profapi.dll
0x00007fffa77e0000 - 0x00007fffa77fa000 	C:\Program Files\Android\Android Studio1\jre\bin\net.dll
0x00007fffcca50000 - 0x00007fffccb19000 	C:\Windows\SYSTEM32\WINHTTP.dll
0x00007fffd64e0000 - 0x00007fffd6539000 	C:\Windows\system32\mswsock.dll
0x00007fffa77c0000 - 0x00007fffa77d4000 	C:\Program Files\Android\Android Studio1\jre\bin\nio.dll
0x00007fffacea0000 - 0x00007fffacec7000 	C:\Users\Admin\.gradle\native\fdc75f09e3144964f2cf3f50f0aa648679c211496f362492102eb8c894070792\windows-amd64\native-platform.dll
0x00007fffacd00000 - 0x00007ffface96000 	C:\Users\Admin\.gradle\native\12488b8bf47d2d4c9fbf2f6322a914ad602e24e48041cd04a747c6da556b65c4\windows-amd64\native-platform-file-events.dll
0x00007fffa8380000 - 0x00007fffa838a000 	C:\Program Files\Android\Android Studio1\jre\bin\management.dll
0x00007fffa77b0000 - 0x00007fffa77bc000 	C:\Program Files\Android\Android Studio1\jre\bin\management_ext.dll
0x00007fffd6540000 - 0x00007fffd6560000 	C:\Windows\SYSTEM32\CRYPTSP.dll
0x00007fffd6160000 - 0x00007fffd6196000 	C:\Windows\system32\rsaenh.dll
0x00007fffd6780000 - 0x00007fffd67a6000 	C:\Windows\SYSTEM32\bcrypt.dll
0x00007fffd6270000 - 0x00007fffd6291000 	C:\Windows\SYSTEM32\USERENV.dll
0x00007fffd6aa0000 - 0x00007fffd6b03000 	C:\Windows\system32\bcryptprimitives.dll
0x00007fffd6b10000 - 0x00007fffd6b1b000 	C:\Windows\SYSTEM32\CRYPTBASE.dll
0x00007fffd0870000 - 0x00007fffd089a000 	C:\Windows\SYSTEM32\IPHLPAPI.DLL
0x00007fffd07e0000 - 0x00007fffd07ea000 	C:\Windows\SYSTEM32\WINNSI.DLL
0x00007fffd0330000 - 0x00007fffd0346000 	C:\Windows\SYSTEM32\dhcpcsvc6.DLL
0x00007fffd04f0000 - 0x00007fffd050a000 	C:\Windows\SYSTEM32\dhcpcsvc.DLL
0x00007fffa56e0000 - 0x00007fffa5882000 	C:\Program Files\Android\Android Studio1\jre\bin\awt.dll
0x00007fffd4ec0000 - 0x00007fffd4ee1000 	C:\Windows\SYSTEM32\dwmapi.dll
0x00007fffd9af0000 - 0x00007fffd9bb6000 	C:\Windows\system32\OLEAUT32.dll
0x00007fffd5880000 - 0x00007fffd590e000 	C:\Windows\system32\apphelp.dll
0x00007fffd5950000 - 0x00007fffd5a79000 	C:\Windows\system32\uxtheme.dll

dbghelp: loaded successfully - version: 4.0.5 - missing functions: none
symbol engine: initialized successfully - sym options: 0x614 - pdb path: .;C:\Program Files\Android\Android Studio1\jre\bin;C:\Windows\SYSTEM32;C:\Program Files\Avast Software\Avast;C:\Windows\WinSxS\amd64_microsoft.windows.common-controls_6595b64144ccf1df_6.0.9600.19394_none_62486577ecb635cf;C:\Program Files\NVIDIA Corporation\CoProcManager;C:\Program Files\Android\Android Studio1\jre\bin\server;C:\Users\Admin\.gradle\native\fdc75f09e3144964f2cf3f50f0aa648679c211496f362492102eb8c894070792\windows-amd64;C:\Users\Admin\.gradle\native\12488b8bf47d2d4c9fbf2f6322a914ad602e24e48041cd04a747c6da556b65c4\windows-amd64

VM Arguments:
jvm_args: --add-opens=java.base/java.util=ALL-UNNAMED --add-opens=java.base/java.lang=ALL-UNNAMED --add-opens=java.base/java.lang.invoke=ALL-UNNAMED --add-opens=java.prefs/java.util.prefs=ALL-UNNAMED -Xmx2048m -Dfile.encoding=UTF-8 -Duser.country=RU -Duser.language=ru -Duser.variant 
java_command: org.gradle.launcher.daemon.bootstrap.GradleDaemon 6.7.1
java_class_path (initial): C:\Users\Admin\.gradle\wrapper\dists\gradle-6.7.1-bin\bwlcbys1h7rz3272sye1xwiv6\gradle-6.7.1\lib\gradle-launcher-6.7.1.jar
Launcher Type: SUN_STANDARD

[Global flags]
     intx CICompilerCount                          = 3                                         {product} {ergonomic}
     uint ConcGCThreads                            = 1                                         {product} {ergonomic}
     uint G1ConcRefinementThreads                  = 4                                         {product} {ergonomic}
   size_t G1HeapRegionSize                         = 1048576                                   {product} {ergonomic}
    uintx GCDrainStackTargetSize                   = 64                                        {product} {ergonomic}
   size_t InitialHeapSize                          = 132120576                                 {product} {ergonomic}
   size_t MarkStackSize                            = 4194304                                   {product} {ergonomic}
   size_t MaxHeapSize                              = 2147483648                                {product} {command line}
   size_t MaxNewSize                               = 1287651328                                {product} {ergonomic}
   size_t MinHeapDeltaBytes                        = 1048576                                   {product} {ergonomic}
    uintx NonNMethodCodeHeapSize                   = 5830732                                {pd product} {ergonomic}
    uintx NonProfiledCodeHeapSize                  = 122913754                              {pd product} {ergonomic}
    uintx ProfiledCodeHeapSize                     = 122913754                              {pd product} {ergonomic}
    uintx ReservedCodeCacheSize                    = 251658240                              {pd product} {ergonomic}
     bool SegmentedCodeCache                       = true                                      {product} {ergonomic}
     bool UseCompressedClassPointers               = true                                 {lp64_product} {ergonomic}
     bool UseCompressedOops                        = true                                 {lp64_product} {ergonomic}
     bool UseG1GC                                  = true                                      {product} {ergonomic}
     bool UseLargePagesIndividualAllocation        = false                                  {pd product} {ergonomic}

Logging:
Log output configuration:
 #0: stdout all=warning uptime,level,tags
 #1: stderr all=off uptime,level,tags

Environment Variables:
PATH=C:\Program Files\Android\Android Studio\jre
USERNAME=Admin
OS=Windows_NT
PROCESSOR_IDENTIFIER=Intel64 Family 6 Model 58 Stepping 9, GenuineIntel



---------------  S Y S T E M  ---------------

OS: Windows 8.1 , 64 bit Build 9600 (6.3.9600.20062)
OS uptime: 1 days 2:48 hours

CPU:total 4 (initial active 4) (2 cores per cpu, 2 threads per core) family 6 model 58 stepping 9, cmov, cx8, fxsr, mmx, sse, sse2, sse3, ssse3, sse4.1, sse4.2, popcnt, avx, aes, clmul, erms, ht, tsc, tscinvbit, tscinv

Memory: 4k page, system-wide physical 8010M (852M free)
TotalPageFile size 10058M (AvailPageFile size 5M)
current process WorkingSet (physical memory assigned to process): 553M, peak: 554M
current process commit charge ("private bytes"): 583M, peak: 584M

vm_info: OpenJDK 64-Bit Server VM (11.0.8+10-b944.6842174) for windows-amd64 JRE (11.0.8+10-b944.6842174), built on Sep 19 2020 01:11:42 by "builder" with MS VC++ 14.0 (VS2015)

END.
