#
# There is insufficient memory for the Java Runtime Environment to continue.
# Native memory allocation (mmap) failed to map 198180864 bytes for Failed to commit area from 0x0000000092100000 to 0x000000009de00000 of length 198180864.
# Possible reasons:
#   The system is out of physical RAM or swap space
#   The process is running with CompressedOops enabled, and the Java Heap may be blocking the growth of the native heap
# Possible solutions:
#   Reduce memory load on the system
#   Increase physical memory or swap space
#   Check if swap backing store is full
#   Decrease Java heap size (-Xmx/-Xms)
#   Decrease number of Java threads
#   Decrease Java thread stack sizes (-Xss)
#   Set larger code cache with -XX:ReservedCodeCacheSize=
#   JVM is running with Unscaled Compressed Oops mode in which the Java heap is
#     placed in the first 4GB address space. The Java Heap base address is the
#     maximum limit for the native heap growth. Please use -XX:HeapBaseMinAddress
#     to set the Java Heap base and to place the Java Heap above 4GB virtual address.
# This output file may be truncated or incomplete.
#
#  Out of Memory Error (./src/hotspot/os/windows/os_windows.cpp:3303), pid=8888, tid=8948
#
# JRE version: OpenJDK Runtime Environment (11.0.8+10) (build 11.0.8+10-b944.6842174)
# Java VM: OpenJDK 64-Bit Server VM (11.0.8+10-b944.6842174, mixed mode, tiered, compressed oops, g1 gc, windows-amd64)
# No core dump will be written. Minidumps are not enabled by default on client versions of Windows
#

---------------  S U M M A R Y ------------

Command Line: --add-opens=java.base/java.util=ALL-UNNAMED --add-opens=java.base/java.lang=ALL-UNNAMED --add-opens=java.base/java.lang.invoke=ALL-UNNAMED --add-opens=java.prefs/java.util.prefs=ALL-UNNAMED -Xmx2048m -Dfile.encoding=UTF-8 -Duser.country=RU -Duser.language=ru -Duser.variant org.gradle.launcher.daemon.bootstrap.GradleDaemon 6.7.1

Host: Intel(R) Core(TM) i5-3230M CPU @ 2.60GHz, 4 cores, 7G,  Windows 8.1 , 64 bit Build 9600 (6.3.9600.20062)
Time: Mon Oct 18 21:55:58 2021 RTZ 2 (ceia) elapsed time: 41 seconds (0d 0h 0m 41s)

---------------  T H R E A D  ---------------

Current thread (0x000000d24f229800):  VMThread "VM Thread" [stack: 0x000000d250030000,0x000000d250130000] [id=8948]

Stack: [0x000000d250030000,0x000000d250130000]
[error occurred during error reporting (printing stack bounds), id 0xc0000005, EXCEPTION_ACCESS_VIOLATION (0xc0000005) at pc=0x000000d238df0dad]

Native frames: (J=compiled Java code, j=interpreted, Vv=VM code, C=native code)
V  [jvm.dll+0x5de50a]
V  [jvm.dll+0x7122f5]
V  [jvm.dll+0x71384d]
V  [jvm.dll+0x713e65]
V  [jvm.dll+0x713e1b]
V  [jvm.dll+0x5dd958]
V  [jvm.dll+0x5de0f8]
C  [ntdll.dll+0x92f5d]
C  [ntdll.dll+0x54547]
C  [ntdll.dll+0x920ea]
C  0x000000d238df0dad

VM_Operation (0x000000d26d38e210): G1CollectForAllocation, mode: safepoint, requested by thread 0x000000d258b3f000


---------------  P R O C E S S  ---------------

Threads class SMR info:
_java_thread_list=0x000000d257516350, length=152, elements={
0x000000d2354e1800, 0x000000d24fc5e000, 0x000000d24fc60000, 0x000000d24fc81800,
0x000000d24fc82800, 0x000000d24fc86000, 0x000000d24fd27000, 0x000000d24fd30800,
0x000000d24fe2a800, 0x000000d24fe76000, 0x000000d252828800, 0x000000d25191d000,
0x000000d251ed6800, 0x000000d251c6c800, 0x000000d252b6f000, 0x000000d252a5e800,
0x000000d252a5f800, 0x000000d252066000, 0x000000d251e26800, 0x000000d251ca7800,
0x000000d2529ed800, 0x000000d2529ef000, 0x000000d2529ee000, 0x000000d2529ec800,
0x000000d2529f0800, 0x000000d2529f2800, 0x000000d2529f0000, 0x000000d2529f1800,
0x000000d2529f3000, 0x000000d255ce8800, 0x000000d255ce7000, 0x000000d255cea000,
0x000000d255ce7800, 0x000000d255cec800, 0x000000d255cec000, 0x000000d255ced800,
0x000000d255ceb000, 0x000000d255cee800, 0x000000d255cef000, 0x000000d255cf0800,
0x000000d255cf2800, 0x000000d255cf0000, 0x000000d255cf3000, 0x000000d255cf1800,
0x000000d255cf4000, 0x000000d255cf5000, 0x000000d255cf5800, 0x000000d253084000,
0x000000d253082800, 0x000000d253083800, 0x000000d253082000, 0x000000d253085000,
0x000000d253086000, 0x000000d253087800, 0x000000d253089000, 0x000000d253088800,
0x000000d253086800, 0x000000d25308a000, 0x000000d25308d000, 0x000000d25308b000,
0x000000d25308b800, 0x000000d25308c800, 0x000000d253090800, 0x000000d25308f800,
0x000000d25308e000, 0x000000d25308f000, 0x000000d253092800, 0x000000d253093800,
0x000000d253092000, 0x000000d253096800, 0x000000d253094800, 0x000000d253097800,
0x000000d253095000, 0x000000d253098800, 0x000000d253096000, 0x000000d25309b000,
0x000000d25309b800, 0x000000d25309a000, 0x000000d253099000, 0x000000d25309c800,
0x000000d25309d000, 0x000000d25309f800, 0x000000d2530a0800, 0x000000d25309e000,
0x000000d25309f000, 0x000000d256266000, 0x000000d256266800, 0x000000d256264000,
0x000000d256267800, 0x000000d256265000, 0x000000d256269000, 0x000000d25626a800,
0x000000d256268800, 0x000000d25626b800, 0x000000d25626c800, 0x000000d25626a000,
0x000000d25626f000, 0x000000d25626e000, 0x000000d25626f800, 0x000000d25626d000,
0x000000d256273000, 0x000000d256270800, 0x000000d256271800, 0x000000d256272000,
0x000000d256179000, 0x000000d256176800, 0x000000d256177000, 0x000000d256179800,
0x000000d25617a800, 0x000000d256178000, 0x000000d25617c000, 0x000000d25617d000,
0x000000d25617b800, 0x000000d25617f800, 0x000000d25617e800, 0x000000d256180000,
0x000000d25617d800, 0x000000d256183800, 0x000000d256182000, 0x000000d256182800,
0x000000d256181000, 0x000000d256185000, 0x000000d256184800, 0x000000d2562af000,
0x000000d2562ae000, 0x000000d2562af800, 0x000000d2562ad800, 0x000000d2562b1800,
0x000000d2562b2000, 0x000000d2562b3000, 0x000000d2562b0800, 0x000000d2562b5800,
0x000000d2562b4000, 0x000000d2562b6800, 0x000000d2562b4800, 0x000000d2562b8000,
0x000000d2562b8800, 0x000000d2562b9800, 0x000000d2562b7000, 0x000000d2562ba800,
0x000000d2562bb000, 0x000000d2562bc000, 0x000000d261eec800, 0x000000d261eed800,
0x000000d261eeb000, 0x000000d261eee800, 0x000000d261eec000, 0x000000d261ef1000,
0x000000d261ef0000, 0x000000d261eef000, 0x000000d258b3f000, 0x000000d256537000
}

Java Threads: ( => current thread )
  0x000000d2354e1800 JavaThread "main" [_thread_blocked, id=8924, stack(0x000000d234b50000,0x000000d234c50000)]
  0x000000d24fc5e000 JavaThread "Reference Handler" daemon [_thread_blocked, id=8952, stack(0x000000d250130000,0x000000d250230000)]
  0x000000d24fc60000 JavaThread "Finalizer" daemon [_thread_blocked, id=8956, stack(0x000000d250230000,0x000000d250330000)]
  0x000000d24fc81800 JavaThread "Signal Dispatcher" daemon [_thread_blocked, id=8960, stack(0x000000d250330000,0x000000d250430000)]
  0x000000d24fc82800 JavaThread "Attach Listener" daemon [_thread_blocked, id=8964, stack(0x000000d250430000,0x000000d250530000)]
  0x000000d24fc86000 JavaThread "C2 CompilerThread0" daemon [_thread_blocked, id=8968, stack(0x000000d250530000,0x000000d250630000)]
  0x000000d24fd27000 JavaThread "C1 CompilerThread0" daemon [_thread_blocked, id=8972, stack(0x000000d250630000,0x000000d250730000)]
  0x000000d24fd30800 JavaThread "Sweeper thread" daemon [_thread_blocked, id=8976, stack(0x000000d250730000,0x000000d250830000)]
  0x000000d24fe2a800 JavaThread "Common-Cleaner" daemon [_thread_blocked, id=8980, stack(0x000000d250830000,0x000000d250930000)]
  0x000000d24fe76000 JavaThread "Service Thread" daemon [_thread_blocked, id=8984, stack(0x000000d250930000,0x000000d250a30000)]
  0x000000d252828800 JavaThread "Daemon health stats" [_thread_blocked, id=9004, stack(0x000000d2539d0000,0x000000d253ad0000)]
  0x000000d25191d000 JavaThread "Incoming local TCP Connector on port 56112" [_thread_in_native, id=9016, stack(0x000000d253ed0000,0x000000d253fd0000)]
  0x000000d251ed6800 JavaThread "Daemon periodic checks" [_thread_blocked, id=9024, stack(0x000000d2543c0000,0x000000d2544c0000)]
  0x000000d251c6c800 JavaThread "Daemon" [_thread_blocked, id=9028, stack(0x000000d2544c0000,0x000000d2545c0000)]
  0x000000d252b6f000 JavaThread "Handler for socket connection from /127.0.0.1:56112 to /127.0.0.1:56113" [_thread_in_native, id=9032, stack(0x000000d2545c0000,0x000000d2546c0000)]
  0x000000d252a5e800 JavaThread "Cancel handler" [_thread_blocked, id=9036, stack(0x000000d2547c0000,0x000000d2548c0000)]
  0x000000d252a5f800 JavaThread "Daemon worker" [_thread_blocked, id=9040, stack(0x000000d2548c0000,0x000000d2549c0000)]
  0x000000d252066000 JavaThread "Asynchronous log dispatcher for DefaultDaemonConnection: socket connection from /127.0.0.1:56112 to /127.0.0.1:56113" [_thread_blocked, id=9052, stack(0x000000d2549c0000,0x000000d254ac0000)]
  0x000000d251e26800 JavaThread "Stdin handler" [_thread_blocked, id=9056, stack(0x000000d254ac0000,0x000000d254bc0000)]
  0x000000d251ca7800 JavaThread "Thread-8" [_thread_blocked, id=9060, stack(0x000000d254bc0000,0x000000d254cc0000)]
  0x000000d2529ed800 JavaThread "Cache worker for file hash cache (C:\Users\Admin\.gradle\caches\6.7.1\fileHashes)" [_thread_blocked, id=9064, stack(0x000000d254ec0000,0x000000d254fc0000)]
  0x000000d2529ef000 JavaThread "File lock request listener" [_thread_in_native, id=9068, stack(0x000000d254fc0000,0x000000d2550c0000)]
  0x000000d2529ee000 JavaThread "Cache worker for journal cache (C:\Users\Admin\.gradle\caches\journal-1)" [_thread_blocked, id=9072, stack(0x000000d251330000,0x000000d251430000)]
  0x000000d2529ec800 JavaThread "Cache worker for file hash cache (C:\Users\Admin\AndroidStudioProjects\Fixit\.gradle\6.7.1\fileHashes)" [_thread_blocked, id=9080, stack(0x000000d2552c0000,0x000000d2553c0000)]
  0x000000d2529f0800 JavaThread "Cache worker for checksums cache (C:\Users\Admin\AndroidStudioProjects\Fixit\.gradle\checksums)" [_thread_blocked, id=9084, stack(0x000000d256eb0000,0x000000d256fb0000)]
  0x000000d2529f2800 JavaThread "Cache worker for cache directory md-supplier (C:\Users\Admin\.gradle\caches\6.7.1\md-supplier)" [_thread_blocked, id=9088, stack(0x000000d2568b0000,0x000000d2569b0000)]
  0x000000d2529f0000 JavaThread "Cache worker for cache directory md-rule (C:\Users\Admin\.gradle\caches\6.7.1\md-rule)" [_thread_blocked, id=9092, stack(0x000000d2569b0000,0x000000d256ab0000)]
  0x000000d2529f1800 JavaThread "Cache worker for execution history cache (C:\Users\Admin\.gradle\caches\6.7.1\executionHistory)" [_thread_blocked, id=9096, stack(0x000000d256cb0000,0x000000d256db0000)]
  0x000000d2529f3000 JavaThread "jar transforms" [_thread_blocked, id=9100, stack(0x000000d256db0000,0x000000d256eb0000)]
  0x000000d255ce8800 JavaThread "Cache worker for file content cache (C:\Users\Admin\.gradle\caches\6.7.1\fileContent)" [_thread_blocked, id=9104, stack(0x000000d2595d0000,0x000000d2596d0000)]
  0x000000d255ce7000 JavaThread "Cache worker for Build Output Cleanup Cache (C:\Users\Admin\AndroidStudioProjects\Fixit\.gradle\buildOutputCleanup)" [_thread_blocked, id=9108, stack(0x000000d259cd0000,0x000000d259dd0000)]
  0x000000d255cea000 JavaThread "Build operations" [_thread_blocked, id=9112, stack(0x000000d259fd0000,0x000000d25a0d0000)]
  0x000000d255ce7800 JavaThread "Build operations Thread 2" [_thread_blocked, id=9116, stack(0x000000d25a0d0000,0x000000d25a1d0000)]
  0x000000d255cec800 JavaThread "Build operations Thread 3" [_thread_blocked, id=9120, stack(0x000000d25a1d0000,0x000000d25a2d0000)]
  0x000000d255cec000 JavaThread "Build operations Thread 4" [_thread_blocked, id=9124, stack(0x000000d25a2d0000,0x000000d25a3d0000)]
  0x000000d255ced800 JavaThread "jar transforms Thread 2" [_thread_blocked, id=9128, stack(0x000000d25a3d0000,0x000000d25a4d0000)]
  0x000000d255ceb000 JavaThread "jar transforms Thread 3" [_thread_blocked, id=9132, stack(0x000000d25a4d0000,0x000000d25a5d0000)]
  0x000000d255cee800 JavaThread "jar transforms Thread 4" [_thread_blocked, id=9136, stack(0x000000d25a5d0000,0x000000d25a6d0000)]
  0x000000d255cef000 JavaThread "jar transforms Thread 5" [_thread_blocked, id=9140, stack(0x000000d25a6d0000,0x000000d25a7d0000)]
  0x000000d255cf0800 JavaThread "jar transforms Thread 6" [_thread_blocked, id=9144, stack(0x000000d25a7d0000,0x000000d25a8d0000)]
  0x000000d255cf2800 JavaThread "jar transforms Thread 7" [_thread_blocked, id=9148, stack(0x000000d25a8d0000,0x000000d25a9d0000)]
  0x000000d255cf0000 JavaThread "jar transforms Thread 8" [_thread_blocked, id=9152, stack(0x000000d25a9d0000,0x000000d25aad0000)]
  0x000000d255cf3000 JavaThread "jar transforms Thread 9" [_thread_blocked, id=9156, stack(0x000000d25aad0000,0x000000d25abd0000)]
  0x000000d255cf1800 JavaThread "jar transforms Thread 10" [_thread_blocked, id=9160, stack(0x000000d25abd0000,0x000000d25acd0000)]
  0x000000d255cf4000 JavaThread "jar transforms Thread 11" [_thread_blocked, id=9164, stack(0x000000d25acd0000,0x000000d25add0000)]
  0x000000d255cf5000 JavaThread "jar transforms Thread 12" [_thread_blocked, id=9168, stack(0x000000d25add0000,0x000000d25aed0000)]
  0x000000d255cf5800 JavaThread "jar transforms Thread 13" [_thread_blocked, id=9172, stack(0x000000d25aed0000,0x000000d25afd0000)]
  0x000000d253084000 JavaThread "jar transforms Thread 14" [_thread_blocked, id=9176, stack(0x000000d25afd0000,0x000000d25b0d0000)]
  0x000000d253082800 JavaThread "jar transforms Thread 15" [_thread_blocked, id=9180, stack(0x000000d25b0d0000,0x000000d25b1d0000)]
  0x000000d253083800 JavaThread "jar transforms Thread 16" [_thread_blocked, id=9184, stack(0x000000d25b1d0000,0x000000d25b2d0000)]
  0x000000d253082000 JavaThread "jar transforms Thread 17" [_thread_blocked, id=9188, stack(0x000000d25b2d0000,0x000000d25b3d0000)]
  0x000000d253085000 JavaThread "jar transforms Thread 18" [_thread_blocked, id=9192, stack(0x000000d25b3d0000,0x000000d25b4d0000)]
  0x000000d253086000 JavaThread "jar transforms Thread 19" [_thread_blocked, id=9196, stack(0x000000d25b4d0000,0x000000d25b5d0000)]
  0x000000d253087800 JavaThread "jar transforms Thread 20" [_thread_blocked, id=9200, stack(0x000000d25b5d0000,0x000000d25b6d0000)]
  0x000000d253089000 JavaThread "jar transforms Thread 21" [_thread_blocked, id=9204, stack(0x000000d25b6d0000,0x000000d25b7d0000)]
  0x000000d253088800 JavaThread "jar transforms Thread 22" [_thread_blocked, id=9208, stack(0x000000d25b7d0000,0x000000d25b8d0000)]
  0x000000d253086800 JavaThread "jar transforms Thread 23" [_thread_blocked, id=9212, stack(0x000000d25b8d0000,0x000000d25b9d0000)]
  0x000000d25308a000 JavaThread "jar transforms Thread 24" [_thread_blocked, id=6240, stack(0x000000d25b9d0000,0x000000d25bad0000)]
  0x000000d25308d000 JavaThread "jar transforms Thread 25" [_thread_blocked, id=8240, stack(0x000000d25bad0000,0x000000d25bbd0000)]
  0x000000d25308b000 JavaThread "jar transforms Thread 26" [_thread_blocked, id=8296, stack(0x000000d25bbd0000,0x000000d25bcd0000)]
  0x000000d25308b800 JavaThread "jar transforms Thread 27" [_thread_blocked, id=8304, stack(0x000000d25bcd0000,0x000000d25bdd0000)]
  0x000000d25308c800 JavaThread "jar transforms Thread 28" [_thread_blocked, id=8368, stack(0x000000d25bdd0000,0x000000d25bed0000)]
  0x000000d253090800 JavaThread "jar transforms Thread 29" [_thread_blocked, id=5720, stack(0x000000d25bed0000,0x000000d25bfd0000)]
  0x000000d25308f800 JavaThread "jar transforms Thread 30" [_thread_blocked, id=8344, stack(0x000000d25bfd0000,0x000000d25c0d0000)]
  0x000000d25308e000 JavaThread "jar transforms Thread 31" [_thread_blocked, id=8340, stack(0x000000d25c0d0000,0x000000d25c1d0000)]
  0x000000d25308f000 JavaThread "jar transforms Thread 32" [_thread_blocked, id=1368, stack(0x000000d25c1d0000,0x000000d25c2d0000)]
  0x000000d253092800 JavaThread "jar transforms Thread 33" [_thread_blocked, id=396, stack(0x000000d25c2d0000,0x000000d25c3d0000)]
  0x000000d253093800 JavaThread "jar transforms Thread 34" [_thread_blocked, id=1640, stack(0x000000d25c3d0000,0x000000d25c4d0000)]
  0x000000d253092000 JavaThread "jar transforms Thread 35" [_thread_blocked, id=6772, stack(0x000000d25c4d0000,0x000000d25c5d0000)]
  0x000000d253096800 JavaThread "jar transforms Thread 36" [_thread_blocked, id=7900, stack(0x000000d25c5d0000,0x000000d25c6d0000)]
  0x000000d253094800 JavaThread "jar transforms Thread 37" [_thread_blocked, id=5368, stack(0x000000d25c6d0000,0x000000d25c7d0000)]
  0x000000d253097800 JavaThread "jar transforms Thread 38" [_thread_blocked, id=6124, stack(0x000000d25c7d0000,0x000000d25c8d0000)]
  0x000000d253095000 JavaThread "jar transforms Thread 39" [_thread_blocked, id=5480, stack(0x000000d25c8d0000,0x000000d25c9d0000)]
  0x000000d253098800 JavaThread "jar transforms Thread 40" [_thread_blocked, id=6140, stack(0x000000d25c9d0000,0x000000d25cad0000)]
  0x000000d253096000 JavaThread "jar transforms Thread 41" [_thread_blocked, id=7788, stack(0x000000d25cad0000,0x000000d25cbd0000)]
  0x000000d25309b000 JavaThread "jar transforms Thread 42" [_thread_blocked, id=8396, stack(0x000000d25cbd0000,0x000000d25ccd0000)]
  0x000000d25309b800 JavaThread "jar transforms Thread 43" [_thread_blocked, id=8400, stack(0x000000d25ccd0000,0x000000d25cdd0000)]
  0x000000d25309a000 JavaThread "jar transforms Thread 44" [_thread_blocked, id=8420, stack(0x000000d25cdd0000,0x000000d25ced0000)]
  0x000000d253099000 JavaThread "jar transforms Thread 45" [_thread_blocked, id=8408, stack(0x000000d25ced0000,0x000000d25cfd0000)]
  0x000000d25309c800 JavaThread "jar transforms Thread 46" [_thread_blocked, id=8416, stack(0x000000d25cfd0000,0x000000d25d0d0000)]
  0x000000d25309d000 JavaThread "jar transforms Thread 47" [_thread_blocked, id=8404, stack(0x000000d25d0d0000,0x000000d25d1d0000)]
  0x000000d25309f800 JavaThread "jar transforms Thread 48" [_thread_blocked, id=8412, stack(0x000000d25d1d0000,0x000000d25d2d0000)]
  0x000000d2530a0800 JavaThread "jar transforms Thread 49" [_thread_blocked, id=8360, stack(0x000000d25d2d0000,0x000000d25d3d0000)]
  0x000000d25309e000 JavaThread "jar transforms Thread 50" [_thread_blocked, id=8364, stack(0x000000d25d3d0000,0x000000d25d4d0000)]
  0x000000d25309f000 JavaThread "jar transforms Thread 51" [_thread_blocked, id=8452, stack(0x000000d25d4d0000,0x000000d25d5d0000)]
  0x000000d256266000 JavaThread "jar transforms Thread 52" [_thread_blocked, id=7360, stack(0x000000d25d5d0000,0x000000d25d6d0000)]
  0x000000d256266800 JavaThread "jar transforms Thread 53" [_thread_blocked, id=7336, stack(0x000000d25d6d0000,0x000000d25d7d0000)]
  0x000000d256264000 JavaThread "jar transforms Thread 54" [_thread_blocked, id=4832, stack(0x000000d25d7d0000,0x000000d25d8d0000)]
  0x000000d256267800 JavaThread "jar transforms Thread 55" [_thread_blocked, id=5280, stack(0x000000d25d8d0000,0x000000d25d9d0000)]
  0x000000d256265000 JavaThread "jar transforms Thread 56" [_thread_blocked, id=1348, stack(0x000000d25d9d0000,0x000000d25dad0000)]
  0x000000d256269000 JavaThread "jar transforms Thread 57" [_thread_blocked, id=2332, stack(0x000000d25dad0000,0x000000d25dbd0000)]
  0x000000d25626a800 JavaThread "jar transforms Thread 58" [_thread_blocked, id=4728, stack(0x000000d25dbd0000,0x000000d25dcd0000)]
  0x000000d256268800 JavaThread "jar transforms Thread 59" [_thread_blocked, id=7600, stack(0x000000d25dcd0000,0x000000d25ddd0000)]
  0x000000d25626b800 JavaThread "jar transforms Thread 60" [_thread_blocked, id=4836, stack(0x000000d25ddd0000,0x000000d25ded0000)]
  0x000000d25626c800 JavaThread "jar transforms Thread 61" [_thread_blocked, id=4636, stack(0x000000d25ded0000,0x000000d25dfd0000)]
  0x000000d25626a000 JavaThread "jar transforms Thread 62" [_thread_blocked, id=3204, stack(0x000000d25dfd0000,0x000000d25e0d0000)]
  0x000000d25626f000 JavaThread "jar transforms Thread 63" [_thread_blocked, id=5692, stack(0x000000d25e0d0000,0x000000d25e1d0000)]
  0x000000d25626e000 JavaThread "jar transforms Thread 64" [_thread_blocked, id=8048, stack(0x000000d25e1d0000,0x000000d25e2d0000)]
  0x000000d25626f800 JavaThread "jar transforms Thread 65" [_thread_blocked, id=3272, stack(0x000000d25e2d0000,0x000000d25e3d0000)]
  0x000000d25626d000 JavaThread "jar transforms Thread 66" [_thread_blocked, id=7848, stack(0x000000d25e3d0000,0x000000d25e4d0000)]
  0x000000d256273000 JavaThread "jar transforms Thread 67" [_thread_blocked, id=5564, stack(0x000000d25e4d0000,0x000000d25e5d0000)]
  0x000000d256270800 JavaThread "jar transforms Thread 68" [_thread_blocked, id=5676, stack(0x000000d25e5d0000,0x000000d25e6d0000)]
  0x000000d256271800 JavaThread "jar transforms Thread 69" [_thread_blocked, id=5476, stack(0x000000d25e6d0000,0x000000d25e7d0000)]
  0x000000d256272000 JavaThread "jar transforms Thread 70" [_thread_blocked, id=7584, stack(0x000000d25e7d0000,0x000000d25e8d0000)]
  0x000000d256179000 JavaThread "jar transforms Thread 71" [_thread_blocked, id=1608, stack(0x000000d25e8d0000,0x000000d25e9d0000)]
  0x000000d256176800 JavaThread "jar transforms Thread 72" [_thread_blocked, id=1724, stack(0x000000d25e9d0000,0x000000d25ead0000)]
  0x000000d256177000 JavaThread "jar transforms Thread 73" [_thread_blocked, id=5032, stack(0x000000d25ead0000,0x000000d25ebd0000)]
  0x000000d256179800 JavaThread "jar transforms Thread 74" [_thread_blocked, id=8084, stack(0x000000d25ebd0000,0x000000d25ecd0000)]
  0x000000d25617a800 JavaThread "jar transforms Thread 75" [_thread_blocked, id=3652, stack(0x000000d25ecd0000,0x000000d25edd0000)]
  0x000000d256178000 JavaThread "jar transforms Thread 76" [_thread_blocked, id=8000, stack(0x000000d25edd0000,0x000000d25eed0000)]
  0x000000d25617c000 JavaThread "jar transforms Thread 77" [_thread_blocked, id=808, stack(0x000000d25eed0000,0x000000d25efd0000)]
  0x000000d25617d000 JavaThread "jar transforms Thread 78" [_thread_blocked, id=8148, stack(0x000000d25efd0000,0x000000d25f0d0000)]
  0x000000d25617b800 JavaThread "jar transforms Thread 79" [_thread_blocked, id=7332, stack(0x000000d25f0d0000,0x000000d25f1d0000)]
  0x000000d25617f800 JavaThread "jar transforms Thread 80" [_thread_blocked, id=3752, stack(0x000000d25f1d0000,0x000000d25f2d0000)]
  0x000000d25617e800 JavaThread "jar transforms Thread 81" [_thread_blocked, id=1704, stack(0x000000d25f2d0000,0x000000d25f3d0000)]
  0x000000d256180000 JavaThread "jar transforms Thread 82" [_thread_blocked, id=7132, stack(0x000000d25f3d0000,0x000000d25f4d0000)]
  0x000000d25617d800 JavaThread "jar transforms Thread 83" [_thread_blocked, id=1656, stack(0x000000d25f4d0000,0x000000d25f5d0000)]
  0x000000d256183800 JavaThread "jar transforms Thread 84" [_thread_blocked, id=5360, stack(0x000000d25f5d0000,0x000000d25f6d0000)]
  0x000000d256182000 JavaThread "jar transforms Thread 85" [_thread_blocked, id=7872, stack(0x000000d25f6d0000,0x000000d25f7d0000)]
  0x000000d256182800 JavaThread "jar transforms Thread 86" [_thread_blocked, id=7328, stack(0x000000d25f7d0000,0x000000d25f8d0000)]
  0x000000d256181000 JavaThread "jar transforms Thread 87" [_thread_blocked, id=7136, stack(0x000000d25f8d0000,0x000000d25f9d0000)]
  0x000000d256185000 JavaThread "jar transforms Thread 88" [_thread_blocked, id=5324, stack(0x000000d25f9d0000,0x000000d25fad0000)]
  0x000000d256184800 JavaThread "jar transforms Thread 89" [_thread_blocked, id=5188, stack(0x000000d25fad0000,0x000000d25fbd0000)]
  0x000000d2562af000 JavaThread "jar transforms Thread 90" [_thread_blocked, id=4416, stack(0x000000d25fbd0000,0x000000d25fcd0000)]
  0x000000d2562ae000 JavaThread "jar transforms Thread 91" [_thread_blocked, id=7944, stack(0x000000d25fcd0000,0x000000d25fdd0000)]
  0x000000d2562af800 JavaThread "jar transforms Thread 92" [_thread_blocked, id=7144, stack(0x000000d25fdd0000,0x000000d25fed0000)]
  0x000000d2562ad800 JavaThread "jar transforms Thread 93" [_thread_blocked, id=5740, stack(0x000000d25fed0000,0x000000d25ffd0000)]
  0x000000d2562b1800 JavaThread "jar transforms Thread 94" [_thread_blocked, id=440, stack(0x000000d25ffd0000,0x000000d2600d0000)]
  0x000000d2562b2000 JavaThread "jar transforms Thread 95" [_thread_blocked, id=5004, stack(0x000000d2600d0000,0x000000d2601d0000)]
  0x000000d2562b3000 JavaThread "jar transforms Thread 96" [_thread_blocked, id=7824, stack(0x000000d2601d0000,0x000000d2602d0000)]
  0x000000d2562b0800 JavaThread "jar transforms Thread 97" [_thread_blocked, id=7804, stack(0x000000d2602d0000,0x000000d2603d0000)]
  0x000000d2562b5800 JavaThread "Memory manager" [_thread_blocked, id=7752, stack(0x000000d261100000,0x000000d261200000)]
  0x000000d2562b4000 JavaThread "build event listener" [_thread_blocked, id=6236, stack(0x000000d2630c0000,0x000000d2631c0000)]
  0x000000d2562b6800 JavaThread "build event listener" [_thread_blocked, id=7972, stack(0x000000d262f80000,0x000000d263080000)]
  0x000000d2562b4800 JavaThread "Execution worker for ':'" [_thread_blocked, id=8632, stack(0x000000d263320000,0x000000d263420000)]
  0x000000d2562b8000 JavaThread "Execution worker for ':' Thread 2" [_thread_blocked, id=8700, stack(0x000000d263420000,0x000000d263520000)]
  0x000000d2562b8800 JavaThread "Execution worker for ':' Thread 3" [_thread_blocked, id=8640, stack(0x000000d263520000,0x000000d263620000)]
  0x000000d2562b9800 JavaThread "Cache worker for execution history cache (C:\Users\Admin\AndroidStudioProjects\Fixit\.gradle\6.7.1\executionHistory)" [_thread_blocked, id=8704, stack(0x000000d263620000,0x000000d263720000)]
  0x000000d2562b7000 JavaThread "WorkerExecutor Queue" [_thread_blocked, id=376, stack(0x000000d261200000,0x000000d261300000)]
  0x000000d2562ba800 JavaThread "WorkerExecutor Queue Thread 2" [_thread_blocked, id=8552, stack(0x000000d2631c0000,0x000000d2632c0000)]
  0x000000d2562bb000 JavaThread "pool-4-thread-1" [_thread_blocked, id=5560, stack(0x000000d264160000,0x000000d264260000)]
  0x000000d2562bc000 JavaThread "stderr" [_thread_in_native, id=7816, stack(0x000000d263f20000,0x000000d264020000)]
  0x000000d261eec800 JavaThread "stdout" [_thread_in_native, id=6676, stack(0x000000d264020000,0x000000d264120000)]
  0x000000d261eed800 JavaThread "WorkerExecutor Queue Thread 4" [_thread_blocked, id=5312, stack(0x000000d264580000,0x000000d264680000)]
  0x000000d261eeb000 JavaThread "Cache worker for Java compile cache (C:\Users\Admin\.gradle\caches\6.7.1\javaCompile)" [_thread_blocked, id=8532, stack(0x000000d264680000,0x000000d264780000)]
  0x000000d261eee800 JavaThread "Cache worker for Java compile cache (C:\Users\Admin\AndroidStudioProjects\Fixit\.gradle\6.7.1\javaCompile)" [_thread_blocked, id=6096, stack(0x000000d266250000,0x000000d266350000)]
  0x000000d261eec000 JavaThread "WorkerExecutor Queue Thread 6" [_thread_blocked, id=7376, stack(0x000000d266480000,0x000000d266580000)]
  0x000000d261ef1000 JavaThread "ForkJoinPool-2-worker-3" daemon [_thread_blocked, id=6648, stack(0x000000d26c6f0000,0x000000d26c7f0000)]
  0x000000d261ef0000 JavaThread "ForkJoinPool-2-worker-5" daemon [_thread_blocked, id=6880, stack(0x000000d26d090000,0x000000d26d190000)]
  0x000000d261eef000 JavaThread "ForkJoinPool-2-worker-7" daemon [_thread_blocked, id=5036, stack(0x000000d26d190000,0x000000d26d290000)]
  0x000000d258b3f000 JavaThread "ForkJoinPool-2-worker-1" daemon [_thread_blocked, id=3668, stack(0x000000d26d290000,0x000000d26d390000)]
  0x000000d256537000 JavaThread "C2 CompilerThread1" daemon [_thread_blocked, id=6276, stack(0x000000d2555c0000,0x000000d2556c0000)]

Other Threads:
=>0x000000d24f229800 VMThread "VM Thread" [stack: 0x000000d250030000,0x000000d250130000] [id=8948]
  0x000000d24fe79800 WatcherThread [stack: 0x000000d250a30000,0x000000d250b30000] [id=8988]
  0x000000d2354f8800 GCTaskThread "GC Thread#0" [stack: 0x000000d234e30000,0x000000d234f30000] [id=8928]
  0x000000d250bc3000 GCTaskThread "GC Thread#1" [stack: 0x000000d252400000,0x000000d252500000] [id=8996]
  0x000000d250f5e800 GCTaskThread "GC Thread#2" [stack: 0x000000d252500000,0x000000d252600000] [id=9000]
  0x000000d252071000 GCTaskThread "GC Thread#3" [stack: 0x000000d253fd0000,0x000000d2540d0000] [id=9020]
  0x000000d23552a000 ConcurrentGCThread "G1 Main Marker" [stack: 0x000000d24c9f0000,0x000000d24caf0000] [id=8932]
  0x000000d23552d000 ConcurrentGCThread "G1 Conc#0" [stack: 0x000000d24caf0000,0x000000d24cbf0000] [id=8936]
  0x000000d24f0a3800 ConcurrentGCThread "G1 Refine#0" [stack: 0x000000d24f230000,0x000000d24f330000] [id=8940]
  0x000000d25596b800 ConcurrentGCThread "G1 Refine#1" [stack: 0x000000d265d50000,0x000000d265e50000] [id=7444]
  0x000000d258e4a000 ConcurrentGCThread "G1 Refine#2" [stack: 0x000000d265e50000,0x000000d265f50000] [id=8572]
  0x000000d258610800 ConcurrentGCThread "G1 Refine#3" [stack: 0x000000d265f50000,0x000000d266050000] [id=2092]
  0x000000d24f0a6800 ConcurrentGCThread "G1 Young RemSet Sampling" [stack: 0x000000d24f330000,0x000000d24f430000] [id=8944]

Threads with active compile tasks:
C2 CompilerThread0  41702 16129       4       com.android.tools.r8.graph.n0::b (128 bytes)
C2 CompilerThread1  41702 16134 %     4       com.android.tools.r8.w.a.a.a.h.V0::g @ 74 (323 bytes)

VM state:at safepoint (normal execution)

VM Mutex/Monitor currently owned by a thread:  ([mutex/lock_event])
[0x000000d2354dcd50] Threads_lock - owner thread: 0x000000d24f229800
[0x000000d2354dcba0] Heap_lock - owner thread: 0x000000d258b3f000

Heap address: 0x0000000080000000, size: 2048 MB, Compressed Oops mode: 32-bit
Narrow klass base: 0x0000000000000000, Narrow klass shift: 3
Compressed class space size: 1073741824 Address: 0x0000000100000000

Heap:
 garbage-first heap   total 489472K, used 182848K [0x0000000080000000, 0x0000000100000000)
  region size 1024K, 6 young (6144K), 6 survivors (6144K)
 Metaspace       used 105912K, capacity 108526K, committed 108752K, reserved 1142784K
  class space    used 13560K, capacity 14492K, committed 14592K, reserved 1048576K
Heap Regions: E=young(eden), S=young(survivor), O=old, HS=humongous(starts), HC=humongous(continues), CS=collection set, F=free, A=archive, TAMS=top-at-mark-start (previous, next)
|   0|0x0000000080000000, 0x0000000080100000, 0x0000000080100000|100%| O|  |TAMS 0x0000000080100000, 0x0000000080000000| Untracked 
|   1|0x0000000080100000, 0x0000000080200000, 0x0000000080200000|100%| O|  |TAMS 0x0000000080200000, 0x0000000080100000| Untracked 
|   2|0x0000000080200000, 0x0000000080300000, 0x0000000080300000|100%| O|  |TAMS 0x0000000080300000, 0x0000000080200000| Untracked 
|   3|0x0000000080300000, 0x0000000080400000, 0x0000000080400000|100%|HS|  |TAMS 0x0000000080400000, 0x0000000080300000| Complete 
|   4|0x0000000080400000, 0x0000000080500000, 0x0000000080500000|100%|HC|  |TAMS 0x0000000080500000, 0x0000000080400000| Complete 
|   5|0x0000000080500000, 0x0000000080600000, 0x0000000080600000|100%|HC|  |TAMS 0x0000000080600000, 0x0000000080500000| Complete 
|   6|0x0000000080600000, 0x0000000080700000, 0x0000000080700000|100%| O|  |TAMS 0x0000000080700000, 0x0000000080600000| Untracked 
|   7|0x0000000080700000, 0x0000000080800000, 0x0000000080800000|100%| O|  |TAMS 0x0000000080800000, 0x0000000080700000| Untracked 
|   8|0x0000000080800000, 0x0000000080900000, 0x0000000080900000|100%| O|  |TAMS 0x0000000080900000, 0x0000000080800000| Untracked 
|   9|0x0000000080900000, 0x0000000080a00000, 0x0000000080a00000|100%| O|  |TAMS 0x0000000080a00000, 0x0000000080900000| Complete 
|  10|0x0000000080a00000, 0x0000000080b00000, 0x0000000080b00000|100%| O|  |TAMS 0x0000000080b00000, 0x0000000080a00000| Untracked 
|  11|0x0000000080b00000, 0x0000000080c00000, 0x0000000080c00000|100%| O|  |TAMS 0x0000000080c00000, 0x0000000080b00000| Untracked 
|  12|0x0000000080c00000, 0x0000000080d00000, 0x0000000080d00000|100%| O|  |TAMS 0x0000000080d00000, 0x0000000080c00000| Untracked 
|  13|0x0000000080d00000, 0x0000000080e00000, 0x0000000080e00000|100%| O|  |TAMS 0x0000000080e00000, 0x0000000080d00000| Untracked 
|  14|0x0000000080e00000, 0x0000000080f00000, 0x0000000080f00000|100%| O|  |TAMS 0x0000000080f00000, 0x0000000080e00000| Untracked 
|  15|0x0000000080f00000, 0x0000000081000000, 0x0000000081000000|100%|HS|  |TAMS 0x0000000081000000, 0x0000000080f00000| Complete 
|  16|0x0000000081000000, 0x0000000081100000, 0x0000000081100000|100%|HS|  |TAMS 0x0000000081100000, 0x0000000081000000| Complete 
|  17|0x0000000081100000, 0x0000000081200000, 0x0000000081200000|100%|HC|  |TAMS 0x0000000081200000, 0x0000000081100000| Complete 
|  18|0x0000000081200000, 0x0000000081300000, 0x0000000081300000|100%| O|  |TAMS 0x0000000081300000, 0x0000000081200000| Untracked 
|  19|0x0000000081300000, 0x0000000081400000, 0x0000000081400000|100%| O|  |TAMS 0x0000000081400000, 0x0000000081300000| Untracked 
|  20|0x0000000081400000, 0x0000000081500000, 0x0000000081500000|100%| O|  |TAMS 0x0000000081500000, 0x0000000081400000| Untracked 
|  21|0x0000000081500000, 0x0000000081600000, 0x0000000081600000|100%| O|  |TAMS 0x0000000081600000, 0x0000000081500000| Untracked 
|  22|0x0000000081600000, 0x0000000081700000, 0x0000000081700000|100%| O|  |TAMS 0x0000000081700000, 0x0000000081600000| Untracked 
|  23|0x0000000081700000, 0x0000000081800000, 0x0000000081800000|100%| O|  |TAMS 0x0000000081800000, 0x0000000081700000| Untracked 
|  24|0x0000000081800000, 0x0000000081900000, 0x0000000081900000|100%| O|  |TAMS 0x0000000081900000, 0x0000000081800000| Untracked 
|  25|0x0000000081900000, 0x0000000081a00000, 0x0000000081a00000|100%| O|  |TAMS 0x0000000081a00000, 0x0000000081900000| Complete 
|  26|0x0000000081a00000, 0x0000000081b00000, 0x0000000081b00000|100%| O|  |TAMS 0x0000000081b00000, 0x0000000081a00000| Untracked 
|  27|0x0000000081b00000, 0x0000000081c00000, 0x0000000081c00000|100%| O|  |TAMS 0x0000000081c00000, 0x0000000081b00000| Complete 
|  28|0x0000000081c00000, 0x0000000081d00000, 0x0000000081d00000|100%| O|  |TAMS 0x0000000081d00000, 0x0000000081c00000| Untracked 
|  29|0x0000000081d00000, 0x0000000081e00000, 0x0000000081e00000|100%| O|  |TAMS 0x0000000081e00000, 0x0000000081d00000| Untracked 
|  30|0x0000000081e00000, 0x0000000081f00000, 0x0000000081f00000|100%| O|  |TAMS 0x0000000081f00000, 0x0000000081e00000| Untracked 
|  31|0x0000000081f00000, 0x0000000082000000, 0x0000000082000000|100%| O|  |TAMS 0x0000000082000000, 0x0000000081f00000| Complete 
|  32|0x0000000082000000, 0x0000000082100000, 0x0000000082100000|100%| O|  |TAMS 0x0000000082100000, 0x0000000082000000| Untracked 
|  33|0x0000000082100000, 0x0000000082200000, 0x0000000082200000|100%| O|  |TAMS 0x0000000082200000, 0x0000000082100000| Complete 
|  34|0x0000000082200000, 0x0000000082300000, 0x0000000082300000|100%| O|  |TAMS 0x0000000082300000, 0x0000000082200000| Untracked 
|  35|0x0000000082300000, 0x0000000082400000, 0x0000000082400000|100%| O|  |TAMS 0x0000000082400000, 0x0000000082300000| Untracked 
|  36|0x0000000082400000, 0x0000000082500000, 0x0000000082500000|100%| O|  |TAMS 0x0000000082500000, 0x0000000082400000| Complete 
|  37|0x0000000082500000, 0x0000000082600000, 0x0000000082600000|100%| O|  |TAMS 0x0000000082600000, 0x0000000082500000| Untracked 
|  38|0x0000000082600000, 0x0000000082700000, 0x0000000082700000|100%| O|  |TAMS 0x0000000082700000, 0x0000000082600000| Untracked 
|  39|0x0000000082700000, 0x0000000082800000, 0x0000000082800000|100%| O|  |TAMS 0x0000000082800000, 0x0000000082700000| Untracked 
|  40|0x0000000082800000, 0x0000000082900000, 0x0000000082900000|100%| O|  |TAMS 0x0000000082900000, 0x0000000082800000| Untracked 
|  41|0x0000000082900000, 0x0000000082a00000, 0x0000000082a00000|100%| O|  |TAMS 0x0000000082a00000, 0x0000000082900000| Untracked 
|  42|0x0000000082a00000, 0x0000000082b00000, 0x0000000082b00000|100%| O|  |TAMS 0x0000000082b00000, 0x0000000082a00000| Complete 
|  43|0x0000000082b00000, 0x0000000082c00000, 0x0000000082c00000|100%| O|  |TAMS 0x0000000082c00000, 0x0000000082b00000| Untracked 
|  44|0x0000000082c00000, 0x0000000082d00000, 0x0000000082d00000|100%| O|  |TAMS 0x0000000082d00000, 0x0000000082c00000| Untracked 
|  45|0x0000000082d00000, 0x0000000082e00000, 0x0000000082e00000|100%| O|  |TAMS 0x0000000082e00000, 0x0000000082d00000| Untracked 
|  46|0x0000000082e00000, 0x0000000082f00000, 0x0000000082f00000|100%| O|  |TAMS 0x0000000082f00000, 0x0000000082e00000| Untracked 
|  47|0x0000000082f00000, 0x0000000083000000, 0x0000000083000000|100%| O|  |TAMS 0x0000000083000000, 0x0000000082f00000| Complete 
|  48|0x0000000083000000, 0x0000000083100000, 0x0000000083100000|100%| O|  |TAMS 0x0000000083100000, 0x0000000083000000| Untracked 
|  49|0x0000000083100000, 0x0000000083200000, 0x0000000083200000|100%| O|  |TAMS 0x0000000083200000, 0x0000000083100000| Untracked 
|  50|0x0000000083200000, 0x0000000083300000, 0x0000000083300000|100%| O|  |TAMS 0x0000000083300000, 0x0000000083200000| Untracked 
|  51|0x0000000083300000, 0x0000000083400000, 0x0000000083400000|100%| O|  |TAMS 0x0000000083400000, 0x0000000083300000| Complete 
|  52|0x0000000083400000, 0x0000000083500000, 0x0000000083500000|100%| O|  |TAMS 0x0000000083500000, 0x0000000083400000| Complete 
|  53|0x0000000083500000, 0x0000000083600000, 0x0000000083600000|100%| O|  |TAMS 0x0000000083600000, 0x0000000083500000| Complete 
|  54|0x0000000083600000, 0x0000000083700000, 0x0000000083700000|100%|HS|  |TAMS 0x0000000083600000, 0x0000000083600000| Complete 
|  55|0x0000000083700000, 0x0000000083800000, 0x0000000083800000|100%|HS|  |TAMS 0x0000000083700000, 0x0000000083700000| Complete 
|  56|0x0000000083800000, 0x0000000083900000, 0x0000000083900000|100%|HS|  |TAMS 0x0000000083800000, 0x0000000083800000| Complete 
|  57|0x0000000083900000, 0x0000000083a00000, 0x0000000083a00000|100%| O|  |TAMS 0x0000000083900000, 0x0000000083900000| Untracked 
|  58|0x0000000083a00000, 0x0000000083b00000, 0x0000000083b00000|100%| O|  |TAMS 0x0000000083a00000, 0x0000000083a00000| Untracked 
|  59|0x0000000083b00000, 0x0000000083c00000, 0x0000000083c00000|100%| O|  |TAMS 0x0000000083c00000, 0x0000000083b00000| Untracked 
|  60|0x0000000083c00000, 0x0000000083d00000, 0x0000000083d00000|100%| O|  |TAMS 0x0000000083d00000, 0x0000000083c00000| Untracked 
|  61|0x0000000083d00000, 0x0000000083e00000, 0x0000000083e00000|100%| O|  |TAMS 0x0000000083e00000, 0x0000000083d00000| Untracked 
|  62|0x0000000083e00000, 0x0000000083f00000, 0x0000000083f00000|100%| O|  |TAMS 0x0000000083f00000, 0x0000000083e00000| Untracked 
|  63|0x0000000083f00000, 0x0000000084000000, 0x0000000084000000|100%| O|  |TAMS 0x0000000084000000, 0x0000000083f00000| Complete 
|  64|0x0000000084000000, 0x0000000084100000, 0x0000000084100000|100%| O|  |TAMS 0x0000000084100000, 0x0000000084000000| Complete 
|  65|0x0000000084100000, 0x0000000084200000, 0x0000000084200000|100%| O|  |TAMS 0x0000000084200000, 0x0000000084100000| Complete 
|  66|0x0000000084200000, 0x0000000084300000, 0x0000000084300000|100%| O|  |TAMS 0x0000000084300000, 0x0000000084200000| Complete 
|  67|0x0000000084300000, 0x0000000084400000, 0x0000000084400000|100%| O|  |TAMS 0x0000000084300000, 0x0000000084300000| Untracked 
|  68|0x0000000084400000, 0x0000000084500000, 0x0000000084500000|100%| O|  |TAMS 0x0000000084500000, 0x0000000084400000| Complete 
|  69|0x0000000084500000, 0x0000000084600000, 0x0000000084600000|100%| O|  |TAMS 0x0000000084600000, 0x0000000084500000| Complete 
|  70|0x0000000084600000, 0x0000000084700000, 0x0000000084700000|100%| O|  |TAMS 0x0000000084700000, 0x0000000084600000| Complete 
|  71|0x0000000084700000, 0x0000000084800000, 0x0000000084800000|100%| O|  |TAMS 0x0000000084800000, 0x0000000084700000| Complete 
|  72|0x0000000084800000, 0x0000000084900000, 0x0000000084900000|100%| O|  |TAMS 0x0000000084800000, 0x0000000084800000| Untracked 
|  73|0x0000000084900000, 0x0000000084a00000, 0x0000000084a00000|100%| O|  |TAMS 0x0000000084a00000, 0x0000000084900000| Complete 
|  74|0x0000000084a00000, 0x0000000084b00000, 0x0000000084b00000|100%| O|  |TAMS 0x0000000084a00000, 0x0000000084a00000| Untracked 
|  75|0x0000000084b00000, 0x0000000084c00000, 0x0000000084c00000|100%| O|  |TAMS 0x0000000084c00000, 0x0000000084b00000| Complete 
|  76|0x0000000084c00000, 0x0000000084d00000, 0x0000000084d00000|100%| O|  |TAMS 0x0000000084d00000, 0x0000000084c00000| Complete 
|  77|0x0000000084d00000, 0x0000000084e00000, 0x0000000084e00000|100%| O|  |TAMS 0x0000000084d00000, 0x0000000084d00000| Untracked 
|  78|0x0000000084e00000, 0x0000000084f00000, 0x0000000084f00000|100%| O|  |TAMS 0x0000000084f00000, 0x0000000084e00000| Complete 
|  79|0x0000000084f00000, 0x0000000085000000, 0x0000000085000000|100%| O|  |TAMS 0x0000000084f00000, 0x0000000084f00000| Untracked 
|  80|0x0000000085000000, 0x0000000085100000, 0x0000000085100000|100%| O|  |TAMS 0x0000000085100000, 0x0000000085000000| Complete 
|  81|0x0000000085100000, 0x0000000085200000, 0x0000000085200000|100%| O|  |TAMS 0x0000000085100000, 0x0000000085100000| Untracked 
|  82|0x0000000085200000, 0x0000000085300000, 0x0000000085300000|100%| O|  |TAMS 0x0000000085300000, 0x0000000085200000| Complete 
|  83|0x0000000085300000, 0x0000000085400000, 0x0000000085400000|100%| O|  |TAMS 0x0000000085400000, 0x0000000085300000| Complete 
|  84|0x0000000085400000, 0x0000000085500000, 0x0000000085500000|100%| O|  |TAMS 0x0000000085500000, 0x0000000085400000| Complete 
|  85|0x0000000085500000, 0x0000000085600000, 0x0000000085600000|100%| O|  |TAMS 0x0000000085600000, 0x0000000085500000| Complete 
|  86|0x0000000085600000, 0x0000000085700000, 0x0000000085700000|100%| O|  |TAMS 0x0000000085700000, 0x0000000085600000| Complete 
|  87|0x0000000085700000, 0x0000000085800000, 0x0000000085800000|100%| O|  |TAMS 0x0000000085800000, 0x0000000085700000| Complete 
|  88|0x0000000085800000, 0x0000000085900000, 0x0000000085900000|100%| O|  |TAMS 0x0000000085900000, 0x0000000085800000| Untracked 
|  89|0x0000000085900000, 0x0000000085a00000, 0x0000000085a00000|100%| O|  |TAMS 0x0000000085a00000, 0x0000000085900000| Untracked 
|  90|0x0000000085a00000, 0x0000000085b00000, 0x0000000085b00000|100%| O|  |TAMS 0x0000000085b00000, 0x0000000085a00000| Untracked 
|  91|0x0000000085b00000, 0x0000000085c00000, 0x0000000085c00000|100%| O|  |TAMS 0x0000000085c00000, 0x0000000085b00000| Complete 
|  92|0x0000000085c00000, 0x0000000085d00000, 0x0000000085d00000|100%| O|  |TAMS 0x0000000085d00000, 0x0000000085c00000| Complete 
|  93|0x0000000085d00000, 0x0000000085e00000, 0x0000000085e00000|100%| O|  |TAMS 0x0000000085e00000, 0x0000000085d00000| Complete 
|  94|0x0000000085e00000, 0x0000000085f00000, 0x0000000085f00000|100%| O|  |TAMS 0x0000000085f00000, 0x0000000085e00000| Complete 
|  95|0x0000000085f00000, 0x0000000086000000, 0x0000000086000000|100%| O|  |TAMS 0x0000000086000000, 0x0000000085f00000| Complete 
|  96|0x0000000086000000, 0x0000000086100000, 0x0000000086100000|100%| O|  |TAMS 0x0000000086100000, 0x0000000086000000| Complete 
|  97|0x0000000086100000, 0x0000000086200000, 0x0000000086200000|100%| O|  |TAMS 0x0000000086100000, 0x0000000086100000| Untracked 
|  98|0x0000000086200000, 0x0000000086300000, 0x0000000086300000|100%| O|  |TAMS 0x0000000086200000, 0x0000000086200000| Untracked 
|  99|0x0000000086300000, 0x0000000086400000, 0x0000000086400000|100%| O|  |TAMS 0x0000000086300000, 0x0000000086300000| Untracked 
| 100|0x0000000086400000, 0x0000000086500000, 0x0000000086500000|100%| O|  |TAMS 0x0000000086500000, 0x0000000086400000| Complete 
| 101|0x0000000086500000, 0x0000000086590200, 0x0000000086600000| 56%| O|  |TAMS 0x0000000086500000, 0x0000000086500000| Untracked 
| 102|0x0000000086600000, 0x0000000086600000, 0x0000000086700000|  0%| F|  |TAMS 0x0000000086600000, 0x0000000086600000| Untracked 
| 103|0x0000000086700000, 0x0000000086700000, 0x0000000086800000|  0%| F|  |TAMS 0x0000000086700000, 0x0000000086700000| Untracked 
| 104|0x0000000086800000, 0x0000000086900000, 0x0000000086900000|100%| O|  |TAMS 0x0000000086900000, 0x0000000086800000| Untracked 
| 105|0x0000000086900000, 0x0000000086a00000, 0x0000000086a00000|100%| O|  |TAMS 0x0000000086a00000, 0x0000000086900000| Untracked 
| 106|0x0000000086a00000, 0x0000000086b00000, 0x0000000086b00000|100%| O|  |TAMS 0x0000000086b00000, 0x0000000086a00000| Complete 
| 107|0x0000000086b00000, 0x0000000086b00000, 0x0000000086c00000|  0%| F|  |TAMS 0x0000000086b00000, 0x0000000086b00000| Untracked 
| 108|0x0000000086c00000, 0x0000000086c00000, 0x0000000086d00000|  0%| F|  |TAMS 0x0000000086c00000, 0x0000000086c00000| Untracked 
| 109|0x0000000086d00000, 0x0000000086e00000, 0x0000000086e00000|100%| O|  |TAMS 0x0000000086e00000, 0x0000000086d00000| Complete 
| 110|0x0000000086e00000, 0x0000000086e00000, 0x0000000086f00000|  0%| F|  |TAMS 0x0000000086e00000, 0x0000000086e00000| Untracked 
| 111|0x0000000086f00000, 0x0000000087000000, 0x0000000087000000|100%| O|  |TAMS 0x0000000087000000, 0x0000000086f00000| Complete 
| 112|0x0000000087000000, 0x0000000087100000, 0x0000000087100000|100%| O|  |TAMS 0x0000000087100000, 0x0000000087000000| Complete 
| 113|0x0000000087100000, 0x0000000087200000, 0x0000000087200000|100%| O|  |TAMS 0x0000000087200000, 0x0000000087100000| Complete 
| 114|0x0000000087200000, 0x0000000087300000, 0x0000000087300000|100%| O|  |TAMS 0x0000000087300000, 0x0000000087200000| Complete 
| 115|0x0000000087300000, 0x0000000087400000, 0x0000000087400000|100%| O|  |TAMS 0x0000000087400000, 0x0000000087300000| Untracked 
| 116|0x0000000087400000, 0x0000000087500000, 0x0000000087500000|100%| O|  |TAMS 0x0000000087500000, 0x0000000087400000| Complete 
| 117|0x0000000087500000, 0x0000000087600000, 0x0000000087600000|100%| O|  |TAMS 0x0000000087600000, 0x0000000087500000| Complete 
| 118|0x0000000087600000, 0x0000000087700000, 0x0000000087700000|100%| O|  |TAMS 0x0000000087700000, 0x0000000087600000| Complete 
| 119|0x0000000087700000, 0x0000000087800000, 0x0000000087800000|100%| O|  |TAMS 0x0000000087800000, 0x0000000087700000| Complete 
| 120|0x0000000087800000, 0x0000000087900000, 0x0000000087900000|100%| O|  |TAMS 0x0000000087900000, 0x0000000087800000| Complete 
| 121|0x0000000087900000, 0x0000000087900000, 0x0000000087a00000|  0%| F|  |TAMS 0x0000000087900000, 0x0000000087900000| Untracked 
| 122|0x0000000087a00000, 0x0000000087b00000, 0x0000000087b00000|100%| O|  |TAMS 0x0000000087b00000, 0x0000000087a00000| Complete 
| 123|0x0000000087b00000, 0x0000000087c00000, 0x0000000087c00000|100%| O|  |TAMS 0x0000000087c00000, 0x0000000087b00000| Complete 
| 124|0x0000000087c00000, 0x0000000087c00000, 0x0000000087d00000|  0%| F|  |TAMS 0x0000000087c00000, 0x0000000087c00000| Untracked 
| 125|0x0000000087d00000, 0x0000000087e00000, 0x0000000087e00000|100%| O|  |TAMS 0x0000000087e00000, 0x0000000087d00000| Complete 
| 126|0x0000000087e00000, 0x0000000087f00000, 0x0000000087f00000|100%| O|  |TAMS 0x0000000087f00000, 0x0000000087e00000| Complete 
| 127|0x0000000087f00000, 0x0000000088000000, 0x0000000088000000|100%| O|  |TAMS 0x0000000088000000, 0x0000000087f00000| Untracked 
| 128|0x0000000088000000, 0x0000000088000000, 0x0000000088100000|  0%| F|  |TAMS 0x0000000088000000, 0x0000000088000000| Untracked 
| 129|0x0000000088100000, 0x0000000088200000, 0x0000000088200000|100%| O|  |TAMS 0x0000000088200000, 0x0000000088100000| Complete 
| 130|0x0000000088200000, 0x0000000088300000, 0x0000000088300000|100%|HS|  |TAMS 0x0000000088300000, 0x0000000088200000| Complete 
| 131|0x0000000088300000, 0x0000000088400000, 0x0000000088400000|100%|HC|  |TAMS 0x0000000088400000, 0x0000000088300000| Complete 
| 132|0x0000000088400000, 0x0000000088500000, 0x0000000088500000|100%|HC|  |TAMS 0x0000000088500000, 0x0000000088400000| Complete 
| 133|0x0000000088500000, 0x0000000088600000, 0x0000000088600000|100%|HC|  |TAMS 0x0000000088600000, 0x0000000088500000| Complete 
| 134|0x0000000088600000, 0x0000000088700000, 0x0000000088700000|100%|HC|  |TAMS 0x0000000088700000, 0x0000000088600000| Complete 
| 135|0x0000000088700000, 0x0000000088800000, 0x0000000088800000|100%| O|  |TAMS 0x0000000088800000, 0x0000000088700000| Complete 
| 136|0x0000000088800000, 0x0000000088900000, 0x0000000088900000|100%| O|  |TAMS 0x0000000088900000, 0x0000000088800000| Complete 
| 137|0x0000000088900000, 0x0000000088a00000, 0x0000000088a00000|100%| O|  |TAMS 0x0000000088a00000, 0x0000000088900000| Complete 
| 138|0x0000000088a00000, 0x0000000088b00000, 0x0000000088b00000|100%| O|  |TAMS 0x0000000088b00000, 0x0000000088a00000| Untracked 
| 139|0x0000000088b00000, 0x0000000088c00000, 0x0000000088c00000|100%| O|  |TAMS 0x0000000088c00000, 0x0000000088b00000| Untracked 
| 140|0x0000000088c00000, 0x0000000088d00000, 0x0000000088d00000|100%| O|  |TAMS 0x0000000088d00000, 0x0000000088c00000| Untracked 
| 141|0x0000000088d00000, 0x0000000088e00000, 0x0000000088e00000|100%| O|  |TAMS 0x0000000088e00000, 0x0000000088d00000| Untracked 
| 142|0x0000000088e00000, 0x0000000088f00000, 0x0000000088f00000|100%| O|  |TAMS 0x0000000088f00000, 0x0000000088e00000| Untracked 
| 143|0x0000000088f00000, 0x0000000089000000, 0x0000000089000000|100%| O|  |TAMS 0x0000000089000000, 0x0000000088f00000| Complete 
| 144|0x0000000089000000, 0x0000000089000000, 0x0000000089100000|  0%| F|  |TAMS 0x0000000089000000, 0x0000000089000000| Untracked 
| 145|0x0000000089100000, 0x0000000089200000, 0x0000000089200000|100%| O|  |TAMS 0x0000000089200000, 0x0000000089100000| Complete 
| 146|0x0000000089200000, 0x0000000089200000, 0x0000000089300000|  0%| F|  |TAMS 0x0000000089200000, 0x0000000089200000| Untracked 
| 147|0x0000000089300000, 0x0000000089300000, 0x0000000089400000|  0%| F|  |TAMS 0x0000000089300000, 0x0000000089300000| Untracked 
| 148|0x0000000089400000, 0x0000000089400000, 0x0000000089500000|  0%| F|  |TAMS 0x0000000089400000, 0x0000000089400000| Untracked 
| 149|0x0000000089500000, 0x0000000089500000, 0x0000000089600000|  0%| F|  |TAMS 0x0000000089500000, 0x0000000089500000| Untracked 
| 150|0x0000000089600000, 0x0000000089600000, 0x0000000089700000|  0%| F|  |TAMS 0x0000000089600000, 0x0000000089600000| Untracked 
| 151|0x0000000089700000, 0x0000000089800000, 0x0000000089800000|100%| O|  |TAMS 0x0000000089800000, 0x0000000089700000| Complete 
| 152|0x0000000089800000, 0x0000000089900000, 0x0000000089900000|100%| O|  |TAMS 0x0000000089900000, 0x0000000089800000| Complete 
| 153|0x0000000089900000, 0x0000000089a00000, 0x0000000089a00000|100%| O|  |TAMS 0x0000000089a00000, 0x0000000089900000| Complete 
| 154|0x0000000089a00000, 0x0000000089b00000, 0x0000000089b00000|100%| O|  |TAMS 0x0000000089b00000, 0x0000000089a00000| Complete 
| 155|0x0000000089b00000, 0x0000000089c00000, 0x0000000089c00000|100%| O|  |TAMS 0x0000000089c00000, 0x0000000089b00000| Untracked 
| 156|0x0000000089c00000, 0x0000000089d00000, 0x0000000089d00000|100%| O|  |TAMS 0x0000000089d00000, 0x0000000089c00000| Untracked 
| 157|0x0000000089d00000, 0x0000000089e00000, 0x0000000089e00000|100%| O|  |TAMS 0x0000000089e00000, 0x0000000089d00000| Untracked 
| 158|0x0000000089e00000, 0x0000000089f00000, 0x0000000089f00000|100%| O|  |TAMS 0x0000000089f00000, 0x0000000089e00000| Untracked 
| 159|0x0000000089f00000, 0x000000008a000000, 0x000000008a000000|100%| O|  |TAMS 0x000000008a000000, 0x0000000089f00000| Untracked 
| 160|0x000000008a000000, 0x000000008a100000, 0x000000008a100000|100%| O|  |TAMS 0x000000008a100000, 0x000000008a000000| Untracked 
| 161|0x000000008a100000, 0x000000008a200000, 0x000000008a200000|100%| O|  |TAMS 0x000000008a200000, 0x000000008a100000| Untracked 
| 162|0x000000008a200000, 0x000000008a300000, 0x000000008a300000|100%| O|  |TAMS 0x000000008a300000, 0x000000008a200000| Untracked 
| 163|0x000000008a300000, 0x000000008a400000, 0x000000008a400000|100%| O|  |TAMS 0x000000008a400000, 0x000000008a300000| Complete 
| 164|0x000000008a400000, 0x000000008a500000, 0x000000008a500000|100%| O|  |TAMS 0x000000008a500000, 0x000000008a400000| Complete 
| 165|0x000000008a500000, 0x000000008a600000, 0x000000008a600000|100%| O|  |TAMS 0x000000008a600000, 0x000000008a500000| Complete 
| 166|0x000000008a600000, 0x000000008a700000, 0x000000008a700000|100%| O|  |TAMS 0x000000008a700000, 0x000000008a600000| Untracked 
| 167|0x000000008a700000, 0x000000008a800000, 0x000000008a800000|100%| O|  |TAMS 0x000000008a800000, 0x000000008a700000| Complete 
| 168|0x000000008a800000, 0x000000008a900000, 0x000000008a900000|100%| O|  |TAMS 0x000000008a900000, 0x000000008a800000| Untracked 
| 169|0x000000008a900000, 0x000000008aa00000, 0x000000008aa00000|100%| O|  |TAMS 0x000000008aa00000, 0x000000008a900000| Untracked 
| 170|0x000000008aa00000, 0x000000008ab00000, 0x000000008ab00000|100%| O|  |TAMS 0x000000008ab00000, 0x000000008aa00000| Untracked 
| 171|0x000000008ab00000, 0x000000008ac00000, 0x000000008ac00000|100%| O|  |TAMS 0x000000008ac00000, 0x000000008ab00000| Untracked 
| 172|0x000000008ac00000, 0x000000008ad00000, 0x000000008ad00000|100%| O|  |TAMS 0x000000008ad00000, 0x000000008ac00000| Untracked 
| 173|0x000000008ad00000, 0x000000008ae00000, 0x000000008ae00000|100%| O|  |TAMS 0x000000008ae00000, 0x000000008ad00000| Untracked 
| 174|0x000000008ae00000, 0x000000008af00000, 0x000000008af00000|100%| O|  |TAMS 0x000000008af00000, 0x000000008ae00000| Untracked 
| 175|0x000000008af00000, 0x000000008b000000, 0x000000008b000000|100%| O|  |TAMS 0x000000008b000000, 0x000000008af00000| Untracked 
| 176|0x000000008b000000, 0x000000008b100000, 0x000000008b100000|100%| O|  |TAMS 0x000000008b100000, 0x000000008b000000| Untracked 
| 177|0x000000008b100000, 0x000000008b200000, 0x000000008b200000|100%| O|  |TAMS 0x000000008b200000, 0x000000008b100000| Untracked 
| 178|0x000000008b200000, 0x000000008b300000, 0x000000008b300000|100%| O|  |TAMS 0x000000008b300000, 0x000000008b200000| Untracked 
| 179|0x000000008b300000, 0x000000008b400000, 0x000000008b400000|100%| O|  |TAMS 0x000000008b400000, 0x000000008b300000| Untracked 
| 180|0x000000008b400000, 0x000000008b500000, 0x000000008b500000|100%| O|  |TAMS 0x000000008b500000, 0x000000008b400000| Untracked 
| 181|0x000000008b500000, 0x000000008b600000, 0x000000008b600000|100%| O|  |TAMS 0x000000008b600000, 0x000000008b500000| Complete 
| 182|0x000000008b600000, 0x000000008b700000, 0x000000008b700000|100%| O|  |TAMS 0x000000008b700000, 0x000000008b600000| Complete 
| 183|0x000000008b700000, 0x000000008b800000, 0x000000008b800000|100%| O|  |TAMS 0x000000008b800000, 0x000000008b700000| Untracked 
| 184|0x000000008b800000, 0x000000008b900000, 0x000000008b900000|100%|HS|  |TAMS 0x000000008b800000, 0x000000008b800000| Complete 
| 185|0x000000008b900000, 0x000000008ba00000, 0x000000008ba00000|100%|HS|  |TAMS 0x000000008b900000, 0x000000008b900000| Complete 
| 186|0x000000008ba00000, 0x000000008bb00000, 0x000000008bb00000|100%|HS|  |TAMS 0x000000008ba00000, 0x000000008ba00000| Complete 
| 187|0x000000008bb00000, 0x000000008bb00000, 0x000000008bc00000|  0%| F|  |TAMS 0x000000008bb00000, 0x000000008bb00000| Untracked 
| 188|0x000000008bc00000, 0x000000008bc00000, 0x000000008bd00000|  0%| F|  |TAMS 0x000000008bc00000, 0x000000008bc00000| Untracked 
| 189|0x000000008bd00000, 0x000000008bd00000, 0x000000008be00000|  0%| F|  |TAMS 0x000000008bd00000, 0x000000008bd00000| Untracked 
| 190|0x000000008be00000, 0x000000008be00000, 0x000000008bf00000|  0%| F|  |TAMS 0x000000008be00000, 0x000000008be00000| Untracked 
| 191|0x000000008bf00000, 0x000000008bf00000, 0x000000008c000000|  0%| F|  |TAMS 0x000000008bf00000, 0x000000008bf00000| Untracked 
| 192|0x000000008c000000, 0x000000008c000000, 0x000000008c100000|  0%| F|  |TAMS 0x000000008c000000, 0x000000008c000000| Untracked 
| 193|0x000000008c100000, 0x000000008c100000, 0x000000008c200000|  0%| F|  |TAMS 0x000000008c100000, 0x000000008c100000| Untracked 
| 194|0x000000008c200000, 0x000000008c200000, 0x000000008c300000|  0%| F|  |TAMS 0x000000008c200000, 0x000000008c200000| Untracked 
| 195|0x000000008c300000, 0x000000008c300000, 0x000000008c400000|  0%| F|  |TAMS 0x000000008c300000, 0x000000008c300000| Untracked 
| 196|0x000000008c400000, 0x000000008c400000, 0x000000008c500000|  0%| F|  |TAMS 0x000000008c400000, 0x000000008c400000| Untracked 
| 197|0x000000008c500000, 0x000000008c500000, 0x000000008c600000|  0%| F|  |TAMS 0x000000008c500000, 0x000000008c500000| Untracked 
| 198|0x000000008c600000, 0x000000008c600000, 0x000000008c700000|  0%| F|  |TAMS 0x000000008c600000, 0x000000008c600000| Untracked 
| 199|0x000000008c700000, 0x000000008c700000, 0x000000008c800000|  0%| F|  |TAMS 0x000000008c700000, 0x000000008c700000| Untracked 
| 200|0x000000008c800000, 0x000000008c800000, 0x000000008c900000|  0%| F|  |TAMS 0x000000008c800000, 0x000000008c800000| Untracked 
| 201|0x000000008c900000, 0x000000008c900000, 0x000000008ca00000|  0%| F|  |TAMS 0x000000008c900000, 0x000000008c900000| Untracked 
| 202|0x000000008ca00000, 0x000000008ca00000, 0x000000008cb00000|  0%| F|  |TAMS 0x000000008ca00000, 0x000000008ca00000| Untracked 
| 203|0x000000008cb00000, 0x000000008cb00000, 0x000000008cc00000|  0%| F|  |TAMS 0x000000008cb00000, 0x000000008cb00000| Untracked 
| 204|0x000000008cc00000, 0x000000008cc00000, 0x000000008cd00000|  0%| F|  |TAMS 0x000000008cc00000, 0x000000008cc00000| Untracked 
| 205|0x000000008cd00000, 0x000000008cd00000, 0x000000008ce00000|  0%| F|  |TAMS 0x000000008cd00000, 0x000000008cd00000| Untracked 
| 206|0x000000008ce00000, 0x000000008ce00000, 0x000000008cf00000|  0%| F|  |TAMS 0x000000008ce00000, 0x000000008ce00000| Untracked 
| 207|0x000000008cf00000, 0x000000008cf00000, 0x000000008d000000|  0%| F|  |TAMS 0x000000008cf00000, 0x000000008cf00000| Untracked 
| 208|0x000000008d000000, 0x000000008d000000, 0x000000008d100000|  0%| F|  |TAMS 0x000000008d000000, 0x000000008d000000| Untracked 
| 209|0x000000008d100000, 0x000000008d100000, 0x000000008d200000|  0%| F|  |TAMS 0x000000008d100000, 0x000000008d100000| Untracked 
| 210|0x000000008d200000, 0x000000008d200000, 0x000000008d300000|  0%| F|  |TAMS 0x000000008d200000, 0x000000008d200000| Untracked 
| 211|0x000000008d300000, 0x000000008d300000, 0x000000008d400000|  0%| F|  |TAMS 0x000000008d300000, 0x000000008d300000| Untracked 
| 212|0x000000008d400000, 0x000000008d400000, 0x000000008d500000|  0%| F|  |TAMS 0x000000008d400000, 0x000000008d400000| Untracked 
| 213|0x000000008d500000, 0x000000008d500000, 0x000000008d600000|  0%| F|  |TAMS 0x000000008d500000, 0x000000008d500000| Untracked 
| 214|0x000000008d600000, 0x000000008d600000, 0x000000008d700000|  0%| F|  |TAMS 0x000000008d600000, 0x000000008d600000| Untracked 
| 215|0x000000008d700000, 0x000000008d700000, 0x000000008d800000|  0%| F|  |TAMS 0x000000008d700000, 0x000000008d700000| Untracked 
| 216|0x000000008d800000, 0x000000008d800000, 0x000000008d900000|  0%| F|  |TAMS 0x000000008d800000, 0x000000008d800000| Untracked 
| 217|0x000000008d900000, 0x000000008d900000, 0x000000008da00000|  0%| F|  |TAMS 0x000000008d900000, 0x000000008d900000| Untracked 
| 218|0x000000008da00000, 0x000000008da00000, 0x000000008db00000|  0%| F|  |TAMS 0x000000008da00000, 0x000000008da00000| Untracked 
| 219|0x000000008db00000, 0x000000008db00000, 0x000000008dc00000|  0%| F|  |TAMS 0x000000008db00000, 0x000000008db00000| Untracked 
| 220|0x000000008dc00000, 0x000000008dc00000, 0x000000008dd00000|  0%| F|  |TAMS 0x000000008dc00000, 0x000000008dc00000| Untracked 
| 221|0x000000008dd00000, 0x000000008dd00000, 0x000000008de00000|  0%| F|  |TAMS 0x000000008dd00000, 0x000000008dd00000| Untracked 
| 222|0x000000008de00000, 0x000000008de00000, 0x000000008df00000|  0%| F|  |TAMS 0x000000008de00000, 0x000000008de00000| Untracked 
| 223|0x000000008df00000, 0x000000008df00000, 0x000000008e000000|  0%| F|  |TAMS 0x000000008df00000, 0x000000008df00000| Untracked 
| 224|0x000000008e000000, 0x000000008e000000, 0x000000008e100000|  0%| F|  |TAMS 0x000000008e000000, 0x000000008e000000| Untracked 
| 225|0x000000008e100000, 0x000000008e100000, 0x000000008e200000|  0%| F|  |TAMS 0x000000008e100000, 0x000000008e100000| Untracked 
| 226|0x000000008e200000, 0x000000008e200000, 0x000000008e300000|  0%| F|  |TAMS 0x000000008e200000, 0x000000008e200000| Untracked 
| 227|0x000000008e300000, 0x000000008e300000, 0x000000008e400000|  0%| F|  |TAMS 0x000000008e300000, 0x000000008e300000| Untracked 
| 228|0x000000008e400000, 0x000000008e400000, 0x000000008e500000|  0%| F|  |TAMS 0x000000008e400000, 0x000000008e400000| Untracked 
| 229|0x000000008e500000, 0x000000008e500000, 0x000000008e600000|  0%| F|  |TAMS 0x000000008e500000, 0x000000008e500000| Untracked 
| 230|0x000000008e600000, 0x000000008e600000, 0x000000008e700000|  0%| F|  |TAMS 0x000000008e600000, 0x000000008e600000| Untracked 
| 231|0x000000008e700000, 0x000000008e700000, 0x000000008e800000|  0%| F|  |TAMS 0x000000008e700000, 0x000000008e700000| Untracked 
| 232|0x000000008e800000, 0x000000008e800000, 0x000000008e900000|  0%| F|  |TAMS 0x000000008e800000, 0x000000008e800000| Untracked 
| 233|0x000000008e900000, 0x000000008e900000, 0x000000008ea00000|  0%| F|  |TAMS 0x000000008e900000, 0x000000008e900000| Untracked 
| 234|0x000000008ea00000, 0x000000008ea00000, 0x000000008eb00000|  0%| F|  |TAMS 0x000000008ea00000, 0x000000008ea00000| Untracked 
| 235|0x000000008eb00000, 0x000000008eb00000, 0x000000008ec00000|  0%| F|  |TAMS 0x000000008eb00000, 0x000000008eb00000| Untracked 
| 236|0x000000008ec00000, 0x000000008ec00000, 0x000000008ed00000|  0%| F|  |TAMS 0x000000008ec00000, 0x000000008ec00000| Untracked 
| 237|0x000000008ed00000, 0x000000008ed00000, 0x000000008ee00000|  0%| F|  |TAMS 0x000000008ed00000, 0x000000008ed00000| Untracked 
| 238|0x000000008ee00000, 0x000000008ee00000, 0x000000008ef00000|  0%| F|  |TAMS 0x000000008ee00000, 0x000000008ee00000| Untracked 
| 239|0x000000008ef00000, 0x000000008ef00000, 0x000000008f000000|  0%| F|  |TAMS 0x000000008ef00000, 0x000000008ef00000| Untracked 
| 240|0x000000008f000000, 0x000000008f000000, 0x000000008f100000|  0%| F|  |TAMS 0x000000008f000000, 0x000000008f000000| Untracked 
| 241|0x000000008f100000, 0x000000008f100000, 0x000000008f200000|  0%| F|  |TAMS 0x000000008f100000, 0x000000008f100000| Untracked 
| 242|0x000000008f200000, 0x000000008f200000, 0x000000008f300000|  0%| F|  |TAMS 0x000000008f200000, 0x000000008f200000| Untracked 
| 243|0x000000008f300000, 0x000000008f300000, 0x000000008f400000|  0%| F|  |TAMS 0x000000008f300000, 0x000000008f300000| Untracked 
| 244|0x000000008f400000, 0x000000008f400000, 0x000000008f500000|  0%| F|  |TAMS 0x000000008f400000, 0x000000008f400000| Untracked 
| 245|0x000000008f500000, 0x000000008f500000, 0x000000008f600000|  0%| F|  |TAMS 0x000000008f500000, 0x000000008f500000| Untracked 
| 246|0x000000008f600000, 0x000000008f600000, 0x000000008f700000|  0%| F|  |TAMS 0x000000008f600000, 0x000000008f600000| Untracked 
| 247|0x000000008f700000, 0x000000008f800000, 0x000000008f800000|100%| S|CS|TAMS 0x000000008f700000, 0x000000008f700000| Complete 
| 248|0x000000008f800000, 0x000000008f900000, 0x000000008f900000|100%| S|CS|TAMS 0x000000008f800000, 0x000000008f800000| Complete 
| 249|0x000000008f900000, 0x000000008fa00000, 0x000000008fa00000|100%| S|CS|TAMS 0x000000008f900000, 0x000000008f900000| Complete 
| 250|0x000000008fa00000, 0x000000008fb00000, 0x000000008fb00000|100%| S|CS|TAMS 0x000000008fa00000, 0x000000008fa00000| Complete 
| 251|0x000000008fb00000, 0x000000008fc00000, 0x000000008fc00000|100%| S|CS|TAMS 0x000000008fb00000, 0x000000008fb00000| Complete 
| 252|0x000000008fc00000, 0x000000008fd00000, 0x000000008fd00000|100%| S|CS|TAMS 0x000000008fc00000, 0x000000008fc00000| Complete 
| 253|0x000000008fd00000, 0x000000008fd00000, 0x000000008fe00000|  0%| F|  |TAMS 0x000000008fd00000, 0x000000008fd00000| Untracked 
| 254|0x000000008fe00000, 0x000000008fe00000, 0x000000008ff00000|  0%| F|  |TAMS 0x000000008fe00000, 0x000000008fe00000| Untracked 
| 255|0x000000008ff00000, 0x000000008ff00000, 0x0000000090000000|  0%| F|  |TAMS 0x000000008ff00000, 0x000000008ff00000| Untracked 
| 256|0x0000000090000000, 0x0000000090000000, 0x0000000090100000|  0%| F|  |TAMS 0x0000000090000000, 0x0000000090000000| Untracked 
| 257|0x0000000090100000, 0x0000000090100000, 0x0000000090200000|  0%| F|  |TAMS 0x0000000090100000, 0x0000000090100000| Untracked 
| 258|0x0000000090200000, 0x0000000090200000, 0x0000000090300000|  0%| F|  |TAMS 0x0000000090200000, 0x0000000090200000| Untracked 
| 259|0x0000000090300000, 0x0000000090300000, 0x0000000090400000|  0%| F|  |TAMS 0x0000000090300000, 0x0000000090300000| Untracked 
| 260|0x0000000090400000, 0x0000000090400000, 0x0000000090500000|  0%| F|  |TAMS 0x0000000090400000, 0x0000000090400000| Untracked 
| 261|0x0000000090500000, 0x0000000090500000, 0x0000000090600000|  0%| F|  |TAMS 0x0000000090500000, 0x0000000090500000| Untracked 
| 262|0x0000000090600000, 0x0000000090600000, 0x0000000090700000|  0%| F|  |TAMS 0x0000000090600000, 0x0000000090600000| Untracked 
| 263|0x0000000090700000, 0x0000000090700000, 0x0000000090800000|  0%| F|  |TAMS 0x0000000090700000, 0x0000000090700000| Untracked 
| 264|0x0000000090800000, 0x0000000090800000, 0x0000000090900000|  0%| F|  |TAMS 0x0000000090800000, 0x0000000090800000| Untracked 
| 265|0x0000000090900000, 0x0000000090900000, 0x0000000090a00000|  0%| F|  |TAMS 0x0000000090900000, 0x0000000090900000| Untracked 
| 266|0x0000000090a00000, 0x0000000090a00000, 0x0000000090b00000|  0%| F|  |TAMS 0x0000000090a00000, 0x0000000090a00000| Untracked 
| 267|0x0000000090b00000, 0x0000000090b00000, 0x0000000090c00000|  0%| F|  |TAMS 0x0000000090b00000, 0x0000000090b00000| Untracked 
| 268|0x0000000090c00000, 0x0000000090c00000, 0x0000000090d00000|  0%| F|  |TAMS 0x0000000090c00000, 0x0000000090c00000| Untracked 
| 269|0x0000000090d00000, 0x0000000090d00000, 0x0000000090e00000|  0%| F|  |TAMS 0x0000000090d00000, 0x0000000090d00000| Untracked 
| 270|0x0000000090e00000, 0x0000000090e00000, 0x0000000090f00000|  0%| F|  |TAMS 0x0000000090e00000, 0x0000000090e00000| Untracked 
| 271|0x0000000090f00000, 0x0000000090f00000, 0x0000000091000000|  0%| F|  |TAMS 0x0000000090f00000, 0x0000000090f00000| Untracked 
| 272|0x0000000091000000, 0x0000000091000000, 0x0000000091100000|  0%| F|  |TAMS 0x0000000091000000, 0x0000000091000000| Untracked 
| 273|0x0000000091100000, 0x0000000091100000, 0x0000000091200000|  0%| F|  |TAMS 0x0000000091100000, 0x0000000091100000| Untracked 
| 274|0x0000000091200000, 0x0000000091200000, 0x0000000091300000|  0%| F|  |TAMS 0x0000000091200000, 0x0000000091200000| Untracked 
| 275|0x0000000091300000, 0x0000000091300000, 0x0000000091400000|  0%| F|  |TAMS 0x0000000091300000, 0x0000000091300000| Untracked 
| 276|0x0000000091400000, 0x0000000091400000, 0x0000000091500000|  0%| F|  |TAMS 0x0000000091400000, 0x0000000091400000| Untracked 
| 277|0x0000000091500000, 0x0000000091500000, 0x0000000091600000|  0%| F|  |TAMS 0x0000000091500000, 0x0000000091500000| Untracked 
| 278|0x0000000091600000, 0x0000000091600000, 0x0000000091700000|  0%| F|  |TAMS 0x0000000091600000, 0x0000000091600000| Untracked 
| 279|0x0000000091700000, 0x0000000091700000, 0x0000000091800000|  0%| F|  |TAMS 0x0000000091700000, 0x0000000091700000| Untracked 
| 280|0x0000000091800000, 0x0000000091800000, 0x0000000091900000|  0%| F|  |TAMS 0x0000000091800000, 0x0000000091800000| Untracked 
| 281|0x0000000091900000, 0x0000000091900000, 0x0000000091a00000|  0%| F|  |TAMS 0x0000000091900000, 0x0000000091900000| Untracked 
| 282|0x0000000091a00000, 0x0000000091a00000, 0x0000000091b00000|  0%| F|  |TAMS 0x0000000091a00000, 0x0000000091a00000| Untracked 
| 283|0x0000000091b00000, 0x0000000091b00000, 0x0000000091c00000|  0%| F|  |TAMS 0x0000000091b00000, 0x0000000091b00000| Untracked 
| 284|0x0000000091c00000, 0x0000000091c00000, 0x0000000091d00000|  0%| F|  |TAMS 0x0000000091c00000, 0x0000000091c00000| Untracked 
| 285|0x0000000091d00000, 0x0000000091d00000, 0x0000000091e00000|  0%| F|  |TAMS 0x0000000091d00000, 0x0000000091d00000| Untracked 
| 286|0x0000000091e00000, 0x0000000091e00000, 0x0000000091f00000|  0%| F|  |TAMS 0x0000000091e00000, 0x0000000091e00000| Untracked 
| 287|0x0000000091f00000, 0x0000000091f00000, 0x0000000092000000|  0%| F|  |TAMS 0x0000000091f00000, 0x0000000091f00000| Untracked 
| 288|0x0000000092000000, 0x0000000092000000, 0x0000000092100000|  0%| F|  |TAMS 0x0000000092000000, 0x0000000092000000| Untracked 

Card table byte_map: [0x000000d2481f0000,0x000000d2485f0000] _byte_map_base: 0x000000d247df0000

Marking Bits (Prev, Next): (CMBitMap*) 0x000000d235520fa0, (CMBitMap*) 0x000000d235520f68
 Prev Bits: [0x000000d24a9f0000, 0x000000d24c9f0000)
 Next Bits: [0x000000d2489f0000, 0x000000d24a9f0000)

Polling page: 0x000000d232c60000

Metaspace:

Usage:
  Non-class:     91.83 MB capacity,    90.19 MB ( 98%) used,     1.34 MB (  1%) free+waste,   314.75 KB ( <1%) overhead. 
      Class:     14.15 MB capacity,    13.24 MB ( 94%) used,   788.41 KB (  5%) free+waste,   142.63 KB ( <1%) overhead. 
       Both:    105.98 MB capacity,   103.43 MB ( 98%) used,     2.11 MB (  2%) free+waste,   457.38 KB ( <1%) overhead. 

Virtual space:
  Non-class space:       92.00 MB reserved,      91.95 MB (>99%) committed 
      Class space:        1.00 GB reserved,      14.25 MB (  1%) committed 
             Both:        1.09 GB reserved,     106.20 MB ( 10%) committed 

Chunk freelists:
   Non-Class:  62.00 KB
       Class:  36.00 KB
        Both:  98.00 KB

MaxMetaspaceSize: 17179869184.00 GB
CompressedClassSpaceSize: 1.00 GB

CodeHeap 'non-profiled nmethods': size=120064Kb used=10315Kb max_used=10315Kb free=109748Kb
 bounds [0x000000d2408b0000, 0x000000d2412d0000, 0x000000d247df0000]
CodeHeap 'profiled nmethods': size=120000Kb used=34496Kb max_used=34496Kb free=85503Kb
 bounds [0x000000d239380000, 0x000000d23b540000, 0x000000d2408b0000]
CodeHeap 'non-nmethods': size=5696Kb used=2300Kb max_used=2363Kb free=3395Kb
 bounds [0x000000d238df0000, 0x000000d239060000, 0x000000d239380000]
 total_blobs=15996 nmethods=15084 adapters=823
 compilation: enabled
              stopped_count=0, restarted_count=0
 full_count=0

Compilation events (20 events):
Event: 41.557 Thread 0x000000d24fd27000 16127       3       com.android.tools.r8.graph.a0::equals (55 bytes)
Event: 41.558 Thread 0x000000d24fc86000 16129       4       com.android.tools.r8.graph.n0::b (128 bytes)
Event: 41.558 Thread 0x000000d24fd27000 nmethod 16127 0x000000d23b533190 code [0x000000d23b5333c0, 0x000000d23b533c18]
Event: 41.558 Thread 0x000000d24fd27000 16128       3       com.android.tools.r8.graph.t0$l::equals (34 bytes)
Event: 41.558 Thread 0x000000d24fd27000 nmethod 16128 0x000000d23b533e10 code [0x000000d23b533fe0, 0x000000d23b534398]
Event: 41.560 Thread 0x000000d24fd27000 16132       3       com.android.tools.r8.graph.t0$w::equals (52 bytes)
Event: 41.560 Thread 0x000000d24fd27000 nmethod 16132 0x000000d23b534490 code [0x000000d23b5346a0, 0x000000d23b534e08]
Event: 41.561 Thread 0x000000d24fd27000 16135       3       com.android.tools.r8.graph.t0$n::hashCode (9 bytes)
Event: 41.561 Thread 0x000000d24fd27000 nmethod 16135 0x000000d23b534f90 code [0x000000d23b535140, 0x000000d23b535258]
Event: 41.562 Thread 0x000000d256537000 16130       4       com.android.tools.r8.graph.v1::d (64 bytes)
Event: 41.562 Thread 0x000000d24fd27000 16136       3       com.android.tools.r8.graph.E::c (26 bytes)
Event: 41.562 Thread 0x000000d24fd27000 nmethod 16136 0x000000d23b535310 code [0x000000d23b5354e0, 0x000000d23b535848]
Event: 41.564 Thread 0x000000d24fd27000 16138       3       com.android.tools.r8.graph.D::equals (55 bytes)
Event: 41.565 Thread 0x000000d24fd27000 nmethod 16138 0x000000d23b535910 code [0x000000d23b535b00, 0x000000d23b536118]
Event: 41.566 Thread 0x000000d24fd27000 16139       3       com.android.tools.r8.graph.t0$d::equals (31 bytes)
Event: 41.566 Thread 0x000000d24fd27000 nmethod 16139 0x000000d23b536290 code [0x000000d23b536460, 0x000000d23b536808]
Event: 41.590 Thread 0x000000d256537000 nmethod 16130 0x000000d2412c0610 code [0x000000d2412c0820, 0x000000d2412c11c8]
Event: 41.590 Thread 0x000000d256537000 16140 %     4       com.android.tools.r8.w.a.a.a.h.N::g @ 112 (323 bytes)
Event: 41.613 Thread 0x000000d256537000 nmethod 16140% 0x000000d2412c1a10 code [0x000000d2412c1c20, 0x000000d2412c2ab8]
Event: 41.613 Thread 0x000000d256537000 16134 %     4       com.android.tools.r8.w.a.a.a.h.V0::g @ 74 (323 bytes)

GC Heap History (20 events):
Event: 29.253 GC heap after
{Heap after GC invocations=33 (full 0):
 garbage-first heap   total 233472K, used 155706K [0x0000000080000000, 0x0000000100000000)
  region size 1024K, 1 young (1024K), 1 survivors (1024K)
 Metaspace       used 91501K, capacity 93817K, committed 93904K, reserved 1130496K
  class space    used 11923K, capacity 12775K, committed 12800K, reserved 1048576K
}
Event: 29.429 GC heap before
{Heap before GC invocations=33 (full 0):
 garbage-first heap   total 233472K, used 164922K [0x0000000080000000, 0x0000000100000000)
  region size 1024K, 11 young (11264K), 1 survivors (1024K)
 Metaspace       used 91677K, capacity 94002K, committed 94288K, reserved 1130496K
  class space    used 11944K, capacity 12805K, committed 12928K, reserved 1048576K
}
Event: 29.433 GC heap after
{Heap after GC invocations=34 (full 0):
 garbage-first heap   total 233472K, used 154086K [0x0000000080000000, 0x0000000100000000)
  region size 1024K, 1 young (1024K), 1 survivors (1024K)
 Metaspace       used 91677K, capacity 94002K, committed 94288K, reserved 1130496K
  class space    used 11944K, capacity 12805K, committed 12928K, reserved 1048576K
}
Event: 29.819 GC heap before
{Heap before GC invocations=34 (full 0):
 garbage-first heap   total 233472K, used 182758K [0x0000000080000000, 0x0000000100000000)
  region size 1024K, 31 young (31744K), 1 survivors (1024K)
 Metaspace       used 91988K, capacity 94390K, committed 94544K, reserved 1130496K
  class space    used 11974K, capacity 12847K, committed 12928K, reserved 1048576K
}
Event: 29.826 GC heap after
{Heap after GC invocations=35 (full 0):
 garbage-first heap   total 295936K, used 154369K [0x0000000080000000, 0x0000000100000000)
  region size 1024K, 1 young (1024K), 1 survivors (1024K)
 Metaspace       used 91988K, capacity 94390K, committed 94544K, reserved 1130496K
  class space    used 11974K, capacity 12847K, committed 12928K, reserved 1048576K
}
Event: 31.073 GC heap before
{Heap before GC invocations=36 (full 0):
 garbage-first heap   total 295936K, used 211713K [0x0000000080000000, 0x0000000100000000)
  region size 1024K, 69 young (70656K), 1 survivors (1024K)
 Metaspace       used 92069K, capacity 94458K, committed 94544K, reserved 1130496K
  class space    used 11978K, capacity 12847K, committed 12928K, reserved 1048576K
}
Event: 31.084 GC heap after
{Heap after GC invocations=37 (full 0):
 garbage-first heap   total 295936K, used 147289K [0x0000000080000000, 0x0000000100000000)
  region size 1024K, 6 young (6144K), 6 survivors (6144K)
 Metaspace       used 92069K, capacity 94458K, committed 94544K, reserved 1130496K
  class space    used 11978K, capacity 12847K, committed 12928K, reserved 1048576K
}
Event: 31.254 GC heap before
{Heap before GC invocations=37 (full 0):
 garbage-first heap   total 295936K, used 155481K [0x0000000080000000, 0x0000000100000000)
  region size 1024K, 14 young (14336K), 6 survivors (6144K)
 Metaspace       used 92070K, capacity 94458K, committed 94544K, reserved 1130496K
  class space    used 11978K, capacity 12847K, committed 12928K, reserved 1048576K
}
Event: 31.272 GC heap after
{Heap after GC invocations=38 (full 0):
 garbage-first heap   total 295936K, used 125727K [0x0000000080000000, 0x0000000100000000)
  region size 1024K, 1 young (1024K), 1 survivors (1024K)
 Metaspace       used 92070K, capacity 94458K, committed 94544K, reserved 1130496K
  class space    used 11978K, capacity 12847K, committed 12928K, reserved 1048576K
}
Event: 32.489 GC heap before
{Heap before GC invocations=38 (full 0):
 garbage-first heap   total 295936K, used 213791K [0x0000000080000000, 0x0000000100000000)
  region size 1024K, 87 young (89088K), 1 survivors (1024K)
 Metaspace       used 92999K, capacity 95301K, committed 95440K, reserved 1132544K
  class space    used 12119K, capacity 12959K, committed 13056K, reserved 1048576K
}
Event: 32.494 GC heap after
{Heap after GC invocations=39 (full 0):
 garbage-first heap   total 295936K, used 123596K [0x0000000080000000, 0x0000000100000000)
  region size 1024K, 1 young (1024K), 1 survivors (1024K)
 Metaspace       used 92999K, capacity 95301K, committed 95440K, reserved 1132544K
  class space    used 12119K, capacity 12959K, committed 13056K, reserved 1048576K
}
Event: 36.188 GC heap before
{Heap before GC invocations=39 (full 0):
 garbage-first heap   total 295936K, used 220876K [0x0000000080000000, 0x0000000100000000)
  region size 1024K, 95 young (97280K), 1 survivors (1024K)
 Metaspace       used 101398K, capacity 103835K, committed 104144K, reserved 1138688K
  class space    used 13098K, capacity 13985K, committed 14080K, reserved 1048576K
}
Event: 36.198 GC heap after
{Heap after GC invocations=40 (full 0):
 garbage-first heap   total 295936K, used 129576K [0x0000000080000000, 0x0000000100000000)
  region size 1024K, 5 young (5120K), 5 survivors (5120K)
 Metaspace       used 101398K, capacity 103835K, committed 104144K, reserved 1138688K
  class space    used 13098K, capacity 13985K, committed 14080K, reserved 1048576K
}
Event: 38.072 GC heap before
{Heap before GC invocations=40 (full 0):
 garbage-first heap   total 295936K, used 230952K [0x0000000080000000, 0x0000000100000000)
  region size 1024K, 99 young (101376K), 5 survivors (5120K)
 Metaspace       used 105655K, capacity 108321K, committed 108496K, reserved 1142784K
  class space    used 13569K, capacity 14514K, committed 14592K, reserved 1048576K
}
Event: 38.105 GC heap after
{Heap after GC invocations=41 (full 0):
 garbage-first heap   total 295936K, used 146015K [0x0000000080000000, 0x0000000100000000)
  region size 1024K, 13 young (13312K), 13 survivors (13312K)
 Metaspace       used 105655K, capacity 108321K, committed 108496K, reserved 1142784K
  class space    used 13569K, capacity 14514K, committed 14592K, reserved 1048576K
}
Event: 39.820 GC heap before
{Heap before GC invocations=41 (full 0):
 garbage-first heap   total 295936K, used 245343K [0x0000000080000000, 0x0000000100000000)
  region size 1024K, 95 young (97280K), 13 survivors (13312K)
 Metaspace       used 105935K, capacity 108590K, committed 108752K, reserved 1142784K
  class space    used 13573K, capacity 14515K, committed 14592K, reserved 1048576K
}
Event: 39.902 GC heap after
{Heap after GC invocations=42 (full 0):
 garbage-first heap   total 295936K, used 180224K [0x0000000080000000, 0x0000000100000000)
  region size 1024K, 12 young (12288K), 12 survivors (12288K)
 Metaspace       used 105935K, capacity 108590K, committed 108752K, reserved 1142784K
  class space    used 13573K, capacity 14515K, committed 14592K, reserved 1048576K
}
Event: 40.583 GC heap before
{Heap before GC invocations=42 (full 0):
 garbage-first heap   total 295936K, used 230400K [0x0000000080000000, 0x0000000100000000)
  region size 1024K, 62 young (63488K), 12 survivors (12288K)
 Metaspace       used 105949K, capacity 108593K, committed 108752K, reserved 1142784K
  class space    used 13573K, capacity 14515K, committed 14592K, reserved 1048576K
}
Event: 40.758 GC heap after
{Heap after GC invocations=43 (full 0):
 garbage-first heap   total 295936K, used 200704K [0x0000000080000000, 0x0000000100000000)
  region size 1024K, 8 young (8192K), 8 survivors (8192K)
 Metaspace       used 105949K, capacity 108593K, committed 108752K, reserved 1142784K
  class space    used 13573K, capacity 14515K, committed 14592K, reserved 1048576K
}
Event: 41.615 GC heap before
{Heap before GC invocations=44 (full 0):
 garbage-first heap   total 295936K, used 208896K [0x0000000080000000, 0x0000000100000000)
  region size 1024K, 44 young (45056K), 8 survivors (8192K)
 Metaspace       used 105912K, capacity 108526K, committed 108752K, reserved 1142784K
  class space    used 13560K, capacity 14492K, committed 14592K, reserved 1048576K
}

Deoptimization events (20 events):
Event: 41.553 Thread 0x000000d2562b5800 Uncommon trap: trap_request=0xffffffde fr.pc=0x000000d2410edd44 relative=0x0000000000000184
Event: 41.553 Thread 0x000000d2562b5800 Uncommon trap: reason=class_check action=maybe_recompile pc=0x000000d2410edd44 method=java.util.concurrent.locks.ReentrantReadWriteLock$Sync.tryAcquireShared(I)I @ 33 c2
Event: 41.553 Thread 0x000000d2562b5800 DEOPT PACKING pc=0x000000d2410edd44 sp=0x000000d2611feb70
Event: 41.553 Thread 0x000000d2562b5800 DEOPT UNPACKING pc=0x000000d238e1742f sp=0x000000d2611feb10 mode 2
Event: 41.557 Thread 0x000000d258b3f000 Uncommon trap: trap_request=0xffffffbe fr.pc=0x000000d2412b1154 relative=0x0000000000000834
Event: 41.557 Thread 0x000000d258b3f000 Uncommon trap: reason=profile_predicate action=maybe_recompile pc=0x000000d2412b1154 method=com.android.tools.r8.graph.v1.d(Ljava/util/function/Function;)Lcom/android/tools/r8/utils/t1; @ 21 c2
Event: 41.557 Thread 0x000000d258b3f000 DEOPT PACKING pc=0x000000d2412b1154 sp=0x000000d26d38e760
Event: 41.557 Thread 0x000000d258b3f000 DEOPT UNPACKING pc=0x000000d238e1742f sp=0x000000d26d38e758 mode 2
Event: 41.557 Thread 0x000000d258b3f000 Uncommon trap: trap_request=0xffffffbe fr.pc=0x000000d2412b1154 relative=0x0000000000000834
Event: 41.557 Thread 0x000000d258b3f000 Uncommon trap: reason=profile_predicate action=maybe_recompile pc=0x000000d2412b1154 method=com.android.tools.r8.graph.v1.d(Ljava/util/function/Function;)Lcom/android/tools/r8/utils/t1; @ 21 c2
Event: 41.557 Thread 0x000000d258b3f000 DEOPT PACKING pc=0x000000d2412b1154 sp=0x000000d26d38e760
Event: 41.557 Thread 0x000000d258b3f000 DEOPT UNPACKING pc=0x000000d238e1742f sp=0x000000d26d38e758 mode 2
Event: 41.557 Thread 0x000000d258b3f000 Uncommon trap: trap_request=0xffffffbe fr.pc=0x000000d2412b1154 relative=0x0000000000000834
Event: 41.557 Thread 0x000000d258b3f000 Uncommon trap: reason=profile_predicate action=maybe_recompile pc=0x000000d2412b1154 method=com.android.tools.r8.graph.v1.d(Ljava/util/function/Function;)Lcom/android/tools/r8/utils/t1; @ 21 c2
Event: 41.557 Thread 0x000000d258b3f000 DEOPT PACKING pc=0x000000d2412b1154 sp=0x000000d26d38e760
Event: 41.557 Thread 0x000000d258b3f000 DEOPT UNPACKING pc=0x000000d238e1742f sp=0x000000d26d38e758 mode 2
Event: 41.558 Thread 0x000000d258b3f000 Uncommon trap: trap_request=0xffffffbe fr.pc=0x000000d2412b1154 relative=0x0000000000000834
Event: 41.558 Thread 0x000000d258b3f000 Uncommon trap: reason=profile_predicate action=maybe_recompile pc=0x000000d2412b1154 method=com.android.tools.r8.graph.v1.d(Ljava/util/function/Function;)Lcom/android/tools/r8/utils/t1; @ 21 c2
Event: 41.558 Thread 0x000000d258b3f000 DEOPT PACKING pc=0x000000d2412b1154 sp=0x000000d26d38e760
Event: 41.558 Thread 0x000000d258b3f000 DEOPT UNPACKING pc=0x000000d238e1742f sp=0x000000d26d38e758 mode 2

Classes redefined (0 events):
No events

Internal exceptions (20 events):
Event: 37.880 Thread 0x000000d261eea800 Exception <a 'sun/nio/fs/WindowsException'{0x000000008c777900}> (0x000000008c777900) thrown at [./src/hotspot/share/prims/jni.cpp, line 615]
Event: 37.880 Thread 0x000000d261eea800 Exception <a 'sun/nio/fs/WindowsException'{0x000000008c7785f0}> (0x000000008c7785f0) thrown at [./src/hotspot/share/prims/jni.cpp, line 615]
Event: 37.880 Thread 0x000000d261eea800 Exception <a 'sun/nio/fs/WindowsException'{0x000000008c778748}> (0x000000008c778748) thrown at [./src/hotspot/share/prims/jni.cpp, line 615]
Event: 37.880 Thread 0x000000d261eea800 Exception <a 'sun/nio/fs/WindowsException'{0x000000008c779428}> (0x000000008c779428) thrown at [./src/hotspot/share/prims/jni.cpp, line 615]
Event: 37.941 Thread 0x000000d2562b7000 Exception <a 'sun/nio/fs/WindowsException'{0x000000008c5854b8}> (0x000000008c5854b8) thrown at [./src/hotspot/share/prims/jni.cpp, line 615]
Event: 37.941 Thread 0x000000d2562b7000 Exception <a 'sun/nio/fs/WindowsException'{0x000000008c585c40}> (0x000000008c585c40) thrown at [./src/hotspot/share/prims/jni.cpp, line 615]
Event: 37.942 Thread 0x000000d2562b7000 Exception <a 'sun/nio/fs/WindowsException'{0x000000008c585da8}> (0x000000008c585da8) thrown at [./src/hotspot/share/prims/jni.cpp, line 615]
Event: 37.942 Thread 0x000000d2562b7000 Exception <a 'sun/nio/fs/WindowsException'{0x000000008c586a98}> (0x000000008c586a98) thrown at [./src/hotspot/share/prims/jni.cpp, line 615]
Event: 37.976 Thread 0x000000d261eea800 Exception <a 'sun/nio/fs/WindowsException'{0x000000008c77abf0}> (0x000000008c77abf0) thrown at [./src/hotspot/share/prims/jni.cpp, line 615]
Event: 38.108 Thread 0x000000d2562b7000 Exception <a 'sun/nio/fs/WindowsException'{0x00000000920a24e0}> (0x00000000920a24e0) thrown at [./src/hotspot/share/prims/jni.cpp, line 615]
Event: 38.282 Thread 0x000000d2562b7000 Exception <a 'sun/nio/fs/WindowsException'{0x00000000920ebf40}> (0x00000000920ebf40) thrown at [./src/hotspot/share/prims/jni.cpp, line 615]
Event: 38.318 Thread 0x000000d261eea800 Exception <a 'sun/nio/fs/WindowsException'{0x0000000091c423d8}> (0x0000000091c423d8) thrown at [./src/hotspot/share/prims/jni.cpp, line 615]
Event: 38.349 Thread 0x000000d2562b7000 Exception <a 'sun/nio/fs/WindowsException'{0x00000000920f4388}> (0x00000000920f4388) thrown at [./src/hotspot/share/prims/jni.cpp, line 615]
Event: 38.492 Thread 0x000000d2562b7000 Exception <a 'sun/nio/fs/WindowsException'{0x00000000920fc4b0}> (0x00000000920fc4b0) thrown at [./src/hotspot/share/prims/jni.cpp, line 615]
Event: 38.495 Thread 0x000000d261eea800 Exception <a 'sun/nio/fs/WindowsException'{0x0000000091c4c260}> (0x0000000091c4c260) thrown at [./src/hotspot/share/prims/jni.cpp, line 615]
Event: 38.531 Thread 0x000000d261eea800 Exception <a 'sun/nio/fs/WindowsException'{0x0000000090984a28}> (0x0000000090984a28) thrown at [./src/hotspot/share/prims/jni.cpp, line 615]
Event: 38.536 Thread 0x000000d261eea800 Exception <a 'sun/nio/fs/WindowsException'{0x000000009098b688}> (0x000000009098b688) thrown at [./src/hotspot/share/prims/jni.cpp, line 615]
Event: 38.542 Thread 0x000000d261eea800 Exception <a 'sun/nio/fs/WindowsException'{0x0000000090992438}> (0x0000000090992438) thrown at [./src/hotspot/share/prims/jni.cpp, line 615]
Event: 38.544 Thread 0x000000d261eea800 Exception <a 'sun/nio/fs/WindowsException'{0x000000009099b010}> (0x000000009099b010) thrown at [./src/hotspot/share/prims/jni.cpp, line 615]
Event: 38.973 Thread 0x000000d2562b7000 Exception <a 'sun/nio/fs/WindowsException'{0x00000000902dfcf0}> (0x00000000902dfcf0) thrown at [./src/hotspot/share/prims/jni.cpp, line 615]

Events (20 events):
Event: 39.992 loading class com/android/tools/r8/s/a/a/a/r
Event: 39.992 loading class com/android/tools/r8/s/a/a/a/r done
Event: 40.293 Executing VM operation: RevokeBias
Event: 40.293 Executing VM operation: RevokeBias done
Event: 40.327 Executing VM operation: RevokeBias
Event: 40.328 Executing VM operation: RevokeBias done
Event: 40.373 Executing VM operation: RevokeBias
Event: 40.374 Executing VM operation: RevokeBias done
Event: 40.583 Executing VM operation: G1CollectForAllocation
Event: 40.758 Executing VM operation: G1CollectForAllocation done
Event: 40.967 Executing VM operation: RevokeBias
Event: 40.967 Executing VM operation: RevokeBias done
Event: 40.969 Thread 0x000000d261eea800 Thread exited: 0x000000d261eea800
Event: 41.200 Executing VM operation: CGC_Operation
Event: 41.230 Executing VM operation: CGC_Operation done
Event: 41.450 Executing VM operation: CGC_Operation
Event: 41.450 Executing VM operation: CGC_Operation done
Event: 41.492 Thread 0x000000d256537000 Thread exited: 0x000000d256537000
Event: 41.561 Thread 0x000000d256537000 Thread added: 0x000000d256537000
Event: 41.615 Executing VM operation: G1CollectForAllocation


Dynamic libraries:
0x00007ff72c5f0000 - 0x00007ff72c5fa000 	C:\Program Files\Android\Android Studio1\jre\bin\java.exe
0x00007fffd9bc0000 - 0x00007fffd9d6d000 	C:\Windows\SYSTEM32\ntdll.dll
0x00007fffd9760000 - 0x00007fffd989f000 	C:\Windows\system32\KERNEL32.DLL
0x00007fffbb490000 - 0x00007fffbb4a5000 	C:\Program Files\Avast Software\Avast\aswhook.dll
0x00007fffd7120000 - 0x00007fffd7235000 	C:\Windows\system32\KERNELBASE.dll
0x00007fffca160000 - 0x00007fffca179000 	C:\Program Files\Android\Android Studio1\jre\bin\jli.dll
0x00007fffc99e0000 - 0x00007fffc99f7000 	C:\Program Files\Android\Android Studio1\jre\bin\VCRUNTIME140.dll
0x00007fffb8500000 - 0x00007fffb8504000 	C:\Windows\SYSTEM32\api-ms-win-crt-stdio-l1-1-0.dll
0x00007fffb73f0000 - 0x00007fffb73f4000 	C:\Windows\SYSTEM32\api-ms-win-crt-runtime-l1-1-0.dll
0x00007fffa93f0000 - 0x00007fffa93f3000 	C:\Windows\SYSTEM32\api-ms-win-crt-environment-l1-1-0.dll
0x00007fffa9100000 - 0x00007fffa9105000 	C:\Windows\SYSTEM32\api-ms-win-crt-math-l1-1-0.dll
0x00007fffa77a0000 - 0x00007fffa77a3000 	C:\Windows\SYSTEM32\api-ms-win-crt-locale-l1-1-0.dll
0x00007fffa8410000 - 0x00007fffa8413000 	C:\Windows\SYSTEM32\api-ms-win-crt-heap-l1-1-0.dll
0x00007fffd4b50000 - 0x00007fffd4dcb000 	C:\Windows\WinSxS\amd64_microsoft.windows.common-controls_6595b64144ccf1df_6.0.9600.19394_none_62486577ecb635cf\COMCTL32.dll
0x00007fffd74d0000 - 0x00007fffd7647000 	C:\Windows\system32\USER32.dll
0x00007fffa90f0000 - 0x00007fffa90f3000 	C:\Windows\SYSTEM32\api-ms-win-crt-filesystem-l1-1-0.dll
0x00007fffb74a0000 - 0x00007fffb74a4000 	C:\Windows\SYSTEM32\api-ms-win-crt-string-l1-1-0.dll
0x00007fffb7120000 - 0x00007fffb7124000 	C:\Windows\SYSTEM32\api-ms-win-crt-convert-l1-1-0.dll
0x00007fffd9240000 - 0x00007fffd92ea000 	C:\Windows\system32\msvcrt.dll
0x00007fffd9030000 - 0x00007fffd917e000 	C:\Windows\system32\GDI32.dll
0x00007fffa5890000 - 0x00007fffa5984000 	C:\Windows\SYSTEM32\ucrtbase.DLL
0x00007fffd8ff0000 - 0x00007fffd9026000 	C:\Windows\system32\IMM32.DLL
0x00007fffd7310000 - 0x00007fffd7461000 	C:\Windows\system32\MSCTF.dll
0x00007fffd6cc0000 - 0x00007fffd6cf0000 	C:\Windows\system32\nvinitx.dll
0x00007fffd6c90000 - 0x00007fffd6c9a000 	C:\Windows\SYSTEM32\VERSION.dll
0x00007fffd9650000 - 0x00007fffd96fa000 	C:\Windows\system32\ADVAPI32.dll
0x00007fffd9700000 - 0x00007fffd9758000 	C:\Windows\SYSTEM32\sechost.dll
0x00007fffd7840000 - 0x00007fffd797a000 	C:\Windows\system32\RPCRT4.dll
0x00007fffd7040000 - 0x00007fffd706e000 	C:\Windows\system32\SspiCli.dll
0x000000005a0c0000 - 0x000000005a0c6000 	C:\Program Files\NVIDIA Corporation\CoProcManager\_etoured.dll
0x00007fffd2190000 - 0x00007fffd21c8000 	C:\Program Files\NVIDIA Corporation\CoProcManager\nvd3d9wrapx.dll
0x00007fffd7650000 - 0x00007fffd782a000 	C:\Windows\system32\SETUPAPI.dll
0x00007fffd6db0000 - 0x00007fffd6dff000 	C:\Windows\system32\CFGMGR32.dll
0x00007fffd2160000 - 0x00007fffd2184000 	C:\Program Files\NVIDIA Corporation\CoProcManager\nvdxgiwrapx.dll
0x00007fffac260000 - 0x00007fffac2fd000 	C:\Program Files\Android\Android Studio1\jre\bin\msvcp140.dll
0x00007fffb9050000 - 0x00007fffb9055000 	C:\Windows\SYSTEM32\api-ms-win-crt-multibyte-l1-1-0.dll
0x00007fffa8420000 - 0x00007fffa8423000 	C:\Windows\SYSTEM32\api-ms-win-crt-time-l1-1-0.dll
0x00007fffa9220000 - 0x00007fffa9223000 	C:\Windows\SYSTEM32\api-ms-win-crt-utility-l1-1-0.dll
0x00007fffa8430000 - 0x00007fffa8eec000 	C:\Program Files\Android\Android Studio1\jre\bin\server\jvm.dll
0x00007fffcfa60000 - 0x00007fffcfa69000 	C:\Windows\SYSTEM32\WSOCK32.dll
0x00007fffd0f00000 - 0x00007fffd0f22000 	C:\Windows\SYSTEM32\WINMM.dll
0x00007fffd9ac0000 - 0x00007fffd9ac7000 	C:\Windows\system32\PSAPI.DLL
0x00007fffd8ed0000 - 0x00007fffd8f2a000 	C:\Windows\system32\WS2_32.dll
0x00007fffd0840000 - 0x00007fffd086a000 	C:\Windows\SYSTEM32\WINMMBASE.dll
0x00007fffd7980000 - 0x00007fffd7989000 	C:\Windows\system32\NSI.dll
0x00007fffd5ad0000 - 0x00007fffd5af8000 	C:\Windows\SYSTEM32\DEVOBJ.dll
0x00007fffa83f0000 - 0x00007fffa8401000 	C:\Program Files\Android\Android Studio1\jre\bin\verify.dll
0x00007fffd39f0000 - 0x00007fffd3b79000 	C:\Windows\SYSTEM32\DBGHELP.DLL
0x00007fffa83c0000 - 0x00007fffa83e9000 	C:\Program Files\Android\Android Studio1\jre\bin\java.dll
0x00007fffa83b0000 - 0x00007fffa83bb000 	C:\Program Files\Android\Android Studio1\jre\bin\jimage.dll
0x00007fffa8390000 - 0x00007fffa83a8000 	C:\Program Files\Android\Android Studio1\jre\bin\zip.dll
0x00007fffd79a0000 - 0x00007fffd8ece000 	C:\Windows\system32\SHELL32.dll
0x00007fffd98a0000 - 0x00007fffd9ab1000 	C:\Windows\SYSTEM32\combase.dll
0x00007fffd72b0000 - 0x00007fffd7304000 	C:\Windows\system32\SHLWAPI.dll
0x00007fffd57c0000 - 0x00007fffd5872000 	C:\Windows\SYSTEM32\SHCORE.dll
0x00007fffd6ca0000 - 0x00007fffd6cb5000 	C:\Windows\SYSTEM32\profapi.dll
0x00007fffa77e0000 - 0x00007fffa77fa000 	C:\Program Files\Android\Android Studio1\jre\bin\net.dll
0x00007fffcca50000 - 0x00007fffccb19000 	C:\Windows\SYSTEM32\WINHTTP.dll
0x00007fffd64e0000 - 0x00007fffd6539000 	C:\Windows\system32\mswsock.dll
0x00007fffa77c0000 - 0x00007fffa77d4000 	C:\Program Files\Android\Android Studio1\jre\bin\nio.dll
0x00007fffacea0000 - 0x00007fffacec7000 	C:\Users\Admin\.gradle\native\fdc75f09e3144964f2cf3f50f0aa648679c211496f362492102eb8c894070792\windows-amd64\native-platform.dll
0x00007fffacd00000 - 0x00007ffface96000 	C:\Users\Admin\.gradle\native\12488b8bf47d2d4c9fbf2f6322a914ad602e24e48041cd04a747c6da556b65c4\windows-amd64\native-platform-file-events.dll
0x00007fffa8380000 - 0x00007fffa838a000 	C:\Program Files\Android\Android Studio1\jre\bin\management.dll
0x00007fffa77b0000 - 0x00007fffa77bc000 	C:\Program Files\Android\Android Studio1\jre\bin\management_ext.dll
0x00007fffd6540000 - 0x00007fffd6560000 	C:\Windows\SYSTEM32\CRYPTSP.dll
0x00007fffd6160000 - 0x00007fffd6196000 	C:\Windows\system32\rsaenh.dll
0x00007fffd6780000 - 0x00007fffd67a6000 	C:\Windows\SYSTEM32\bcrypt.dll
0x00007fffd6270000 - 0x00007fffd6291000 	C:\Windows\SYSTEM32\USERENV.dll
0x00007fffd6aa0000 - 0x00007fffd6b03000 	C:\Windows\system32\bcryptprimitives.dll
0x00007fffd6b10000 - 0x00007fffd6b1b000 	C:\Windows\SYSTEM32\CRYPTBASE.dll
0x00007fffd0870000 - 0x00007fffd089a000 	C:\Windows\SYSTEM32\IPHLPAPI.DLL
0x00007fffd07e0000 - 0x00007fffd07ea000 	C:\Windows\SYSTEM32\WINNSI.DLL
0x00007fffd0330000 - 0x00007fffd0346000 	C:\Windows\SYSTEM32\dhcpcsvc6.DLL
0x00007fffd04f0000 - 0x00007fffd050a000 	C:\Windows\SYSTEM32\dhcpcsvc.DLL

dbghelp: loaded successfully - version: 4.0.5 - missing functions: none
symbol engine: initialized successfully - sym options: 0x614 - pdb path: .;C:\Program Files\Android\Android Studio1\jre\bin;C:\Windows\SYSTEM32;C:\Program Files\Avast Software\Avast;C:\Windows\WinSxS\amd64_microsoft.windows.common-controls_6595b64144ccf1df_6.0.9600.19394_none_62486577ecb635cf;C:\Program Files\NVIDIA Corporation\CoProcManager;C:\Program Files\Android\Android Studio1\jre\bin\server;C:\Users\Admin\.gradle\native\fdc75f09e3144964f2cf3f50f0aa648679c211496f362492102eb8c894070792\windows-amd64;C:\Users\Admin\.gradle\native\12488b8bf47d2d4c9fbf2f6322a914ad602e24e48041cd04a747c6da556b65c4\windows-amd64

VM Arguments:
jvm_args: --add-opens=java.base/java.util=ALL-UNNAMED --add-opens=java.base/java.lang=ALL-UNNAMED --add-opens=java.base/java.lang.invoke=ALL-UNNAMED --add-opens=java.prefs/java.util.prefs=ALL-UNNAMED -Xmx2048m -Dfile.encoding=UTF-8 -Duser.country=RU -Duser.language=ru -Duser.variant 
java_command: org.gradle.launcher.daemon.bootstrap.GradleDaemon 6.7.1
java_class_path (initial): C:\Users\Admin\.gradle\wrapper\dists\gradle-6.7.1-bin\bwlcbys1h7rz3272sye1xwiv6\gradle-6.7.1\lib\gradle-launcher-6.7.1.jar
Launcher Type: SUN_STANDARD

[Global flags]
     intx CICompilerCount                          = 3                                         {product} {ergonomic}
     uint ConcGCThreads                            = 1                                         {product} {ergonomic}
     uint G1ConcRefinementThreads                  = 4                                         {product} {ergonomic}
   size_t G1HeapRegionSize                         = 1048576                                   {product} {ergonomic}
    uintx GCDrainStackTargetSize                   = 64                                        {product} {ergonomic}
   size_t InitialHeapSize                          = 132120576                                 {product} {ergonomic}
   size_t MarkStackSize                            = 4194304                                   {product} {ergonomic}
   size_t MaxHeapSize                              = 2147483648                                {product} {command line}
   size_t MaxNewSize                               = 1287651328                                {product} {ergonomic}
   size_t MinHeapDeltaBytes                        = 1048576                                   {product} {ergonomic}
    uintx NonNMethodCodeHeapSize                   = 5830732                                {pd product} {ergonomic}
    uintx NonProfiledCodeHeapSize                  = 122913754                              {pd product} {ergonomic}
    uintx ProfiledCodeHeapSize                     = 122913754                              {pd product} {ergonomic}
    uintx ReservedCodeCacheSize                    = 251658240                              {pd product} {ergonomic}
     bool SegmentedCodeCache                       = true                                      {product} {ergonomic}
     bool UseCompressedClassPointers               = true                                 {lp64_product} {ergonomic}
     bool UseCompressedOops                        = true                                 {lp64_product} {ergonomic}
     bool UseG1GC                                  = true                                      {product} {ergonomic}
     bool UseLargePagesIndividualAllocation        = false                                  {pd product} {ergonomic}

Logging:
Log output configuration:
 #0: stdout all=warning uptime,level,tags
 #1: stderr all=off uptime,level,tags

Environment Variables:
PATH=C:\Program Files\Android\Android Studio\jre
USERNAME=Admin
OS=Windows_NT
PROCESSOR_IDENTIFIER=Intel64 Family 6 Model 58 Stepping 9, GenuineIntel



---------------  S Y S T E M  ---------------

OS: Windows 8.1 , 64 bit Build 9600 (6.3.9600.20062)
OS uptime: 1 days 2:49 hours

CPU:total 4 (initial active 4) (2 cores per cpu, 2 threads per core) family 6 model 58 stepping 9, cmov, cx8, fxsr, mmx, sse, sse2, sse3, ssse3, sse4.1, sse4.2, popcnt, avx, aes, clmul, erms, ht, tsc, tscinvbit, tscinv

Memory: 4k page, system-wide physical 8010M (823M free)
TotalPageFile size 10058M (AvailPageFile size 144M)
current process WorkingSet (physical memory assigned to process): 612M, peak: 639M
current process commit charge ("private bytes"): 642M, peak: 831M

vm_info: OpenJDK 64-Bit Server VM (11.0.8+10-b944.6842174) for windows-amd64 JRE (11.0.8+10-b944.6842174), built on Sep 19 2020 01:11:42 by "builder" with MS VC++ 14.0 (VS2015)

END.
